<?xml version="1.0" encoding="UTF-8"?>
<!-- Generated by org.testng.reporters.JUnitXMLReporter -->
<testsuite ignored="0" hostname="DESKTOP-H18LJUU" failures="6" tests="65" name="All DemoQA Tests" time="153.13" errors="0" timestamp="2026-02-23T09:51:52 EET">
  <testcase classname="tests.PracticeFormTest" name="@BeforeMethod setup" time="3.263">
    <failure type="java.lang.ClassCastException" message="class java.lang.ThreadLocal cannot be cast to class org.openqa.selenium.JavascriptExecutor (java.lang.ThreadLocal is in module java.base of loader &amp;apos;bootstrap&amp;apos;; org.openqa.selenium.JavascriptExecutor is in unnamed module of loader &amp;apos;app&amp;apos;)">
      <![CDATA[java.lang.ClassCastException: class java.lang.ThreadLocal cannot be cast to class org.openqa.selenium.JavascriptExecutor (java.lang.ThreadLocal is in module java.base of loader 'bootstrap'; org.openqa.selenium.JavascriptExecutor is in unnamed module of loader 'app')
at base.BaseSetup.NavigateForms(BaseSetup.java:25)
at pages.PracticeForm.openPracticeForm(PracticeForm.java:13)
at tests.PracticeFormTest.setup(PracticeFormTest.java:12)
at java.base/java.util.concurrent.Executors$RunnableAdapter.call(Executors.java:572)
at java.base/java.util.concurrent.FutureTask.run(FutureTask.java:317)
at java.base/java.util.concurrent.ThreadPoolExecutor.runWorker(ThreadPoolExecutor.java:1144)
at java.base/java.util.concurrent.ThreadPoolExecutor$Worker.run(ThreadPoolExecutor.java:642)
at java.base/java.lang.Thread.run(Thread.java:1575)
... Removed 15 stack frames]]>
    </failure>
  </testcase> <!-- @BeforeMethod setup -->
  <testcase classname="tests.PracticeFormTest" name="@AfterMethod quitDemoQA" time="0.0">
    <skipped/>
  </testcase> <!-- @AfterMethod quitDemoQA -->
  <testcase classname="tests.PracticeFormTest" name="@BeforeMethod setup" time="0.0">
    <skipped/>
  </testcase> <!-- @BeforeMethod setup -->
  <testcase classname="tests.PracticeFormTest" name="@AfterMethod quitDemoQA" time="0.0">
    <skipped/>
  </testcase> <!-- @AfterMethod quitDemoQA -->
  <testcase classname="tests.PracticeFormTest" name="@BeforeMethod setup" time="0.0">
    <skipped/>
  </testcase> <!-- @BeforeMethod setup -->
  <testcase classname="tests.PracticeFormTest" name="@AfterMethod quitDemoQA" time="0.0">
    <skipped/>
  </testcase> <!-- @AfterMethod quitDemoQA -->
  <testcase classname="tests.PracticeFormTest" name="@BeforeMethod setup" time="0.0">
    <skipped/>
  </testcase> <!-- @BeforeMethod setup -->
  <testcase classname="tests.PracticeFormTest" name="@AfterMethod quitDemoQA" time="0.0">
    <skipped/>
  </testcase> <!-- @AfterMethod quitDemoQA -->
  <testcase classname="tests.PracticeFormTest" name="@BeforeMethod setup" time="0.0">
    <skipped/>
  </testcase> <!-- @BeforeMethod setup -->
  <testcase classname="tests.PracticeFormTest" name="@AfterMethod quitDemoQA" time="0.0">
    <skipped/>
  </testcase> <!-- @AfterMethod quitDemoQA -->
  <testcase classname="tests.PracticeFormTest" name="@BeforeMethod setup" time="0.0">
    <skipped/>
  </testcase> <!-- @BeforeMethod setup -->
  <testcase classname="tests.PracticeFormTest" name="@AfterMethod quitDemoQA" time="0.0">
    <skipped/>
  </testcase> <!-- @AfterMethod quitDemoQA -->
  <testcase classname="tests.PracticeFormTest" name="@BeforeMethod setup" time="0.0">
    <skipped/>
  </testcase> <!-- @BeforeMethod setup -->
  <testcase classname="tests.PracticeFormTest" name="@AfterMethod quitDemoQA" time="0.0">
    <skipped/>
  </testcase> <!-- @AfterMethod quitDemoQA -->
  <testcase classname="tests.PracticeFormTest" name="@BeforeMethod setup" time="0.0">
    <skipped/>
  </testcase> <!-- @BeforeMethod setup -->
  <testcase classname="tests.PracticeFormTest" name="@AfterMethod quitDemoQA" time="0.0">
    <skipped/>
  </testcase> <!-- @AfterMethod quitDemoQA -->
  <testcase classname="tests.PracticeFormTest" name="@BeforeMethod setup" time="0.0">
    <skipped/>
  </testcase> <!-- @BeforeMethod setup -->
  <testcase classname="tests.PracticeFormTest" name="@AfterMethod quitDemoQA" time="0.0">
    <skipped/>
  </testcase> <!-- @AfterMethod quitDemoQA -->
  <testcase classname="tests.PracticeFormTest" name="@BeforeMethod setup" time="0.0">
    <skipped/>
  </testcase> <!-- @BeforeMethod setup -->
  <testcase classname="tests.PracticeFormTest" name="@AfterMethod quitDemoQA" time="0.0">
    <skipped/>
  </testcase> <!-- @AfterMethod quitDemoQA -->
  <testcase classname="tests.PracticeFormTest" name="@BeforeMethod setup" time="0.0">
    <skipped/>
  </testcase> <!-- @BeforeMethod setup -->
  <testcase classname="tests.PracticeFormTest" name="@AfterMethod quitDemoQA" time="0.0">
    <skipped/>
  </testcase> <!-- @AfterMethod quitDemoQA -->
  <testcase classname="tests.PracticeFormTest" name="@BeforeMethod setup" time="0.0">
    <skipped/>
  </testcase> <!-- @BeforeMethod setup -->
  <testcase classname="tests.PracticeFormTest" name="@AfterMethod quitDemoQA" time="0.0">
    <skipped/>
  </testcase> <!-- @AfterMethod quitDemoQA -->
  <testcase classname="tests.PracticeFormTest" name="@BeforeMethod setup" time="0.0">
    <skipped/>
  </testcase> <!-- @BeforeMethod setup -->
  <testcase classname="tests.PracticeFormTest" name="@AfterMethod quitDemoQA" time="0.0">
    <skipped/>
  </testcase> <!-- @AfterMethod quitDemoQA -->
  <testcase classname="tests.PracticeFormTest" name="@BeforeMethod setup" time="0.0">
    <skipped/>
  </testcase> <!-- @BeforeMethod setup -->
  <testcase classname="tests.PracticeFormTest" name="@AfterMethod quitDemoQA" time="0.0">
    <skipped/>
  </testcase> <!-- @AfterMethod quitDemoQA -->
  <testcase classname="tests.PracticeFormTest" name="@BeforeMethod setup" time="0.0">
    <skipped/>
  </testcase> <!-- @BeforeMethod setup -->
  <testcase classname="tests.PracticeFormTest" name="@AfterMethod quitDemoQA" time="0.0">
    <skipped/>
  </testcase> <!-- @AfterMethod quitDemoQA -->
  <testcase classname="tests.PracticeFormTest" name="@BeforeMethod setup" time="0.0">
    <skipped/>
  </testcase> <!-- @BeforeMethod setup -->
  <testcase classname="tests.PracticeFormTest" name="@AfterMethod quitDemoQA" time="0.0">
    <skipped/>
  </testcase> <!-- @AfterMethod quitDemoQA -->
  <testcase classname="tests.PracticeFormTest" name="@BeforeMethod setup" time="3.276">
    <failure type="java.lang.ClassCastException" message="class java.lang.ThreadLocal cannot be cast to class org.openqa.selenium.JavascriptExecutor (java.lang.ThreadLocal is in module java.base of loader &amp;apos;bootstrap&amp;apos;; org.openqa.selenium.JavascriptExecutor is in unnamed module of loader &amp;apos;app&amp;apos;)">
      <![CDATA[java.lang.ClassCastException: class java.lang.ThreadLocal cannot be cast to class org.openqa.selenium.JavascriptExecutor (java.lang.ThreadLocal is in module java.base of loader 'bootstrap'; org.openqa.selenium.JavascriptExecutor is in unnamed module of loader 'app')
at base.BaseSetup.NavigateForms(BaseSetup.java:25)
at pages.PracticeForm.openPracticeForm(PracticeForm.java:13)
at tests.PracticeFormTest.setup(PracticeFormTest.java:12)
at java.base/java.util.concurrent.Executors$RunnableAdapter.call(Executors.java:572)
at java.base/java.util.concurrent.FutureTask.run(FutureTask.java:317)
at java.base/java.util.concurrent.ThreadPoolExecutor.runWorker(ThreadPoolExecutor.java:1144)
at java.base/java.util.concurrent.ThreadPoolExecutor$Worker.run(ThreadPoolExecutor.java:642)
at java.base/java.lang.Thread.run(Thread.java:1575)
... Removed 15 stack frames]]>
    </failure>
  </testcase> <!-- @BeforeMethod setup -->
  <testcase classname="tests.PracticeFormTest" name="@AfterMethod quitDemoQA" time="0.0">
    <skipped/>
  </testcase> <!-- @AfterMethod quitDemoQA -->
  <testcase classname="tests.PracticeFormTest" name="@BeforeMethod setup" time="3.496">
    <failure type="java.lang.ClassCastException" message="class java.lang.ThreadLocal cannot be cast to class org.openqa.selenium.JavascriptExecutor (java.lang.ThreadLocal is in module java.base of loader &amp;apos;bootstrap&amp;apos;; org.openqa.selenium.JavascriptExecutor is in unnamed module of loader &amp;apos;app&amp;apos;)">
      <![CDATA[java.lang.ClassCastException: class java.lang.ThreadLocal cannot be cast to class org.openqa.selenium.JavascriptExecutor (java.lang.ThreadLocal is in module java.base of loader 'bootstrap'; org.openqa.selenium.JavascriptExecutor is in unnamed module of loader 'app')
at base.BaseSetup.NavigateForms(BaseSetup.java:25)
at pages.PracticeForm.openPracticeForm(PracticeForm.java:13)
at tests.PracticeFormTest.setup(PracticeFormTest.java:12)
at java.base/java.util.concurrent.Executors$RunnableAdapter.call(Executors.java:572)
at java.base/java.util.concurrent.FutureTask.run(FutureTask.java:317)
at java.base/java.util.concurrent.ThreadPoolExecutor.runWorker(ThreadPoolExecutor.java:1144)
at java.base/java.util.concurrent.ThreadPoolExecutor$Worker.run(ThreadPoolExecutor.java:642)
at java.base/java.lang.Thread.run(Thread.java:1575)
... Removed 15 stack frames]]>
    </failure>
  </testcase> <!-- @BeforeMethod setup -->
  <testcase classname="tests.PracticeFormTest" name="@AfterMethod quitDemoQA" time="0.0">
    <skipped/>
  </testcase> <!-- @AfterMethod quitDemoQA -->
  <testcase classname="tests.WidgetsAccordianTest" name="@BeforeMethod setup" time="4.574">
    <failure type="java.lang.ClassCastException" message="class java.lang.ThreadLocal cannot be cast to class org.openqa.selenium.JavascriptExecutor (java.lang.ThreadLocal is in module java.base of loader &amp;apos;bootstrap&amp;apos;; org.openqa.selenium.JavascriptExecutor is in unnamed module of loader &amp;apos;app&amp;apos;)">
      <![CDATA[java.lang.ClassCastException: class java.lang.ThreadLocal cannot be cast to class org.openqa.selenium.JavascriptExecutor (java.lang.ThreadLocal is in module java.base of loader 'bootstrap'; org.openqa.selenium.JavascriptExecutor is in unnamed module of loader 'app')
at base.BaseSetup.NavigateWidgets(BaseSetup.java:29)
at pages.WidgetsAccordian.openAccordian(WidgetsAccordian.java:13)
at tests.WidgetsAccordianTest.setup(WidgetsAccordianTest.java:8)
at java.base/java.util.concurrent.Executors$RunnableAdapter.call(Executors.java:572)
at java.base/java.util.concurrent.FutureTask.run(FutureTask.java:317)
at java.base/java.util.concurrent.ThreadPoolExecutor.runWorker(ThreadPoolExecutor.java:1144)
at java.base/java.util.concurrent.ThreadPoolExecutor$Worker.run(ThreadPoolExecutor.java:642)
at java.base/java.lang.Thread.run(Thread.java:1575)
... Removed 15 stack frames]]>
    </failure>
  </testcase> <!-- @BeforeMethod setup -->
  <testcase classname="tests.WidgetsAccordianTest" name="@AfterMethod quitDemoQA" time="0.0">
    <skipped/>
  </testcase> <!-- @AfterMethod quitDemoQA -->
  <testcase classname="tests.WidgetsAccordianTest" name="@BeforeMethod setup" time="8.183">
    <failure type="java.lang.ClassCastException" message="class java.lang.ThreadLocal cannot be cast to class org.openqa.selenium.JavascriptExecutor (java.lang.ThreadLocal is in module java.base of loader &amp;apos;bootstrap&amp;apos;; org.openqa.selenium.JavascriptExecutor is in unnamed module of loader &amp;apos;app&amp;apos;)">
      <![CDATA[java.lang.ClassCastException: class java.lang.ThreadLocal cannot be cast to class org.openqa.selenium.JavascriptExecutor (java.lang.ThreadLocal is in module java.base of loader 'bootstrap'; org.openqa.selenium.JavascriptExecutor is in unnamed module of loader 'app')
at base.BaseSetup.NavigateWidgets(BaseSetup.java:29)
at pages.WidgetsAccordian.openAccordian(WidgetsAccordian.java:13)
at tests.WidgetsAccordianTest.setup(WidgetsAccordianTest.java:8)
at java.base/java.util.concurrent.Executors$RunnableAdapter.call(Executors.java:572)
at java.base/java.util.concurrent.FutureTask.run(FutureTask.java:317)
at java.base/java.util.concurrent.ThreadPoolExecutor.runWorker(ThreadPoolExecutor.java:1144)
at java.base/java.util.concurrent.ThreadPoolExecutor$Worker.run(ThreadPoolExecutor.java:642)
at java.base/java.lang.Thread.run(Thread.java:1575)
... Removed 15 stack frames]]>
    </failure>
  </testcase> <!-- @BeforeMethod setup -->
  <testcase classname="tests.WidgetsAccordianTest" name="@AfterMethod quitDemoQA" time="0.0">
    <skipped/>
  </testcase> <!-- @AfterMethod quitDemoQA -->
  <testcase classname="tests.WidgetsAutoCompleteTest" name="@BeforeMethod setup" time="4.312">
    <failure type="java.lang.ClassCastException" message="class java.lang.ThreadLocal cannot be cast to class org.openqa.selenium.JavascriptExecutor (java.lang.ThreadLocal is in module java.base of loader &amp;apos;bootstrap&amp;apos;; org.openqa.selenium.JavascriptExecutor is in unnamed module of loader &amp;apos;app&amp;apos;)">
      <![CDATA[java.lang.ClassCastException: class java.lang.ThreadLocal cannot be cast to class org.openqa.selenium.JavascriptExecutor (java.lang.ThreadLocal is in module java.base of loader 'bootstrap'; org.openqa.selenium.JavascriptExecutor is in unnamed module of loader 'app')
at base.BaseSetup.NavigateWidgets(BaseSetup.java:29)
at pages.WidgetsAutoComplete.openAutoComplete(WidgetsAutoComplete.java:12)
at tests.WidgetsAutoCompleteTest.setup(WidgetsAutoCompleteTest.java:8)
at java.base/java.util.concurrent.Executors$RunnableAdapter.call(Executors.java:572)
at java.base/java.util.concurrent.FutureTask.run(FutureTask.java:317)
at java.base/java.util.concurrent.ThreadPoolExecutor.runWorker(ThreadPoolExecutor.java:1144)
at java.base/java.util.concurrent.ThreadPoolExecutor$Worker.run(ThreadPoolExecutor.java:642)
at java.base/java.lang.Thread.run(Thread.java:1575)
... Removed 15 stack frames]]>
    </failure>
  </testcase> <!-- @BeforeMethod setup -->
  <testcase classname="tests.WidgetsAutoCompleteTest" name="@AfterMethod quitDemoQA" time="0.0">
    <skipped/>
  </testcase> <!-- @AfterMethod quitDemoQA -->
  <testcase classname="tests.WidgetsAutoCompleteTest" name="@BeforeMethod setup" time="0.0">
    <skipped/>
  </testcase> <!-- @BeforeMethod setup -->
  <testcase classname="tests.WidgetsAutoCompleteTest" name="@AfterMethod quitDemoQA" time="0.0">
    <skipped/>
  </testcase> <!-- @AfterMethod quitDemoQA -->
  <testcase classname="tests.WidgetsAutoCompleteTest" name="@BeforeMethod setup" time="0.0">
    <skipped/>
  </testcase> <!-- @BeforeMethod setup -->
  <testcase classname="tests.WidgetsAutoCompleteTest" name="@AfterMethod quitDemoQA" time="0.0">
    <skipped/>
  </testcase> <!-- @AfterMethod quitDemoQA -->
  <testcase classname="tests.WidgetsAutoCompleteTest" name="@BeforeMethod setup" time="0.0">
    <skipped/>
  </testcase> <!-- @BeforeMethod setup -->
  <testcase classname="tests.WidgetsAutoCompleteTest" name="@AfterMethod quitDemoQA" time="0.0">
    <skipped/>
  </testcase> <!-- @AfterMethod quitDemoQA -->
  <testcase classname="tests.WidgetsAutoCompleteTest" name="@BeforeMethod setup" time="0.0">
    <skipped/>
  </testcase> <!-- @BeforeMethod setup -->
  <testcase classname="tests.WidgetsAutoCompleteTest" name="@AfterMethod quitDemoQA" time="0.0">
    <skipped/>
  </testcase> <!-- @AfterMethod quitDemoQA -->
  <testcase classname="tests.WidgetsAutoCompleteTest" name="@BeforeMethod setup" time="0.0">
    <skipped/>
  </testcase> <!-- @BeforeMethod setup -->
  <testcase classname="tests.WidgetsAutoCompleteTest" name="@AfterMethod quitDemoQA" time="0.0">
    <skipped/>
  </testcase> <!-- @AfterMethod quitDemoQA -->
  <testcase classname="tests.WidgetsAutoCompleteTest" name="@BeforeMethod setup" time="12.632">
    <failure type="java.lang.ClassCastException" message="class java.lang.ThreadLocal cannot be cast to class org.openqa.selenium.JavascriptExecutor (java.lang.ThreadLocal is in module java.base of loader &amp;apos;bootstrap&amp;apos;; org.openqa.selenium.JavascriptExecutor is in unnamed module of loader &amp;apos;app&amp;apos;)">
      <![CDATA[java.lang.ClassCastException: class java.lang.ThreadLocal cannot be cast to class org.openqa.selenium.JavascriptExecutor (java.lang.ThreadLocal is in module java.base of loader 'bootstrap'; org.openqa.selenium.JavascriptExecutor is in unnamed module of loader 'app')
at base.BaseSetup.NavigateWidgets(BaseSetup.java:29)
at pages.WidgetsAutoComplete.openAutoComplete(WidgetsAutoComplete.java:12)
at tests.WidgetsAutoCompleteTest.setup(WidgetsAutoCompleteTest.java:8)
at java.base/java.util.concurrent.Executors$RunnableAdapter.call(Executors.java:572)
at java.base/java.util.concurrent.FutureTask.run(FutureTask.java:317)
at java.base/java.util.concurrent.ThreadPoolExecutor.runWorker(ThreadPoolExecutor.java:1144)
at java.base/java.util.concurrent.ThreadPoolExecutor$Worker.run(ThreadPoolExecutor.java:642)
at java.base/java.lang.Thread.run(Thread.java:1575)
... Removed 15 stack frames]]>
    </failure>
  </testcase> <!-- @BeforeMethod setup -->
  <testcase classname="tests.WidgetsAutoCompleteTest" name="@AfterMethod quitDemoQA" time="0.0">
    <skipped/>
  </testcase> <!-- @AfterMethod quitDemoQA -->
  <testcase classname="tests.WidgetsDatePickerTest" name="@BeforeMethod setup" time="9.387">
    <failure type="java.lang.ClassCastException" message="class java.lang.ThreadLocal cannot be cast to class org.openqa.selenium.JavascriptExecutor (java.lang.ThreadLocal is in module java.base of loader &amp;apos;bootstrap&amp;apos;; org.openqa.selenium.JavascriptExecutor is in unnamed module of loader &amp;apos;app&amp;apos;)">
      <![CDATA[java.lang.ClassCastException: class java.lang.ThreadLocal cannot be cast to class org.openqa.selenium.JavascriptExecutor (java.lang.ThreadLocal is in module java.base of loader 'bootstrap'; org.openqa.selenium.JavascriptExecutor is in unnamed module of loader 'app')
at base.BaseSetup.NavigateWidgets(BaseSetup.java:29)
at pages.WidgetsDatePicker.openDatePicker(WidgetsDatePicker.java:16)
at tests.WidgetsDatePickerTest.setup(WidgetsDatePickerTest.java:8)
at java.base/java.util.concurrent.Executors$RunnableAdapter.call(Executors.java:572)
at java.base/java.util.concurrent.FutureTask.run(FutureTask.java:317)
at java.base/java.util.concurrent.ThreadPoolExecutor.runWorker(ThreadPoolExecutor.java:1144)
at java.base/java.util.concurrent.ThreadPoolExecutor$Worker.run(ThreadPoolExecutor.java:642)
at java.base/java.lang.Thread.run(Thread.java:1575)
... Removed 15 stack frames]]>
    </failure>
  </testcase> <!-- @BeforeMethod setup -->
  <testcase classname="tests.WidgetsDatePickerTest" name="@AfterMethod quitDemoQA" time="0.0">
    <skipped/>
  </testcase> <!-- @AfterMethod quitDemoQA -->
  <testcase classname="tests.WidgetsDatePickerTest" name="@BeforeMethod setup" time="0.0">
    <skipped/>
  </testcase> <!-- @BeforeMethod setup -->
  <testcase classname="tests.WidgetsDatePickerTest" name="@AfterMethod quitDemoQA" time="0.0">
    <skipped/>
  </testcase> <!-- @AfterMethod quitDemoQA -->
  <testcase classname="tests.WidgetsDatePickerTest" name="@BeforeMethod setup" time="12.46">
    <failure type="java.lang.ClassCastException" message="class java.lang.ThreadLocal cannot be cast to class org.openqa.selenium.JavascriptExecutor (java.lang.ThreadLocal is in module java.base of loader &amp;apos;bootstrap&amp;apos;; org.openqa.selenium.JavascriptExecutor is in unnamed module of loader &amp;apos;app&amp;apos;)">
      <![CDATA[java.lang.ClassCastException: class java.lang.ThreadLocal cannot be cast to class org.openqa.selenium.JavascriptExecutor (java.lang.ThreadLocal is in module java.base of loader 'bootstrap'; org.openqa.selenium.JavascriptExecutor is in unnamed module of loader 'app')
at base.BaseSetup.NavigateWidgets(BaseSetup.java:29)
at pages.WidgetsDatePicker.openDatePicker(WidgetsDatePicker.java:16)
at tests.WidgetsDatePickerTest.setup(WidgetsDatePickerTest.java:8)
at java.base/java.util.concurrent.Executors$RunnableAdapter.call(Executors.java:572)
at java.base/java.util.concurrent.FutureTask.run(FutureTask.java:317)
at java.base/java.util.concurrent.ThreadPoolExecutor.runWorker(ThreadPoolExecutor.java:1144)
at java.base/java.util.concurrent.ThreadPoolExecutor$Worker.run(ThreadPoolExecutor.java:642)
at java.base/java.lang.Thread.run(Thread.java:1575)
... Removed 15 stack frames]]>
    </failure>
  </testcase> <!-- @BeforeMethod setup -->
  <testcase classname="tests.WidgetsDatePickerTest" name="@AfterMethod quitDemoQA" time="0.0">
    <skipped/>
  </testcase> <!-- @AfterMethod quitDemoQA -->
  <testcase classname="tests.WidgetsAutoCompleteTest" name="@BeforeMethod setup" time="17.654">
    <failure type="java.lang.ClassCastException" message="class java.lang.ThreadLocal cannot be cast to class org.openqa.selenium.JavascriptExecutor (java.lang.ThreadLocal is in module java.base of loader &amp;apos;bootstrap&amp;apos;; org.openqa.selenium.JavascriptExecutor is in unnamed module of loader &amp;apos;app&amp;apos;)">
      <![CDATA[java.lang.ClassCastException: class java.lang.ThreadLocal cannot be cast to class org.openqa.selenium.JavascriptExecutor (java.lang.ThreadLocal is in module java.base of loader 'bootstrap'; org.openqa.selenium.JavascriptExecutor is in unnamed module of loader 'app')
at base.BaseSetup.NavigateWidgets(BaseSetup.java:29)
at pages.WidgetsAutoComplete.openAutoComplete(WidgetsAutoComplete.java:12)
at tests.WidgetsAutoCompleteTest.setup(WidgetsAutoCompleteTest.java:8)
at java.base/java.util.concurrent.Executors$RunnableAdapter.call(Executors.java:572)
at java.base/java.util.concurrent.FutureTask.run(FutureTask.java:317)
at java.base/java.util.concurrent.ThreadPoolExecutor.runWorker(ThreadPoolExecutor.java:1144)
at java.base/java.util.concurrent.ThreadPoolExecutor$Worker.run(ThreadPoolExecutor.java:642)
at java.base/java.lang.Thread.run(Thread.java:1575)
... Removed 15 stack frames]]>
    </failure>
  </testcase> <!-- @BeforeMethod setup -->
  <testcase classname="tests.WidgetsAutoCompleteTest" name="@AfterMethod quitDemoQA" time="0.0">
    <skipped/>
  </testcase> <!-- @AfterMethod quitDemoQA -->
  <testcase classname="tests.WidgetsDatePickerTest" name="@BeforeMethod setup" time="8.205">
    <failure type="java.lang.ClassCastException" message="class java.lang.ThreadLocal cannot be cast to class org.openqa.selenium.JavascriptExecutor (java.lang.ThreadLocal is in module java.base of loader &amp;apos;bootstrap&amp;apos;; org.openqa.selenium.JavascriptExecutor is in unnamed module of loader &amp;apos;app&amp;apos;)">
      <![CDATA[java.lang.ClassCastException: class java.lang.ThreadLocal cannot be cast to class org.openqa.selenium.JavascriptExecutor (java.lang.ThreadLocal is in module java.base of loader 'bootstrap'; org.openqa.selenium.JavascriptExecutor is in unnamed module of loader 'app')
at base.BaseSetup.NavigateWidgets(BaseSetup.java:29)
at pages.WidgetsDatePicker.openDatePicker(WidgetsDatePicker.java:16)
at tests.WidgetsDatePickerTest.setup(WidgetsDatePickerTest.java:8)
at java.base/java.util.concurrent.Executors$RunnableAdapter.call(Executors.java:572)
at java.base/java.util.concurrent.FutureTask.run(FutureTask.java:317)
at java.base/java.util.concurrent.ThreadPoolExecutor.runWorker(ThreadPoolExecutor.java:1144)
at java.base/java.util.concurrent.ThreadPoolExecutor$Worker.run(ThreadPoolExecutor.java:642)
at java.base/java.lang.Thread.run(Thread.java:1575)
... Removed 15 stack frames]]>
    </failure>
  </testcase> <!-- @BeforeMethod setup -->
  <testcase classname="tests.WidgetsDatePickerTest" name="@AfterMethod quitDemoQA" time="0.0">
    <skipped/>
  </testcase> <!-- @AfterMethod quitDemoQA -->
  <testcase classname="tests.WidgetsMenuTest" name="@BeforeMethod setup" time="5.844">
    <failure type="java.lang.ClassCastException" message="class java.lang.ThreadLocal cannot be cast to class org.openqa.selenium.JavascriptExecutor (java.lang.ThreadLocal is in module java.base of loader &amp;apos;bootstrap&amp;apos;; org.openqa.selenium.JavascriptExecutor is in unnamed module of loader &amp;apos;app&amp;apos;)">
      <![CDATA[java.lang.ClassCastException: class java.lang.ThreadLocal cannot be cast to class org.openqa.selenium.JavascriptExecutor (java.lang.ThreadLocal is in module java.base of loader 'bootstrap'; org.openqa.selenium.JavascriptExecutor is in unnamed module of loader 'app')
at base.BaseSetup.NavigateWidgets(BaseSetup.java:29)
at pages.WidgetsMenu.openMenuPage(WidgetsMenu.java:15)
at tests.WidgetsMenuTest.setup(WidgetsMenuTest.java:12)
at java.base/java.util.concurrent.Executors$RunnableAdapter.call(Executors.java:572)
at java.base/java.util.concurrent.FutureTask.run(FutureTask.java:317)
at java.base/java.util.concurrent.ThreadPoolExecutor.runWorker(ThreadPoolExecutor.java:1144)
at java.base/java.util.concurrent.ThreadPoolExecutor$Worker.run(ThreadPoolExecutor.java:642)
at java.base/java.lang.Thread.run(Thread.java:1575)
... Removed 15 stack frames]]>
    </failure>
  </testcase> <!-- @BeforeMethod setup -->
  <testcase classname="tests.WidgetsMenuTest" name="@AfterMethod quitDemoQA" time="0.0">
    <skipped/>
  </testcase> <!-- @AfterMethod quitDemoQA -->
  <testcase classname="tests.WidgetsMenuTest" name="@BeforeMethod setup" time="7.084">
    <failure type="java.lang.ClassCastException" message="class java.lang.ThreadLocal cannot be cast to class org.openqa.selenium.JavascriptExecutor (java.lang.ThreadLocal is in module java.base of loader &amp;apos;bootstrap&amp;apos;; org.openqa.selenium.JavascriptExecutor is in unnamed module of loader &amp;apos;app&amp;apos;)">
      <![CDATA[java.lang.ClassCastException: class java.lang.ThreadLocal cannot be cast to class org.openqa.selenium.JavascriptExecutor (java.lang.ThreadLocal is in module java.base of loader 'bootstrap'; org.openqa.selenium.JavascriptExecutor is in unnamed module of loader 'app')
at base.BaseSetup.NavigateWidgets(BaseSetup.java:29)
at pages.WidgetsMenu.openMenuPage(WidgetsMenu.java:15)
at tests.WidgetsMenuTest.setup(WidgetsMenuTest.java:12)
at java.base/java.util.concurrent.Executors$RunnableAdapter.call(Executors.java:572)
at java.base/java.util.concurrent.FutureTask.run(FutureTask.java:317)
at java.base/java.util.concurrent.ThreadPoolExecutor.runWorker(ThreadPoolExecutor.java:1144)
at java.base/java.util.concurrent.ThreadPoolExecutor$Worker.run(ThreadPoolExecutor.java:642)
at java.base/java.lang.Thread.run(Thread.java:1575)
... Removed 15 stack frames]]>
    </failure>
  </testcase> <!-- @BeforeMethod setup -->
  <testcase classname="tests.WidgetsMenuTest" name="@AfterMethod quitDemoQA" time="0.0">
    <skipped/>
  </testcase> <!-- @AfterMethod quitDemoQA -->
  <testcase classname="tests.WidgetsProgressBarTest" name="@BeforeMethod setup" time="7.849">
    <failure type="java.lang.ClassCastException" message="class java.lang.ThreadLocal cannot be cast to class org.openqa.selenium.JavascriptExecutor (java.lang.ThreadLocal is in module java.base of loader &amp;apos;bootstrap&amp;apos;; org.openqa.selenium.JavascriptExecutor is in unnamed module of loader &amp;apos;app&amp;apos;)">
      <![CDATA[java.lang.ClassCastException: class java.lang.ThreadLocal cannot be cast to class org.openqa.selenium.JavascriptExecutor (java.lang.ThreadLocal is in module java.base of loader 'bootstrap'; org.openqa.selenium.JavascriptExecutor is in unnamed module of loader 'app')
at base.BaseSetup.NavigateWidgets(BaseSetup.java:29)
at pages.WidgetsProgressBar.openProgressBarPage(WidgetsProgressBar.java:14)
at tests.WidgetsProgressBarTest.setup(WidgetsProgressBarTest.java:14)
at java.base/java.util.concurrent.Executors$RunnableAdapter.call(Executors.java:572)
at java.base/java.util.concurrent.FutureTask.run(FutureTask.java:317)
at java.base/java.util.concurrent.ThreadPoolExecutor.runWorker(ThreadPoolExecutor.java:1144)
at java.base/java.util.concurrent.ThreadPoolExecutor$Worker.run(ThreadPoolExecutor.java:642)
at java.base/java.lang.Thread.run(Thread.java:1575)
... Removed 15 stack frames]]>
    </failure>
  </testcase> <!-- @BeforeMethod setup -->
  <testcase classname="tests.WidgetsProgressBarTest" name="@AfterMethod quitDemoQA" time="0.0">
    <skipped/>
  </testcase> <!-- @AfterMethod quitDemoQA -->
  <testcase classname="tests.WidgetsProgressBarTest" name="@BeforeMethod setup" time="8.9">
    <failure type="java.lang.ClassCastException" message="class java.lang.ThreadLocal cannot be cast to class org.openqa.selenium.JavascriptExecutor (java.lang.ThreadLocal is in module java.base of loader &amp;apos;bootstrap&amp;apos;; org.openqa.selenium.JavascriptExecutor is in unnamed module of loader &amp;apos;app&amp;apos;)">
      <![CDATA[java.lang.ClassCastException: class java.lang.ThreadLocal cannot be cast to class org.openqa.selenium.JavascriptExecutor (java.lang.ThreadLocal is in module java.base of loader 'bootstrap'; org.openqa.selenium.JavascriptExecutor is in unnamed module of loader 'app')
at base.BaseSetup.NavigateWidgets(BaseSetup.java:29)
at pages.WidgetsProgressBar.openProgressBarPage(WidgetsProgressBar.java:14)
at tests.WidgetsProgressBarTest.setup(WidgetsProgressBarTest.java:14)
at java.base/java.util.concurrent.Executors$RunnableAdapter.call(Executors.java:572)
at java.base/java.util.concurrent.FutureTask.run(FutureTask.java:317)
at java.base/java.util.concurrent.ThreadPoolExecutor.runWorker(ThreadPoolExecutor.java:1144)
at java.base/java.util.concurrent.ThreadPoolExecutor$Worker.run(ThreadPoolExecutor.java:642)
at java.base/java.lang.Thread.run(Thread.java:1575)
... Removed 15 stack frames]]>
    </failure>
  </testcase> <!-- @BeforeMethod setup -->
  <testcase classname="tests.WidgetsProgressBarTest" name="@AfterMethod quitDemoQA" time="0.0">
    <skipped/>
  </testcase> <!-- @AfterMethod quitDemoQA -->
  <testcase classname="tests.WidgetsSlidersTest" name="@BeforeMethod setup" time="7.768">
    <failure type="java.lang.ClassCastException" message="class java.lang.ThreadLocal cannot be cast to class org.openqa.selenium.JavascriptExecutor (java.lang.ThreadLocal is in module java.base of loader &amp;apos;bootstrap&amp;apos;; org.openqa.selenium.JavascriptExecutor is in unnamed module of loader &amp;apos;app&amp;apos;)">
      <![CDATA[java.lang.ClassCastException: class java.lang.ThreadLocal cannot be cast to class org.openqa.selenium.JavascriptExecutor (java.lang.ThreadLocal is in module java.base of loader 'bootstrap'; org.openqa.selenium.JavascriptExecutor is in unnamed module of loader 'app')
at base.BaseSetup.NavigateWidgets(BaseSetup.java:29)
at pages.WidgetsSliders.openSliders(WidgetsSliders.java:15)
at tests.WidgetsSlidersTest.setup(WidgetsSlidersTest.java:9)
at java.base/java.util.concurrent.Executors$RunnableAdapter.call(Executors.java:572)
at java.base/java.util.concurrent.FutureTask.run(FutureTask.java:317)
at java.base/java.util.concurrent.ThreadPoolExecutor.runWorker(ThreadPoolExecutor.java:1144)
at java.base/java.util.concurrent.ThreadPoolExecutor$Worker.run(ThreadPoolExecutor.java:642)
at java.base/java.lang.Thread.run(Thread.java:1575)
... Removed 15 stack frames]]>
    </failure>
  </testcase> <!-- @BeforeMethod setup -->
  <testcase classname="tests.WidgetsSlidersTest" name="@AfterMethod quitDemoQA" time="0.0">
    <skipped/>
  </testcase> <!-- @AfterMethod quitDemoQA -->
  <testcase classname="tests.WidgetsSlidersTest" name="@BeforeMethod setup" time="8.186">
    <failure type="java.lang.ClassCastException" message="class java.lang.ThreadLocal cannot be cast to class org.openqa.selenium.JavascriptExecutor (java.lang.ThreadLocal is in module java.base of loader &amp;apos;bootstrap&amp;apos;; org.openqa.selenium.JavascriptExecutor is in unnamed module of loader &amp;apos;app&amp;apos;)">
      <![CDATA[java.lang.ClassCastException: class java.lang.ThreadLocal cannot be cast to class org.openqa.selenium.JavascriptExecutor (java.lang.ThreadLocal is in module java.base of loader 'bootstrap'; org.openqa.selenium.JavascriptExecutor is in unnamed module of loader 'app')
at base.BaseSetup.NavigateWidgets(BaseSetup.java:29)
at pages.WidgetsSliders.openSliders(WidgetsSliders.java:15)
at tests.WidgetsSlidersTest.setup(WidgetsSlidersTest.java:9)
at java.base/java.util.concurrent.Executors$RunnableAdapter.call(Executors.java:572)
at java.base/java.util.concurrent.FutureTask.run(FutureTask.java:317)
at java.base/java.util.concurrent.ThreadPoolExecutor.runWorker(ThreadPoolExecutor.java:1144)
at java.base/java.util.concurrent.ThreadPoolExecutor$Worker.run(ThreadPoolExecutor.java:642)
at java.base/java.lang.Thread.run(Thread.java:1575)
... Removed 15 stack frames]]>
    </failure>
  </testcase> <!-- @BeforeMethod setup -->
  <testcase classname="tests.WidgetsSlidersTest" name="@AfterMethod quitDemoQA" time="0.0">
    <skipped/>
  </testcase> <!-- @AfterMethod quitDemoQA -->
  <testcase classname="tests.WidgetsSlidersTest" name="@BeforeMethod setup" time="8.235">
    <failure type="java.lang.ClassCastException" message="class java.lang.ThreadLocal cannot be cast to class org.openqa.selenium.JavascriptExecutor (java.lang.ThreadLocal is in module java.base of loader &amp;apos;bootstrap&amp;apos;; org.openqa.selenium.JavascriptExecutor is in unnamed module of loader &amp;apos;app&amp;apos;)">
      <![CDATA[java.lang.ClassCastException: class java.lang.ThreadLocal cannot be cast to class org.openqa.selenium.JavascriptExecutor (java.lang.ThreadLocal is in module java.base of loader 'bootstrap'; org.openqa.selenium.JavascriptExecutor is in unnamed module of loader 'app')
at base.BaseSetup.NavigateWidgets(BaseSetup.java:29)
at pages.WidgetsSliders.openSliders(WidgetsSliders.java:15)
at tests.WidgetsSlidersTest.setup(WidgetsSlidersTest.java:9)
at java.base/java.util.concurrent.Executors$RunnableAdapter.call(Executors.java:572)
at java.base/java.util.concurrent.FutureTask.run(FutureTask.java:317)
at java.base/java.util.concurrent.ThreadPoolExecutor.runWorker(ThreadPoolExecutor.java:1144)
at java.base/java.util.concurrent.ThreadPoolExecutor$Worker.run(ThreadPoolExecutor.java:642)
at java.base/java.lang.Thread.run(Thread.java:1575)
... Removed 15 stack frames]]>
    </failure>
  </testcase> <!-- @BeforeMethod setup -->
  <testcase classname="tests.WidgetsSlidersTest" name="@AfterMethod quitDemoQA" time="0.0">
    <skipped/>
  </testcase> <!-- @AfterMethod quitDemoQA -->
  <testcase classname="tests.WidgetsTabsTest" name="@BeforeMethod setup" time="9.134">
    <failure type="java.lang.ClassCastException" message="class java.lang.ThreadLocal cannot be cast to class org.openqa.selenium.JavascriptExecutor (java.lang.ThreadLocal is in module java.base of loader &amp;apos;bootstrap&amp;apos;; org.openqa.selenium.JavascriptExecutor is in unnamed module of loader &amp;apos;app&amp;apos;)">
      <![CDATA[java.lang.ClassCastException: class java.lang.ThreadLocal cannot be cast to class org.openqa.selenium.JavascriptExecutor (java.lang.ThreadLocal is in module java.base of loader 'bootstrap'; org.openqa.selenium.JavascriptExecutor is in unnamed module of loader 'app')
at base.BaseSetup.NavigateWidgets(BaseSetup.java:29)
at pages.WidgetsTabs.openTabsPage(WidgetsTabs.java:13)
at tests.WidgetsTabsTest.setup(WidgetsTabsTest.java:9)
at java.base/java.util.concurrent.Executors$RunnableAdapter.call(Executors.java:572)
at java.base/java.util.concurrent.FutureTask.run(FutureTask.java:317)
at java.base/java.util.concurrent.ThreadPoolExecutor.runWorker(ThreadPoolExecutor.java:1144)
at java.base/java.util.concurrent.ThreadPoolExecutor$Worker.run(ThreadPoolExecutor.java:642)
at java.base/java.lang.Thread.run(Thread.java:1575)
... Removed 15 stack frames]]>
    </failure>
  </testcase> <!-- @BeforeMethod setup -->
  <testcase classname="tests.WidgetsTabsTest" name="@AfterMethod quitDemoQA" time="0.0">
    <skipped/>
  </testcase> <!-- @AfterMethod quitDemoQA -->
  <testcase classname="tests.WidgetsSlidersTest" name="@BeforeMethod setup" time="16.67">
    <failure type="java.lang.ClassCastException" message="class java.lang.ThreadLocal cannot be cast to class org.openqa.selenium.JavascriptExecutor (java.lang.ThreadLocal is in module java.base of loader &amp;apos;bootstrap&amp;apos;; org.openqa.selenium.JavascriptExecutor is in unnamed module of loader &amp;apos;app&amp;apos;)">
      <![CDATA[java.lang.ClassCastException: class java.lang.ThreadLocal cannot be cast to class org.openqa.selenium.JavascriptExecutor (java.lang.ThreadLocal is in module java.base of loader 'bootstrap'; org.openqa.selenium.JavascriptExecutor is in unnamed module of loader 'app')
at base.BaseSetup.NavigateWidgets(BaseSetup.java:29)
at pages.WidgetsSliders.openSliders(WidgetsSliders.java:15)
at tests.WidgetsSlidersTest.setup(WidgetsSlidersTest.java:9)
at java.base/java.util.concurrent.Executors$RunnableAdapter.call(Executors.java:572)
at java.base/java.util.concurrent.FutureTask.run(FutureTask.java:317)
at java.base/java.util.concurrent.ThreadPoolExecutor.runWorker(ThreadPoolExecutor.java:1144)
at java.base/java.util.concurrent.ThreadPoolExecutor$Worker.run(ThreadPoolExecutor.java:642)
at java.base/java.lang.Thread.run(Thread.java:1575)
... Removed 15 stack frames]]>
    </failure>
  </testcase> <!-- @BeforeMethod setup -->
  <testcase classname="tests.WidgetsSlidersTest" name="@AfterMethod quitDemoQA" time="0.0">
    <skipped/>
  </testcase> <!-- @AfterMethod quitDemoQA -->
  <testcase classname="tests.WidgetsToolTipTest" name="@BeforeMethod setup" time="13.687">
    <failure type="java.lang.ClassCastException" message="class java.lang.ThreadLocal cannot be cast to class org.openqa.selenium.JavascriptExecutor (java.lang.ThreadLocal is in module java.base of loader &amp;apos;bootstrap&amp;apos;; org.openqa.selenium.JavascriptExecutor is in unnamed module of loader &amp;apos;app&amp;apos;)">
      <![CDATA[java.lang.ClassCastException: class java.lang.ThreadLocal cannot be cast to class org.openqa.selenium.JavascriptExecutor (java.lang.ThreadLocal is in module java.base of loader 'bootstrap'; org.openqa.selenium.JavascriptExecutor is in unnamed module of loader 'app')
at base.BaseSetup.NavigateWidgets(BaseSetup.java:29)
at pages.WidgetsToolTip.openToolTipPage(WidgetsToolTip.java:14)
at tests.WidgetsToolTipTest.setup(WidgetsToolTipTest.java:12)
at java.base/java.util.concurrent.Executors$RunnableAdapter.call(Executors.java:572)
at java.base/java.util.concurrent.FutureTask.run(FutureTask.java:317)
at java.base/java.util.concurrent.ThreadPoolExecutor.runWorker(ThreadPoolExecutor.java:1144)
at java.base/java.util.concurrent.ThreadPoolExecutor$Worker.run(ThreadPoolExecutor.java:642)
at java.base/java.lang.Thread.run(Thread.java:1575)
... Removed 15 stack frames]]>
    </failure>
  </testcase> <!-- @BeforeMethod setup -->
  <testcase classname="tests.WidgetsToolTipTest" name="@AfterMethod quitDemoQA" time="0.0">
    <skipped/>
  </testcase> <!-- @AfterMethod quitDemoQA -->
  <testcase classname="tests.WidgetsToolTipTest" name="@BeforeMethod setup" time="8.951">
    <failure type="java.lang.ClassCastException" message="class java.lang.ThreadLocal cannot be cast to class org.openqa.selenium.JavascriptExecutor (java.lang.ThreadLocal is in module java.base of loader &amp;apos;bootstrap&amp;apos;; org.openqa.selenium.JavascriptExecutor is in unnamed module of loader &amp;apos;app&amp;apos;)">
      <![CDATA[java.lang.ClassCastException: class java.lang.ThreadLocal cannot be cast to class org.openqa.selenium.JavascriptExecutor (java.lang.ThreadLocal is in module java.base of loader 'bootstrap'; org.openqa.selenium.JavascriptExecutor is in unnamed module of loader 'app')
at base.BaseSetup.NavigateWidgets(BaseSetup.java:29)
at pages.WidgetsToolTip.openToolTipPage(WidgetsToolTip.java:14)
at tests.WidgetsToolTipTest.setup(WidgetsToolTipTest.java:12)
at java.base/java.util.concurrent.Executors$RunnableAdapter.call(Executors.java:572)
at java.base/java.util.concurrent.FutureTask.run(FutureTask.java:317)
at java.base/java.util.concurrent.ThreadPoolExecutor.runWorker(ThreadPoolExecutor.java:1144)
at java.base/java.util.concurrent.ThreadPoolExecutor$Worker.run(ThreadPoolExecutor.java:642)
at java.base/java.lang.Thread.run(Thread.java:1575)
... Removed 15 stack frames]]>
    </failure>
  </testcase> <!-- @BeforeMethod setup -->
  <testcase classname="tests.WidgetsToolTipTest" name="@AfterMethod quitDemoQA" time="0.0">
    <skipped/>
  </testcase> <!-- @AfterMethod quitDemoQA -->
  <testcase classname="tests.WidgetsToolTipTest" name="@BeforeMethod setup" time="13.718">
    <failure type="java.lang.ClassCastException" message="class java.lang.ThreadLocal cannot be cast to class org.openqa.selenium.JavascriptExecutor (java.lang.ThreadLocal is in module java.base of loader &amp;apos;bootstrap&amp;apos;; org.openqa.selenium.JavascriptExecutor is in unnamed module of loader &amp;apos;app&amp;apos;)">
      <![CDATA[java.lang.ClassCastException: class java.lang.ThreadLocal cannot be cast to class org.openqa.selenium.JavascriptExecutor (java.lang.ThreadLocal is in module java.base of loader 'bootstrap'; org.openqa.selenium.JavascriptExecutor is in unnamed module of loader 'app')
at base.BaseSetup.NavigateWidgets(BaseSetup.java:29)
at pages.WidgetsToolTip.openToolTipPage(WidgetsToolTip.java:14)
at tests.WidgetsToolTipTest.setup(WidgetsToolTipTest.java:12)
at java.base/java.util.concurrent.Executors$RunnableAdapter.call(Executors.java:572)
at java.base/java.util.concurrent.FutureTask.run(FutureTask.java:317)
at java.base/java.util.concurrent.ThreadPoolExecutor.runWorker(ThreadPoolExecutor.java:1144)
at java.base/java.util.concurrent.ThreadPoolExecutor$Worker.run(ThreadPoolExecutor.java:642)
at java.base/java.lang.Thread.run(Thread.java:1575)
... Removed 15 stack frames]]>
    </failure>
  </testcase> <!-- @BeforeMethod setup -->
  <testcase classname="tests.WidgetsToolTipTest" name="@AfterMethod quitDemoQA" time="0.0">
    <skipped/>
  </testcase> <!-- @AfterMethod quitDemoQA -->
  <testcase classname="tests.WidgetsToolTipTest" name="@BeforeMethod setup" time="14.642">
    <failure type="java.lang.ClassCastException" message="class java.lang.ThreadLocal cannot be cast to class org.openqa.selenium.JavascriptExecutor (java.lang.ThreadLocal is in module java.base of loader &amp;apos;bootstrap&amp;apos;; org.openqa.selenium.JavascriptExecutor is in unnamed module of loader &amp;apos;app&amp;apos;)">
      <![CDATA[java.lang.ClassCastException: class java.lang.ThreadLocal cannot be cast to class org.openqa.selenium.JavascriptExecutor (java.lang.ThreadLocal is in module java.base of loader 'bootstrap'; org.openqa.selenium.JavascriptExecutor is in unnamed module of loader 'app')
at base.BaseSetup.NavigateWidgets(BaseSetup.java:29)
at pages.WidgetsToolTip.openToolTipPage(WidgetsToolTip.java:14)
at tests.WidgetsToolTipTest.setup(WidgetsToolTipTest.java:12)
at java.base/java.util.concurrent.Executors$RunnableAdapter.call(Executors.java:572)
at java.base/java.util.concurrent.FutureTask.run(FutureTask.java:317)
at java.base/java.util.concurrent.ThreadPoolExecutor.runWorker(ThreadPoolExecutor.java:1144)
at java.base/java.util.concurrent.ThreadPoolExecutor$Worker.run(ThreadPoolExecutor.java:642)
at java.base/java.lang.Thread.run(Thread.java:1575)
... Removed 15 stack frames]]>
    </failure>
  </testcase> <!-- @BeforeMethod setup -->
  <testcase classname="tests.WidgetsToolTipTest" name="@AfterMethod quitDemoQA" time="0.0">
    <skipped/>
  </testcase> <!-- @AfterMethod quitDemoQA -->
  <testcase classname="tests.ButtonsTest" name="verifyDynamicClickButton" time="2.364"/>
  <testcase classname="tests.ButtonsTest" name="verifyRightClickButton" time="9.019">
    <failure type="org.openqa.selenium.NoSuchSessionException" message="Session ID is null. Using WebDriver after calling quit()?
Build info: version: &amp;apos;4.18.1&amp;apos;, revision: &amp;apos;b1d3319b48&amp;apos;
System info: os.name: &amp;apos;Windows 10&amp;apos;, os.arch: &amp;apos;amd64&amp;apos;, os.version: &amp;apos;10.0&amp;apos;, java.version: &amp;apos;23.0.1&amp;apos;
Driver info: org.openqa.selenium.chrome.ChromeDriver
Command: [null, findElement {value=rightClickMessage, using=id}]
Capabilities {acceptInsecureCerts: false, browserName: chrome, browserVersion: 145.0.7632.77, chrome: {chromedriverVersion: 145.0.7632.77 (da516187054a..., userDataDir: C:\Users\Asus\AppData\Local...}, fedcm:accounts: true, goog:chromeOptions: {debuggerAddress: localhost:56349}, goog:processID: 36232, networkConnectionEnabled: false, pageLoadStrategy: normal, platformName: windows, proxy: Proxy(), se:cdp: ws://localhost:56349/devtoo..., se:cdpVersion: 145.0.7632.77, setWindowRect: true, strictFileInteractability: false, timeouts: {implicit: 0, pageLoad: 300000, script: 30000}, unhandledPromptBehavior: dismiss and notify, webauthn:extension:credBlob: true, webauthn:extension:largeBlob: true, webauthn:extension:minPinLength: true, webauthn:extension:prf: true, webauthn:virtualAuthenticators: true}">
      <![CDATA[org.openqa.selenium.NoSuchSessionException: Session ID is null. Using WebDriver after calling quit()?
Build info: version: '4.18.1', revision: 'b1d3319b48'
System info: os.name: 'Windows 10', os.arch: 'amd64', os.version: '10.0', java.version: '23.0.1'
Driver info: org.openqa.selenium.chrome.ChromeDriver
Command: [null, findElement {value=rightClickMessage, using=id}]
Capabilities {acceptInsecureCerts: false, browserName: chrome, browserVersion: 145.0.7632.77, chrome: {chromedriverVersion: 145.0.7632.77 (da516187054a..., userDataDir: C:\Users\Asus\AppData\Local...}, fedcm:accounts: true, goog:chromeOptions: {debuggerAddress: localhost:56349}, goog:processID: 36232, networkConnectionEnabled: false, pageLoadStrategy: normal, platformName: windows, proxy: Proxy(), se:cdp: ws://localhost:56349/devtoo..., se:cdpVersion: 145.0.7632.77, setWindowRect: true, strictFileInteractability: false, timeouts: {implicit: 0, pageLoad: 300000, script: 30000}, unhandledPromptBehavior: dismiss and notify, webauthn:extension:credBlob: true, webauthn:extension:largeBlob: true, webauthn:extension:minPinLength: true, webauthn:extension:prf: true, webauthn:virtualAuthenticators: true}
at org.openqa.selenium.remote.HttpCommandExecutor.execute(HttpCommandExecutor.java:151)
at org.openqa.selenium.remote.service.DriverCommandExecutor.invokeExecute(DriverCommandExecutor.java:216)
at org.openqa.selenium.remote.service.DriverCommandExecutor.execute(DriverCommandExecutor.java:174)
at org.openqa.selenium.remote.RemoteWebDriver.execute(RemoteWebDriver.java:519)
at org.openqa.selenium.remote.ElementLocation$ElementFinder$2.findElement(ElementLocation.java:165)
at org.openqa.selenium.remote.ElementLocation.findElement(ElementLocation.java:59)
at org.openqa.selenium.remote.RemoteWebDriver.findElement(RemoteWebDriver.java:356)
at org.openqa.selenium.remote.RemoteWebDriver.findElement(RemoteWebDriver.java:350)
at org.openqa.selenium.support.ui.ExpectedConditions$7.apply(ExpectedConditions.java:194)
at org.openqa.selenium.support.ui.ExpectedConditions$7.apply(ExpectedConditions.java:190)
at org.openqa.selenium.support.ui.FluentWait.until(FluentWait.java:203)
at pages.ButtonsPage.isRightClickMessageDisplayed(ButtonsPage.java:90)
at tests.ButtonsTest.verifyRightClickButton(ButtonsTest.java:26)
at java.base/java.util.concurrent.Executors$RunnableAdapter.call(Executors.java:572)
at java.base/java.util.concurrent.FutureTask.run(FutureTask.java:317)
at java.base/java.util.concurrent.ThreadPoolExecutor.runWorker(ThreadPoolExecutor.java:1144)
at java.base/java.util.concurrent.ThreadPoolExecutor$Worker.run(ThreadPoolExecutor.java:642)
at java.base/java.lang.Thread.run(Thread.java:1575)
... Removed 11 stack frames]]>
    </failure>
  </testcase> <!-- verifyRightClickButton -->
  <testcase classname="tests.ButtonsTest" name="verifyDoubleClickButton" time="6.411">
    <failure type="org.openqa.selenium.NoSuchSessionException" message="Session ID is null. Using WebDriver after calling quit()?
Build info: version: &amp;apos;4.18.1&amp;apos;, revision: &amp;apos;b1d3319b48&amp;apos;
System info: os.name: &amp;apos;Windows 10&amp;apos;, os.arch: &amp;apos;amd64&amp;apos;, os.version: &amp;apos;10.0&amp;apos;, java.version: &amp;apos;23.0.1&amp;apos;
Driver info: org.openqa.selenium.chrome.ChromeDriver
Command: [null, findElement {value=doubleClickBtn, using=id}]
Capabilities {acceptInsecureCerts: false, browserName: chrome, browserVersion: 145.0.7632.77, chrome: {chromedriverVersion: 145.0.7632.77 (da516187054a..., userDataDir: C:\Users\Asus\AppData\Local...}, fedcm:accounts: true, goog:chromeOptions: {debuggerAddress: localhost:56349}, goog:processID: 36232, networkConnectionEnabled: false, pageLoadStrategy: normal, platformName: windows, proxy: Proxy(), se:cdp: ws://localhost:56349/devtoo..., se:cdpVersion: 145.0.7632.77, setWindowRect: true, strictFileInteractability: false, timeouts: {implicit: 0, pageLoad: 300000, script: 30000}, unhandledPromptBehavior: dismiss and notify, webauthn:extension:credBlob: true, webauthn:extension:largeBlob: true, webauthn:extension:minPinLength: true, webauthn:extension:prf: true, webauthn:virtualAuthenticators: true}">
      <![CDATA[org.openqa.selenium.NoSuchSessionException: Session ID is null. Using WebDriver after calling quit()?
Build info: version: '4.18.1', revision: 'b1d3319b48'
System info: os.name: 'Windows 10', os.arch: 'amd64', os.version: '10.0', java.version: '23.0.1'
Driver info: org.openqa.selenium.chrome.ChromeDriver
Command: [null, findElement {value=doubleClickBtn, using=id}]
Capabilities {acceptInsecureCerts: false, browserName: chrome, browserVersion: 145.0.7632.77, chrome: {chromedriverVersion: 145.0.7632.77 (da516187054a..., userDataDir: C:\Users\Asus\AppData\Local...}, fedcm:accounts: true, goog:chromeOptions: {debuggerAddress: localhost:56349}, goog:processID: 36232, networkConnectionEnabled: false, pageLoadStrategy: normal, platformName: windows, proxy: Proxy(), se:cdp: ws://localhost:56349/devtoo..., se:cdpVersion: 145.0.7632.77, setWindowRect: true, strictFileInteractability: false, timeouts: {implicit: 0, pageLoad: 300000, script: 30000}, unhandledPromptBehavior: dismiss and notify, webauthn:extension:credBlob: true, webauthn:extension:largeBlob: true, webauthn:extension:minPinLength: true, webauthn:extension:prf: true, webauthn:virtualAuthenticators: true}
at org.openqa.selenium.remote.HttpCommandExecutor.execute(HttpCommandExecutor.java:151)
at org.openqa.selenium.remote.service.DriverCommandExecutor.invokeExecute(DriverCommandExecutor.java:216)
at org.openqa.selenium.remote.service.DriverCommandExecutor.execute(DriverCommandExecutor.java:174)
at org.openqa.selenium.remote.RemoteWebDriver.execute(RemoteWebDriver.java:519)
at org.openqa.selenium.remote.ElementLocation$ElementFinder$2.findElement(ElementLocation.java:165)
at org.openqa.selenium.remote.ElementLocation.findElement(ElementLocation.java:59)
at org.openqa.selenium.remote.RemoteWebDriver.findElement(RemoteWebDriver.java:356)
at org.openqa.selenium.remote.RemoteWebDriver.findElement(RemoteWebDriver.java:350)
at org.openqa.selenium.support.ui.ExpectedConditions$7.apply(ExpectedConditions.java:194)
at org.openqa.selenium.support.ui.ExpectedConditions$7.apply(ExpectedConditions.java:190)
at org.openqa.selenium.support.ui.ExpectedConditions$22.apply(ExpectedConditions.java:627)
at org.openqa.selenium.support.ui.ExpectedConditions$22.apply(ExpectedConditions.java:624)
at org.openqa.selenium.support.ui.FluentWait.until(FluentWait.java:203)
at pages.ButtonsPage.doubleClickButton(ButtonsPage.java:60)
at tests.ButtonsTest.verifyDoubleClickButton(ButtonsTest.java:16)
at java.base/java.util.concurrent.Executors$RunnableAdapter.call(Executors.java:572)
at java.base/java.util.concurrent.FutureTask.run(FutureTask.java:317)
at java.base/java.util.concurrent.ThreadPoolExecutor.runWorker(ThreadPoolExecutor.java:1144)
at java.base/java.util.concurrent.ThreadPoolExecutor$Worker.run(ThreadPoolExecutor.java:642)
at java.base/java.lang.Thread.run(Thread.java:1575)
... Removed 11 stack frames]]>
    </failure>
  </testcase> <!-- verifyDoubleClickButton -->
  <testcase classname="tests.LoginTest" name="verifyLoginFailsWithInvalidPassword" time="5.487"/>
  <testcase classname="tests.FramesTest" name="testFrames" time="10.236"/>
  <testcase classname="tests.CheckBoxTest" name="verifySelectHomeCheckbox" time="18.641"/>
  <testcase classname="tests.LoginTest" name="verifyLoginWithEmptyFields" time="9.652"/>
  <testcase classname="tests.BrowserWindowsTest" name="testBrowserWindows" time="32.255"/>
  <testcase classname="tests.LoginTest" name="verifyLoginWithValidCredentials" time="12.316">
    <failure type="org.openqa.selenium.NoSuchElementException" message="no such element: Unable to locate element: {&amp;quot;method&amp;quot;:&amp;quot;css selector&amp;quot;,&amp;quot;selector&amp;quot;:&amp;quot;#userName&amp;quot;}
  (Session info: chrome=145.0.7632.77)
For documentation on this error, please visit: https://www.selenium.dev/documentation/webdriver/troubleshooting/errors#no-such-element-exception
Build info: version: &amp;apos;4.18.1&amp;apos;, revision: &amp;apos;b1d3319b48&amp;apos;
System info: os.name: &amp;apos;Windows 10&amp;apos;, os.arch: &amp;apos;amd64&amp;apos;, os.version: &amp;apos;10.0&amp;apos;, java.version: &amp;apos;23.0.1&amp;apos;
Driver info: org.openqa.selenium.chrome.ChromeDriver
Command: [6d757ab27c5d0642d711ca0b49842ac7, findElement {value=userName, using=id}]
Capabilities {acceptInsecureCerts: false, browserName: chrome, browserVersion: 145.0.7632.77, chrome: {chromedriverVersion: 145.0.7632.77 (da516187054a..., userDataDir: C:\Users\Asus\AppData\Local...}, fedcm:accounts: true, goog:chromeOptions: {debuggerAddress: localhost:56859}, goog:processID: 468, networkConnectionEnabled: false, pageLoadStrategy: normal, platformName: windows, proxy: Proxy(), se:cdp: ws://localhost:56859/devtoo..., se:cdpVersion: 145.0.7632.77, setWindowRect: true, strictFileInteractability: false, timeouts: {implicit: 0, pageLoad: 300000, script: 30000}, unhandledPromptBehavior: dismiss and notify, webauthn:extension:credBlob: true, webauthn:extension:largeBlob: true, webauthn:extension:minPinLength: true, webauthn:extension:prf: true, webauthn:virtualAuthenticators: true}
Session ID: 6d757ab27c5d0642d711ca0b49842ac7">
      <![CDATA[org.openqa.selenium.NoSuchElementException: no such element: Unable to locate element: {"method":"css selector","selector":"#userName"}
  (Session info: chrome=145.0.7632.77)
For documentation on this error, please visit: https://www.selenium.dev/documentation/webdriver/troubleshooting/errors#no-such-element-exception
Build info: version: '4.18.1', revision: 'b1d3319b48'
System info: os.name: 'Windows 10', os.arch: 'amd64', os.version: '10.0', java.version: '23.0.1'
Driver info: org.openqa.selenium.chrome.ChromeDriver
Command: [6d757ab27c5d0642d711ca0b49842ac7, findElement {value=userName, using=id}]
Capabilities {acceptInsecureCerts: false, browserName: chrome, browserVersion: 145.0.7632.77, chrome: {chromedriverVersion: 145.0.7632.77 (da516187054a..., userDataDir: C:\Users\Asus\AppData\Local...}, fedcm:accounts: true, goog:chromeOptions: {debuggerAddress: localhost:56859}, goog:processID: 468, networkConnectionEnabled: false, pageLoadStrategy: normal, platformName: windows, proxy: Proxy(), se:cdp: ws://localhost:56859/devtoo..., se:cdpVersion: 145.0.7632.77, setWindowRect: true, strictFileInteractability: false, timeouts: {implicit: 0, pageLoad: 300000, script: 30000}, unhandledPromptBehavior: dismiss and notify, webauthn:extension:credBlob: true, webauthn:extension:largeBlob: true, webauthn:extension:minPinLength: true, webauthn:extension:prf: true, webauthn:virtualAuthenticators: true}
Session ID: 6d757ab27c5d0642d711ca0b49842ac7
at org.openqa.selenium.remote.ErrorCodec.decode(ErrorCodec.java:167)
at org.openqa.selenium.remote.codec.w3c.W3CHttpResponseCodec.decode(W3CHttpResponseCodec.java:138)
at org.openqa.selenium.remote.codec.w3c.W3CHttpResponseCodec.decode(W3CHttpResponseCodec.java:50)
at org.openqa.selenium.remote.HttpCommandExecutor.execute(HttpCommandExecutor.java:190)
at org.openqa.selenium.remote.service.DriverCommandExecutor.invokeExecute(DriverCommandExecutor.java:216)
at org.openqa.selenium.remote.service.DriverCommandExecutor.execute(DriverCommandExecutor.java:174)
at org.openqa.selenium.remote.RemoteWebDriver.execute(RemoteWebDriver.java:519)
at org.openqa.selenium.remote.ElementLocation$ElementFinder$2.findElement(ElementLocation.java:165)
at org.openqa.selenium.remote.ElementLocation.findElement(ElementLocation.java:66)
at org.openqa.selenium.remote.RemoteWebDriver.findElement(RemoteWebDriver.java:356)
at org.openqa.selenium.remote.RemoteWebDriver.findElement(RemoteWebDriver.java:350)
at pages.LoginPage.enterUsername(LoginPage.java:58)
at tests.LoginTest.verifyLoginWithValidCredentials(LoginTest.java:20)
at java.base/java.util.concurrent.Executors$RunnableAdapter.call(Executors.java:572)
at java.base/java.util.concurrent.FutureTask.run(FutureTask.java:317)
at java.base/java.util.concurrent.ThreadPoolExecutor.runWorker(ThreadPoolExecutor.java:1144)
at java.base/java.util.concurrent.ThreadPoolExecutor$Worker.run(ThreadPoolExecutor.java:642)
at java.base/java.lang.Thread.run(Thread.java:1575)
... Removed 14 stack frames]]>
    </failure>
  </testcase> <!-- verifyLoginWithValidCredentials -->
  <testcase classname="tests.NestedFramesTest" name="testNestedFrames" time="6.653"/>
  <testcase classname="tests.LoginTest" name="verifyLogoutFunctionality" time="12.275"/>
  <testcase classname="tests.PracticeFormTest" name="TC_PF_001_Verify_user_can_submit_form_by_filling_all_fields" time="0.0">
    <skipped/>
  </testcase> <!-- TC_PF_001_Verify_user_can_submit_form_by_filling_all_fields -->
  <testcase classname="tests.PracticeFormTest" name="TC_PF_004_Verify_that_user_Can_not_submit_form_if_user_keep_First_Name_empty_but_fiiling_other_mandatory_fields" time="0.0">
    <skipped/>
  </testcase> <!-- TC_PF_004_Verify_that_user_Can_not_submit_form_if_user_keep_First_Name_empty_but_fiiling_other_mandatory_fields -->
  <testcase classname="tests.PracticeFormTest" name="TC_PF_005_Verify_that_user_Can_not_submit_form_if_user_keep_Last_Name_empty_but_fiiling_other_mandatory_fields" time="0.0">
    <skipped/>
  </testcase> <!-- TC_PF_005_Verify_that_user_Can_not_submit_form_if_user_keep_Last_Name_empty_but_fiiling_other_mandatory_fields -->
  <testcase classname="tests.PracticeFormTest" name="TC_PF_006_Verify_that_user_Can_not_submit_form_if_user_keep_Mobile_empty_but_fiiling_other_mandatory_fields" time="0.0">
    <skipped/>
  </testcase> <!-- TC_PF_006_Verify_that_user_Can_not_submit_form_if_user_keep_Mobile_empty_but_fiiling_other_mandatory_fields -->
  <testcase classname="tests.PracticeFormTest" name="TC_PF_007_Verify_that_user_Can_not_submit_form_if_user_keep_Gender_empty_but_fiiling_other_mandatory_fields" time="0.0">
    <skipped/>
  </testcase> <!-- TC_PF_007_Verify_that_user_Can_not_submit_form_if_user_keep_Gender_empty_but_fiiling_other_mandatory_fields -->
  <testcase classname="tests.PracticeFormTest" name="TC_PF_008_Verify_that_user_can_use_Letters_symbols_and_numbers_in_the_First_Name_field" time="0.0">
    <skipped/>
  </testcase> <!-- TC_PF_008_Verify_that_user_can_use_Letters_symbols_and_numbers_in_the_First_Name_field -->
  <testcase classname="tests.PracticeFormTest" name="TC_PF_009_Verify_that_user_can_use_Letters_symbols_and_numbers_in_the_Last_Name_field" time="0.0">
    <skipped/>
  </testcase> <!-- TC_PF_009_Verify_that_user_can_use_Letters_symbols_and_numbers_in_the_Last_Name_field -->
  <testcase classname="tests.PracticeFormTest" name="TC_PF_010_Verify_that_user_can_not_submit_form_using_invalid_email_format_in_Email_Field" time="0.0">
    <skipped/>
  </testcase> <!-- TC_PF_010_Verify_that_user_can_not_submit_form_using_invalid_email_format_in_Email_Field -->
  <testcase classname="tests.PracticeFormTest" name="TC_PF_011_Verify_that_user_can_only_choose_one_gender" time="0.0">
    <skipped/>
  </testcase> <!-- TC_PF_011_Verify_that_user_can_only_choose_one_gender -->
  <testcase classname="tests.PracticeFormTest" name="TC_PF_012_Verify_that_user_cannot_use_letters_or_special_characters_in_Mobile_field" time="0.001">
    <skipped/>
  </testcase> <!-- TC_PF_012_Verify_that_user_cannot_use_letters_or_special_characters_in_Mobile_field -->
  <testcase classname="tests.PracticeFormTest" name="TC_PF_013_Verify_that_user_can_not_use_less_than_10_Digits_in_Mobile_Field" time="0.0">
    <skipped/>
  </testcase> <!-- TC_PF_013_Verify_that_user_can_not_use_less_than_10_Digits_in_Mobile_Field -->
  <testcase classname="tests.PracticeFormTest" name="TC_PF_014_Verify_that_user_can_not_use_more_than_10_Digits_in_Mobile_Field" time="0.0">
    <skipped/>
  </testcase> <!-- TC_PF_014_Verify_that_user_can_not_use_more_than_10_Digits_in_Mobile_Field -->
  <testcase classname="tests.PracticeFormTest" name="TC_PF_015_Verify_that_user_can_not_use_future_date_in_Date_of_Birth_Field" time="0.0">
    <skipped/>
  </testcase> <!-- TC_PF_015_Verify_that_user_can_not_use_future_date_in_Date_of_Birth_Field -->
  <testcase classname="tests.PracticeFormTest" name="TC_PF_016_Verify_that_user_can_choose_more_than_one_hobby" time="0.0">
    <skipped/>
  </testcase> <!-- TC_PF_016_Verify_that_user_can_choose_more_than_one_hobby -->
  <testcase classname="tests.PracticeFormTest" name="TC_PF_017_Verify_that_user_can_choose_state_from_the_dropdown_list" time="0.001">
    <skipped/>
  </testcase> <!-- TC_PF_017_Verify_that_user_can_choose_state_from_the_dropdown_list -->
  <testcase classname="tests.PracticeFormTest" name="TC_PF_018_Verify_that_user_can_choose_city_from_the_dropdown_list" time="0.0">
    <skipped/>
  </testcase> <!-- TC_PF_018_Verify_that_user_can_choose_city_from_the_dropdown_list -->
  <testcase classname="tests.PracticeFormTest" name="TC_PF_003_Verify_that_user_can_not_submit_form_when_keeping_all_fields_empty" time="0.0">
    <skipped/>
  </testcase> <!-- TC_PF_003_Verify_that_user_can_not_submit_form_when_keeping_all_fields_empty -->
  <testcase classname="tests.PracticeFormTest" name="TC_PF_002_Verify_that_user_can_submit_form_by_filling_Mandatory_fileds_only" time="0.0">
    <skipped/>
  </testcase> <!-- TC_PF_002_Verify_that_user_can_submit_form_by_filling_Mandatory_fileds_only -->
  <testcase classname="tests.AlertsTest" name="testAlerts" time="54.668"/>
  <testcase classname="tests.ModalDialogsTest" name="testModalDialogs" time="16.706"/>
  <testcase classname="tests.RadioButtonTest" name="verifyNoRadioButtonIsDisabled" time="16.306">
    <failure type="org.openqa.selenium.NoSuchElementException" message="no such element: Unable to locate element: {&amp;quot;method&amp;quot;:&amp;quot;css selector&amp;quot;,&amp;quot;selector&amp;quot;:&amp;quot;#noRadio&amp;quot;}
  (Session info: chrome=145.0.7632.77)
For documentation on this error, please visit: https://www.selenium.dev/documentation/webdriver/troubleshooting/errors#no-such-element-exception
Build info: version: &amp;apos;4.18.1&amp;apos;, revision: &amp;apos;b1d3319b48&amp;apos;
System info: os.name: &amp;apos;Windows 10&amp;apos;, os.arch: &amp;apos;amd64&amp;apos;, os.version: &amp;apos;10.0&amp;apos;, java.version: &amp;apos;23.0.1&amp;apos;
Driver info: org.openqa.selenium.chrome.ChromeDriver
Command: [36a58f67eda71cc772a5ba135679f2b6, findElement {value=noRadio, using=id}]
Capabilities {acceptInsecureCerts: false, browserName: chrome, browserVersion: 145.0.7632.77, chrome: {chromedriverVersion: 145.0.7632.77 (da516187054a..., userDataDir: C:\Users\Asus\AppData\Local...}, fedcm:accounts: true, goog:chromeOptions: {debuggerAddress: localhost:57260}, goog:processID: 27244, networkConnectionEnabled: false, pageLoadStrategy: normal, platformName: windows, proxy: Proxy(), se:cdp: ws://localhost:57260/devtoo..., se:cdpVersion: 145.0.7632.77, setWindowRect: true, strictFileInteractability: false, timeouts: {implicit: 0, pageLoad: 300000, script: 30000}, unhandledPromptBehavior: dismiss and notify, webauthn:extension:credBlob: true, webauthn:extension:largeBlob: true, webauthn:extension:minPinLength: true, webauthn:extension:prf: true, webauthn:virtualAuthenticators: true}
Session ID: 36a58f67eda71cc772a5ba135679f2b6">
      <![CDATA[org.openqa.selenium.NoSuchElementException: no such element: Unable to locate element: {"method":"css selector","selector":"#noRadio"}
  (Session info: chrome=145.0.7632.77)
For documentation on this error, please visit: https://www.selenium.dev/documentation/webdriver/troubleshooting/errors#no-such-element-exception
Build info: version: '4.18.1', revision: 'b1d3319b48'
System info: os.name: 'Windows 10', os.arch: 'amd64', os.version: '10.0', java.version: '23.0.1'
Driver info: org.openqa.selenium.chrome.ChromeDriver
Command: [36a58f67eda71cc772a5ba135679f2b6, findElement {value=noRadio, using=id}]
Capabilities {acceptInsecureCerts: false, browserName: chrome, browserVersion: 145.0.7632.77, chrome: {chromedriverVersion: 145.0.7632.77 (da516187054a..., userDataDir: C:\Users\Asus\AppData\Local...}, fedcm:accounts: true, goog:chromeOptions: {debuggerAddress: localhost:57260}, goog:processID: 27244, networkConnectionEnabled: false, pageLoadStrategy: normal, platformName: windows, proxy: Proxy(), se:cdp: ws://localhost:57260/devtoo..., se:cdpVersion: 145.0.7632.77, setWindowRect: true, strictFileInteractability: false, timeouts: {implicit: 0, pageLoad: 300000, script: 30000}, unhandledPromptBehavior: dismiss and notify, webauthn:extension:credBlob: true, webauthn:extension:largeBlob: true, webauthn:extension:minPinLength: true, webauthn:extension:prf: true, webauthn:virtualAuthenticators: true}
Session ID: 36a58f67eda71cc772a5ba135679f2b6
at org.openqa.selenium.remote.ErrorCodec.decode(ErrorCodec.java:167)
at org.openqa.selenium.remote.codec.w3c.W3CHttpResponseCodec.decode(W3CHttpResponseCodec.java:138)
at org.openqa.selenium.remote.codec.w3c.W3CHttpResponseCodec.decode(W3CHttpResponseCodec.java:50)
at org.openqa.selenium.remote.HttpCommandExecutor.execute(HttpCommandExecutor.java:190)
at org.openqa.selenium.remote.service.DriverCommandExecutor.invokeExecute(DriverCommandExecutor.java:216)
at org.openqa.selenium.remote.service.DriverCommandExecutor.execute(DriverCommandExecutor.java:174)
at org.openqa.selenium.remote.RemoteWebDriver.execute(RemoteWebDriver.java:519)
at org.openqa.selenium.remote.ElementLocation$ElementFinder$2.findElement(ElementLocation.java:165)
at org.openqa.selenium.remote.ElementLocation.findElement(ElementLocation.java:66)
at org.openqa.selenium.remote.RemoteWebDriver.findElement(RemoteWebDriver.java:356)
at org.openqa.selenium.remote.RemoteWebDriver.findElement(RemoteWebDriver.java:350)
at pages.RadioButtonPage.isNoRadioDisabled(RadioButtonPage.java:75)
at tests.RadioButtonTest.verifyNoRadioButtonIsDisabled(RadioButtonTest.java:34)
at java.base/java.util.concurrent.Executors$RunnableAdapter.call(Executors.java:572)
at java.base/java.util.concurrent.FutureTask.run(FutureTask.java:317)
at java.base/java.util.concurrent.ThreadPoolExecutor.runWorker(ThreadPoolExecutor.java:1144)
at java.base/java.util.concurrent.ThreadPoolExecutor$Worker.run(ThreadPoolExecutor.java:642)
at java.base/java.lang.Thread.run(Thread.java:1575)
... Removed 14 stack frames]]>
    </failure>
  </testcase> <!-- verifyNoRadioButtonIsDisabled -->
  <testcase classname="tests.RadioButtonTest" name="verifySelectingYesRadioButton" time="14.521"/>
  <testcase classname="tests.SelectableTest" name="testSelectable" time="31.472"/>
  <testcase classname="tests.SortableTest" name="testSortable" time="32.474"/>
  <testcase classname="tests.WebTablesTest" name="verifyEditingRecord" time="16.65">
    <failure type="org.openqa.selenium.TimeoutException" message="Expected condition failed: waiting for element to be clickable: By.id: addNewRecordButton (tried for 10 second(s) with 500 milliseconds interval)
Build info: version: &amp;apos;4.18.1&amp;apos;, revision: &amp;apos;b1d3319b48&amp;apos;
System info: os.name: &amp;apos;Windows 10&amp;apos;, os.arch: &amp;apos;amd64&amp;apos;, os.version: &amp;apos;10.0&amp;apos;, java.version: &amp;apos;23.0.1&amp;apos;
Driver info: org.openqa.selenium.chrome.ChromeDriver
Capabilities {acceptInsecureCerts: false, browserName: chrome, browserVersion: 145.0.7632.77, chrome: {chromedriverVersion: 145.0.7632.77 (da516187054a..., userDataDir: C:\Users\Asus\AppData\Local...}, fedcm:accounts: true, goog:chromeOptions: {debuggerAddress: localhost:57523}, goog:processID: 38796, networkConnectionEnabled: false, pageLoadStrategy: normal, platformName: windows, proxy: Proxy(), se:cdp: ws://localhost:57523/devtoo..., se:cdpVersion: 145.0.7632.77, setWindowRect: true, strictFileInteractability: false, timeouts: {implicit: 0, pageLoad: 300000, script: 30000}, unhandledPromptBehavior: dismiss and notify, webauthn:extension:credBlob: true, webauthn:extension:largeBlob: true, webauthn:extension:minPinLength: true, webauthn:extension:prf: true, webauthn:virtualAuthenticators: true}
Session ID: fad33e8fcf6d5a5e433b73d69dd776af">
      <![CDATA[org.openqa.selenium.TimeoutException: Expected condition failed: waiting for element to be clickable: By.id: addNewRecordButton (tried for 10 second(s) with 500 milliseconds interval)
Build info: version: '4.18.1', revision: 'b1d3319b48'
System info: os.name: 'Windows 10', os.arch: 'amd64', os.version: '10.0', java.version: '23.0.1'
Driver info: org.openqa.selenium.chrome.ChromeDriver
Capabilities {acceptInsecureCerts: false, browserName: chrome, browserVersion: 145.0.7632.77, chrome: {chromedriverVersion: 145.0.7632.77 (da516187054a..., userDataDir: C:\Users\Asus\AppData\Local...}, fedcm:accounts: true, goog:chromeOptions: {debuggerAddress: localhost:57523}, goog:processID: 38796, networkConnectionEnabled: false, pageLoadStrategy: normal, platformName: windows, proxy: Proxy(), se:cdp: ws://localhost:57523/devtoo..., se:cdpVersion: 145.0.7632.77, setWindowRect: true, strictFileInteractability: false, timeouts: {implicit: 0, pageLoad: 300000, script: 30000}, unhandledPromptBehavior: dismiss and notify, webauthn:extension:credBlob: true, webauthn:extension:largeBlob: true, webauthn:extension:minPinLength: true, webauthn:extension:prf: true, webauthn:virtualAuthenticators: true}
Session ID: fad33e8fcf6d5a5e433b73d69dd776af
at org.openqa.selenium.support.ui.WebDriverWait.timeoutException(WebDriverWait.java:84)
at org.openqa.selenium.support.ui.FluentWait.until(FluentWait.java:228)
at pages.WebTablesPage.clickAdd(WebTablesPage.java:60)
at tests.WebTablesTest.verifyEditingRecord(WebTablesTest.java:39)
at java.base/java.util.concurrent.Executors$RunnableAdapter.call(Executors.java:572)
at java.base/java.util.concurrent.FutureTask.run(FutureTask.java:317)
at java.base/java.util.concurrent.ThreadPoolExecutor.runWorker(ThreadPoolExecutor.java:1144)
at java.base/java.util.concurrent.ThreadPoolExecutor$Worker.run(ThreadPoolExecutor.java:642)
at java.base/java.lang.Thread.run(Thread.java:1575)
... Removed 11 stack frames]]>
    </failure>
  </testcase> <!-- verifyEditingRecord -->
  <testcase classname="tests.WidgetsAccordianTest" name="TC_WDG_002_Verify_accordion_section_collapses_when_clicked_again" time="0.0">
    <skipped/>
  </testcase> <!-- TC_WDG_002_Verify_accordion_section_collapses_when_clicked_again -->
  <testcase classname="tests.WidgetsAccordianTest" name="TC_WDG_001_Verify_accordion_section_expands_when_clicked" time="0.001">
    <skipped/>
  </testcase> <!-- TC_WDG_001_Verify_accordion_section_expands_when_clicked -->
  <testcase classname="tests.WidgetsAutoCompleteTest" name="TC_WDG_003_Verify_suggestions_appear_in_multiple_color_field" time="0.0">
    <skipped/>
  </testcase> <!-- TC_WDG_003_Verify_suggestions_appear_in_multiple_color_field -->
  <testcase classname="tests.WidgetsAutoCompleteTest" name="TC_WDG_006_Verify_user_can_remove_selected_colors" time="0.0">
    <skipped/>
  </testcase> <!-- TC_WDG_006_Verify_user_can_remove_selected_colors -->
  <testcase classname="tests.WidgetsAutoCompleteTest" name="TC_WDG_007_Verify_suggestions_appear_in_single_color_field" time="0.0">
    <skipped/>
  </testcase> <!-- TC_WDG_007_Verify_suggestions_appear_in_single_color_field -->
  <testcase classname="tests.WidgetsAutoCompleteTest" name="TC_WDG_008_Verify_user_can_select_color_in_single_field" time="0.0">
    <skipped/>
  </testcase> <!-- TC_WDG_008_Verify_user_can_select_color_in_single_field -->
  <testcase classname="tests.WidgetsAutoCompleteTest" name="TC_WDG_009_Verify_no_suggestions_for_invalid_input_in_single_field" time="0.0">
    <skipped/>
  </testcase> <!-- TC_WDG_009_Verify_no_suggestions_for_invalid_input_in_single_field -->
  <testcase classname="tests.WidgetsAutoCompleteTest" name="TC_WDG_010_Verify_no_suggestions_for_invalid_input_in_multiple_field" time="0.0">
    <skipped/>
  </testcase> <!-- TC_WDG_010_Verify_no_suggestions_for_invalid_input_in_multiple_field -->
  <testcase classname="tests.WebTablesTest" name="verifyAddingNewRecord" time="40.33">
    <failure type="org.openqa.selenium.TimeoutException" message="Expected condition failed: waiting for visibility of element located by By.id: searchBox (tried for 10 second(s) with 500 milliseconds interval)
Build info: version: &amp;apos;4.18.1&amp;apos;, revision: &amp;apos;b1d3319b48&amp;apos;
System info: os.name: &amp;apos;Windows 10&amp;apos;, os.arch: &amp;apos;amd64&amp;apos;, os.version: &amp;apos;10.0&amp;apos;, java.version: &amp;apos;23.0.1&amp;apos;
Driver info: org.openqa.selenium.chrome.ChromeDriver
Capabilities {acceptInsecureCerts: false, browserName: chrome, browserVersion: 145.0.7632.77, chrome: {chromedriverVersion: 145.0.7632.77 (da516187054a..., userDataDir: C:\Users\Asus\AppData\Local...}, fedcm:accounts: true, goog:chromeOptions: {debuggerAddress: localhost:57523}, goog:processID: 38796, networkConnectionEnabled: false, pageLoadStrategy: normal, platformName: windows, proxy: Proxy(), se:cdp: ws://localhost:57523/devtoo..., se:cdpVersion: 145.0.7632.77, setWindowRect: true, strictFileInteractability: false, timeouts: {implicit: 0, pageLoad: 300000, script: 30000}, unhandledPromptBehavior: dismiss and notify, webauthn:extension:credBlob: true, webauthn:extension:largeBlob: true, webauthn:extension:minPinLength: true, webauthn:extension:prf: true, webauthn:virtualAuthenticators: true}
Session ID: fad33e8fcf6d5a5e433b73d69dd776af">
      <![CDATA[org.openqa.selenium.TimeoutException: Expected condition failed: waiting for visibility of element located by By.id: searchBox (tried for 10 second(s) with 500 milliseconds interval)
Build info: version: '4.18.1', revision: 'b1d3319b48'
System info: os.name: 'Windows 10', os.arch: 'amd64', os.version: '10.0', java.version: '23.0.1'
Driver info: org.openqa.selenium.chrome.ChromeDriver
Capabilities {acceptInsecureCerts: false, browserName: chrome, browserVersion: 145.0.7632.77, chrome: {chromedriverVersion: 145.0.7632.77 (da516187054a..., userDataDir: C:\Users\Asus\AppData\Local...}, fedcm:accounts: true, goog:chromeOptions: {debuggerAddress: localhost:57523}, goog:processID: 38796, networkConnectionEnabled: false, pageLoadStrategy: normal, platformName: windows, proxy: Proxy(), se:cdp: ws://localhost:57523/devtoo..., se:cdpVersion: 145.0.7632.77, setWindowRect: true, strictFileInteractability: false, timeouts: {implicit: 0, pageLoad: 300000, script: 30000}, unhandledPromptBehavior: dismiss and notify, webauthn:extension:credBlob: true, webauthn:extension:largeBlob: true, webauthn:extension:minPinLength: true, webauthn:extension:prf: true, webauthn:virtualAuthenticators: true}
Session ID: fad33e8fcf6d5a5e433b73d69dd776af
at org.openqa.selenium.support.ui.WebDriverWait.timeoutException(WebDriverWait.java:84)
at org.openqa.selenium.support.ui.FluentWait.until(FluentWait.java:228)
at pages.WebTablesPage.searchAndWait(WebTablesPage.java:150)
at tests.WebTablesTest.verifyAddingNewRecord(WebTablesTest.java:26)
at java.base/java.util.concurrent.Executors$RunnableAdapter.call(Executors.java:572)
at java.base/java.util.concurrent.FutureTask.run(FutureTask.java:317)
at java.base/java.util.concurrent.ThreadPoolExecutor.runWorker(ThreadPoolExecutor.java:1144)
at java.base/java.util.concurrent.ThreadPoolExecutor$Worker.run(ThreadPoolExecutor.java:642)
at java.base/java.lang.Thread.run(Thread.java:1575)
... Removed 11 stack frames]]>
    </failure>
  </testcase> <!-- verifyAddingNewRecord -->
  <testcase classname="tests.WidgetsAutoCompleteTest" name="TC_WDG_004_Verify_user_can_select_color_in_multiple_field" time="0.001">
    <skipped/>
  </testcase> <!-- TC_WDG_004_Verify_user_can_select_color_in_multiple_field -->
  <testcase classname="tests.WidgetsDatePickerTest" name="TC_WDG_012_Verify_invalid_date_is_not_accepted" time="0.0">
    <skipped/>
  </testcase> <!-- TC_WDG_012_Verify_invalid_date_is_not_accepted -->
  <testcase classname="tests.WidgetsDatePickerTest" name="TC_WDG_014_Verify_invalid_manual_input_not_accepted_Date_And_Time" time="0.0">
    <skipped/>
  </testcase> <!-- TC_WDG_014_Verify_invalid_manual_input_not_accepted_Date_And_Time -->
  <testcase classname="tests.WidgetsDatePickerTest" name="TC_WDG_011_Verify_user_can_type_date_manually" time="0.0">
    <skipped/>
  </testcase> <!-- TC_WDG_011_Verify_user_can_type_date_manually -->
  <testcase classname="tests.WidgetsAutoCompleteTest" name="TC_WDG_005_Verify_user_can_select_multiple_colors" time="0.0">
    <skipped/>
  </testcase> <!-- TC_WDG_005_Verify_user_can_select_multiple_colors -->
  <testcase classname="tests.WidgetsDatePickerTest" name="TC_WDG_013_Verify_user_can_select_date_and_time" time="0.0">
    <skipped/>
  </testcase> <!-- TC_WDG_013_Verify_user_can_select_date_and_time -->
  <testcase classname="tests.WebTablesTest" name="verifyDeletingRecord" time="37.036"/>
  <testcase classname="tests.WidgetsMenuTest" name="TC_WDG_027_Verify_user_can_open_sub_submenu" time="0.0">
    <skipped/>
  </testcase> <!-- TC_WDG_027_Verify_user_can_open_sub_submenu -->
  <testcase classname="tests.WidgetsMenuTest" name="TC_WDG_026_Verify_submenu_appears_when_hovering_over_main_menu_item_2" time="0.0">
    <skipped/>
  </testcase> <!-- TC_WDG_026_Verify_submenu_appears_when_hovering_over_main_menu_item_2 -->
  <testcase classname="tests.WidgetsProgressBarTest" name="TC_WDG_019_Verify_progress_bar_starts_when_clicking_Start_button" time="0.0">
    <skipped/>
  </testcase> <!-- TC_WDG_019_Verify_progress_bar_starts_when_clicking_Start_button -->
  <testcase classname="tests.WidgetsProgressBarTest" name="TC_WDG_020_Verify_progress_bar_stops_when_clicking_Stop_button" time="0.0">
    <skipped/>
  </testcase> <!-- TC_WDG_020_Verify_progress_bar_stops_when_clicking_Stop_button -->
  <testcase classname="tests.WidgetsSlidersTest" name="TC_WDG_015_Verify_slider_moves_when_user_enters_valid_value" time="0.0">
    <skipped/>
  </testcase> <!-- TC_WDG_015_Verify_slider_moves_when_user_enters_valid_value -->
  <testcase classname="tests.WidgetsSlidersTest" name="TC_WDG_017_Verify_slider_does_not_move_when_user_enters_negative_number" time="0.001">
    <skipped/>
  </testcase> <!-- TC_WDG_017_Verify_slider_does_not_move_when_user_enters_negative_number -->
  <testcase classname="tests.WidgetsSlidersTest" name="TC_WDG_018_Verify_slider_does_not_move_when_user_enters_more_than_100" time="0.0">
    <skipped/>
  </testcase> <!-- TC_WDG_018_Verify_slider_does_not_move_when_user_enters_more_than_100 -->
  <testcase classname="tests.WidgetsTabsTest" name="TC_WDG_021_Verify_user_can_switch_between_tabs" time="0.0">
    <skipped/>
  </testcase> <!-- TC_WDG_021_Verify_user_can_switch_between_tabs -->
  <testcase classname="tests.WidgetsSlidersTest" name="TC_WDG_016_Verify_slider_does_not_move_when_user_enters_invalid_value" time="0.0">
    <skipped/>
  </testcase> <!-- TC_WDG_016_Verify_slider_does_not_move_when_user_enters_invalid_value -->
  <testcase classname="tests.WidgetsToolTipTest" name="TC_WDG_022_Verify_tooltip_appears_when_hovering_over_button" time="0.001">
    <skipped/>
  </testcase> <!-- TC_WDG_022_Verify_tooltip_appears_when_hovering_over_button -->
  <testcase classname="tests.WidgetsToolTipTest" name="TC_WDG_025_Verify_tooltip_disappears_when_mouse_removed" time="0.0">
    <skipped/>
  </testcase> <!-- TC_WDG_025_Verify_tooltip_disappears_when_mouse_removed -->
  <testcase classname="tests.WidgetsToolTipTest" name="TC_WDG_023_Verify_tooltip_disappears_when_mouse_removed" time="0.001">
    <skipped/>
  </testcase> <!-- TC_WDG_023_Verify_tooltip_disappears_when_mouse_removed -->
  <testcase classname="tests.WidgetsToolTipTest" name="TC_WDG_024_Verify_tooltip_appears_when_hovering_over_text_field" time="0.0">
    <skipped/>
  </testcase> <!-- TC_WDG_024_Verify_tooltip_appears_when_hovering_over_text_field -->
</testsuite> <!-- All DemoQA Tests -->
