<?xml version="1.0" encoding="UTF-8"?>
<testng-results ignored="0" total="65" passed="14" failed="6" skipped="45">
  <reporter-output>
  </reporter-output>
  <suite started-at="2026-02-23T09:49:19 EET" name="DemoQA Suite" finished-at="2026-02-23T09:51:52 EET" duration-ms="153130">
    <groups>
    </groups>
    <test started-at="2026-02-23T09:49:19 EET" name="All DemoQA Tests" finished-at="2026-02-23T09:51:52 EET" duration-ms="153130">
      <class name="tests.LoginTest">
        <test-method is-config="true" signature="setup()[pri:0, instance:tests.LoginTest@11fc564b]" started-at="2026-02-23T09:49:33 EET" name="setup" finished-at="2026-02-23T09:49:38 EET" duration-ms="4931" status="PASS">
          <reporter-output>
          </reporter-output>
        </test-method> <!-- setup -->
        <test-method signature="verifyLoginFailsWithInvalidPassword()[pri:0, instance:tests.LoginTest@11fc564b]" started-at="2026-02-23T09:49:38 EET" name="verifyLoginFailsWithInvalidPassword" finished-at="2026-02-23T09:49:44 EET" duration-ms="5487" status="PASS">
          <reporter-output>
          </reporter-output>
        </test-method> <!-- verifyLoginFailsWithInvalidPassword -->
        <test-method is-config="true" signature="tearDown()[pri:0, instance:tests.LoginTest@11fc564b]" started-at="2026-02-23T09:49:44 EET" name="tearDown" finished-at="2026-02-23T09:49:44 EET" duration-ms="162" status="PASS">
          <reporter-output>
          </reporter-output>
        </test-method> <!-- tearDown -->
        <test-method is-config="true" signature="setup()[pri:0, instance:tests.LoginTest@11fc564b]" started-at="2026-02-23T09:49:44 EET" name="setup" finished-at="2026-02-23T09:49:46 EET" duration-ms="2209" status="PASS">
          <reporter-output>
          </reporter-output>
        </test-method> <!-- setup -->
        <test-method is-config="true" signature="setup()[pri:0, instance:tests.LoginTest@11fc564b]" started-at="2026-02-23T09:49:46 EET" name="setup" finished-at="2026-02-23T09:49:58 EET" duration-ms="12225" status="PASS">
          <reporter-output>
          </reporter-output>
        </test-method> <!-- setup -->
        <test-method signature="verifyLoginWithEmptyFields()[pri:0, instance:tests.LoginTest@11fc564b]" started-at="2026-02-23T09:49:46 EET" name="verifyLoginWithEmptyFields" finished-at="2026-02-23T09:49:56 EET" duration-ms="9652" status="PASS">
          <reporter-output>
          </reporter-output>
        </test-method> <!-- verifyLoginWithEmptyFields -->
        <test-method is-config="true" signature="setup()[pri:0, instance:tests.LoginTest@11fc564b]" started-at="2026-02-23T09:49:52 EET" name="setup" finished-at="2026-02-23T09:50:01 EET" duration-ms="8149" status="PASS">
          <reporter-output>
          </reporter-output>
        </test-method> <!-- setup -->
        <test-method is-config="true" signature="tearDown()[pri:0, instance:tests.LoginTest@11fc564b]" started-at="2026-02-23T09:49:56 EET" name="tearDown" finished-at="2026-02-23T09:49:56 EET" duration-ms="143" status="PASS">
          <reporter-output>
          </reporter-output>
        </test-method> <!-- tearDown -->
        <test-method signature="verifyLoginWithValidCredentials()[pri:0, instance:tests.LoginTest@11fc564b]" started-at="2026-02-23T09:49:58 EET" name="verifyLoginWithValidCredentials" finished-at="2026-02-23T09:50:10 EET" duration-ms="12316" status="FAIL">
          <exception class="org.openqa.selenium.NoSuchElementException">
            <message>
              <![CDATA[no such element: Unable to locate element: {"method":"css selector","selector":"#userName"}
  (Session info: chrome=145.0.7632.77)
For documentation on this error, please visit: https://www.selenium.dev/documentation/webdriver/troubleshooting/errors#no-such-element-exception
Build info: version: '4.18.1', revision: 'b1d3319b48'
System info: os.name: 'Windows 10', os.arch: 'amd64', os.version: '10.0', java.version: '23.0.1'
Driver info: org.openqa.selenium.chrome.ChromeDriver
Command: [6d757ab27c5d0642d711ca0b49842ac7, findElement {value=userName, using=id}]
Capabilities {acceptInsecureCerts: false, browserName: chrome, browserVersion: 145.0.7632.77, chrome: {chromedriverVersion: 145.0.7632.77 (da516187054a..., userDataDir: C:\Users\Asus\AppData\Local...}, fedcm:accounts: true, goog:chromeOptions: {debuggerAddress: localhost:56859}, goog:processID: 468, networkConnectionEnabled: false, pageLoadStrategy: normal, platformName: windows, proxy: Proxy(), se:cdp: ws://localhost:56859/devtoo..., se:cdpVersion: 145.0.7632.77, setWindowRect: true, strictFileInteractability: false, timeouts: {implicit: 0, pageLoad: 300000, script: 30000}, unhandledPromptBehavior: dismiss and notify, webauthn:extension:credBlob: true, webauthn:extension:largeBlob: true, webauthn:extension:minPinLength: true, webauthn:extension:prf: true, webauthn:virtualAuthenticators: true}
Session ID: 6d757ab27c5d0642d711ca0b49842ac7]]>
            </message>
            <full-stacktrace>
              <![CDATA[org.openqa.selenium.NoSuchElementException: no such element: Unable to locate element: {"method":"css selector","selector":"#userName"}
  (Session info: chrome=145.0.7632.77)
For documentation on this error, please visit: https://www.selenium.dev/documentation/webdriver/troubleshooting/errors#no-such-element-exception
Build info: version: '4.18.1', revision: 'b1d3319b48'
System info: os.name: 'Windows 10', os.arch: 'amd64', os.version: '10.0', java.version: '23.0.1'
Driver info: org.openqa.selenium.chrome.ChromeDriver
Command: [6d757ab27c5d0642d711ca0b49842ac7, findElement {value=userName, using=id}]
Capabilities {acceptInsecureCerts: false, browserName: chrome, browserVersion: 145.0.7632.77, chrome: {chromedriverVersion: 145.0.7632.77 (da516187054a..., userDataDir: C:\Users\Asus\AppData\Local...}, fedcm:accounts: true, goog:chromeOptions: {debuggerAddress: localhost:56859}, goog:processID: 468, networkConnectionEnabled: false, pageLoadStrategy: normal, platformName: windows, proxy: Proxy(), se:cdp: ws://localhost:56859/devtoo..., se:cdpVersion: 145.0.7632.77, setWindowRect: true, strictFileInteractability: false, timeouts: {implicit: 0, pageLoad: 300000, script: 30000}, unhandledPromptBehavior: dismiss and notify, webauthn:extension:credBlob: true, webauthn:extension:largeBlob: true, webauthn:extension:minPinLength: true, webauthn:extension:prf: true, webauthn:virtualAuthenticators: true}
Session ID: 6d757ab27c5d0642d711ca0b49842ac7
at java.base/jdk.internal.reflect.DirectConstructorHandleAccessor.newInstance(DirectConstructorHandleAccessor.java:62)
at java.base/java.lang.reflect.Constructor.newInstanceWithCaller(Constructor.java:501)
at java.base/java.lang.reflect.Constructor.newInstance(Constructor.java:485)
at org.openqa.selenium.remote.ErrorCodec.decode(ErrorCodec.java:167)
at org.openqa.selenium.remote.codec.w3c.W3CHttpResponseCodec.decode(W3CHttpResponseCodec.java:138)
at org.openqa.selenium.remote.codec.w3c.W3CHttpResponseCodec.decode(W3CHttpResponseCodec.java:50)
at org.openqa.selenium.remote.HttpCommandExecutor.execute(HttpCommandExecutor.java:190)
at org.openqa.selenium.remote.service.DriverCommandExecutor.invokeExecute(DriverCommandExecutor.java:216)
at org.openqa.selenium.remote.service.DriverCommandExecutor.execute(DriverCommandExecutor.java:174)
at org.openqa.selenium.remote.RemoteWebDriver.execute(RemoteWebDriver.java:519)
at org.openqa.selenium.remote.ElementLocation$ElementFinder$2.findElement(ElementLocation.java:165)
at org.openqa.selenium.remote.ElementLocation.findElement(ElementLocation.java:66)
at org.openqa.selenium.remote.RemoteWebDriver.findElement(RemoteWebDriver.java:356)
at org.openqa.selenium.remote.RemoteWebDriver.findElement(RemoteWebDriver.java:350)
at pages.LoginPage.enterUsername(LoginPage.java:58)
at tests.LoginTest.verifyLoginWithValidCredentials(LoginTest.java:20)
at java.base/jdk.internal.reflect.DirectMethodHandleAccessor.invoke(DirectMethodHandleAccessor.java:103)
at java.base/java.lang.reflect.Method.invoke(Method.java:580)
at org.testng.internal.invokers.MethodInvocationHelper.invokeMethod(MethodInvocationHelper.java:139)
at org.testng.internal.invokers.TestInvoker.invokeMethod(TestInvoker.java:664)
at org.testng.internal.invokers.TestInvoker.invokeTestMethod(TestInvoker.java:228)
at org.testng.internal.invokers.MethodRunner.runInSequence(MethodRunner.java:63)
at org.testng.internal.invokers.TestInvoker$MethodInvocationAgent.invoke(TestInvoker.java:961)
at org.testng.internal.invokers.TestInvoker.invokeTestMethods(TestInvoker.java:201)
at org.testng.internal.invokers.TestMethodWorker.invokeTestMethods(TestMethodWorker.java:148)
at org.testng.internal.invokers.TestMethodWorker.run(TestMethodWorker.java:128)
at java.base/java.util.concurrent.Executors$RunnableAdapter.call(Executors.java:572)
at java.base/java.util.concurrent.FutureTask.run(FutureTask.java:317)
at org.testng.internal.thread.graph.TestNGFutureTask.run(TestNGFutureTask.java:22)
at java.base/java.util.concurrent.ThreadPoolExecutor.runWorker(ThreadPoolExecutor.java:1144)
at java.base/java.util.concurrent.ThreadPoolExecutor$Worker.run(ThreadPoolExecutor.java:642)
at java.base/java.lang.Thread.run(Thread.java:1575)
]]>
            </full-stacktrace>
          </exception> <!-- org.openqa.selenium.NoSuchElementException -->
          <reporter-output>
          </reporter-output>
        </test-method> <!-- verifyLoginWithValidCredentials -->
        <test-method signature="verifyLogoutFunctionality()[pri:0, instance:tests.LoginTest@11fc564b]" started-at="2026-02-23T09:50:01 EET" name="verifyLogoutFunctionality" finished-at="2026-02-23T09:50:13 EET" duration-ms="12275" status="PASS">
          <reporter-output>
          </reporter-output>
        </test-method> <!-- verifyLogoutFunctionality -->
        <test-method is-config="true" signature="tearDown()[pri:0, instance:tests.LoginTest@11fc564b]" started-at="2026-02-23T09:50:10 EET" name="tearDown" finished-at="2026-02-23T09:50:11 EET" duration-ms="667" status="PASS">
          <reporter-output>
          </reporter-output>
        </test-method> <!-- tearDown -->
        <test-method is-config="true" signature="tearDown()[pri:0, instance:tests.LoginTest@11fc564b]" started-at="2026-02-23T09:50:13 EET" name="tearDown" finished-at="2026-02-23T09:50:13 EET" duration-ms="406" status="PASS">
          <reporter-output>
          </reporter-output>
        </test-method> <!-- tearDown -->
      </class> <!-- tests.LoginTest -->
      <class name="tests.WidgetsAutoCompleteTest">
        <test-method is-config="true" signature="setup()[pri:0, instance:tests.WidgetsAutoCompleteTest@fd07cbb]" started-at="2026-02-23T09:50:59 EET" name="setup" finished-at="2026-02-23T09:51:04 EET" duration-ms="4312" status="FAIL">
          <exception class="java.lang.ClassCastException">
            <message>
              <![CDATA[class java.lang.ThreadLocal cannot be cast to class org.openqa.selenium.JavascriptExecutor (java.lang.ThreadLocal is in module java.base of loader 'bootstrap'; org.openqa.selenium.JavascriptExecutor is in unnamed module of loader 'app')]]>
            </message>
            <full-stacktrace>
              <![CDATA[java.lang.ClassCastException: class java.lang.ThreadLocal cannot be cast to class org.openqa.selenium.JavascriptExecutor (java.lang.ThreadLocal is in module java.base of loader 'bootstrap'; org.openqa.selenium.JavascriptExecutor is in unnamed module of loader 'app')
at base.BaseSetup.NavigateWidgets(BaseSetup.java:29)
at pages.WidgetsAutoComplete.openAutoComplete(WidgetsAutoComplete.java:12)
at tests.WidgetsAutoCompleteTest.setup(WidgetsAutoCompleteTest.java:8)
at java.base/jdk.internal.reflect.DirectMethodHandleAccessor.invoke(DirectMethodHandleAccessor.java:103)
at java.base/java.lang.reflect.Method.invoke(Method.java:580)
at org.testng.internal.invokers.MethodInvocationHelper.invokeMethod(MethodInvocationHelper.java:139)
at org.testng.internal.invokers.MethodInvocationHelper.invokeMethodConsideringTimeout(MethodInvocationHelper.java:69)
at org.testng.internal.invokers.ConfigInvoker.invokeConfigurationMethod(ConfigInvoker.java:393)
at org.testng.internal.invokers.ConfigInvoker.invokeConfigurations(ConfigInvoker.java:326)
at org.testng.internal.invokers.TestInvoker.runConfigMethods(TestInvoker.java:810)
at org.testng.internal.invokers.TestInvoker.invokeMethod(TestInvoker.java:578)
at org.testng.internal.invokers.TestInvoker.invokeTestMethod(TestInvoker.java:228)
at org.testng.internal.invokers.MethodRunner.runInSequence(MethodRunner.java:63)
at org.testng.internal.invokers.TestInvoker$MethodInvocationAgent.invoke(TestInvoker.java:961)
at org.testng.internal.invokers.TestInvoker.invokeTestMethods(TestInvoker.java:201)
at org.testng.internal.invokers.TestMethodWorker.invokeTestMethods(TestMethodWorker.java:148)
at org.testng.internal.invokers.TestMethodWorker.run(TestMethodWorker.java:128)
at java.base/java.util.concurrent.Executors$RunnableAdapter.call(Executors.java:572)
at java.base/java.util.concurrent.FutureTask.run(FutureTask.java:317)
at org.testng.internal.thread.graph.TestNGFutureTask.run(TestNGFutureTask.java:22)
at java.base/java.util.concurrent.ThreadPoolExecutor.runWorker(ThreadPoolExecutor.java:1144)
at java.base/java.util.concurrent.ThreadPoolExecutor$Worker.run(ThreadPoolExecutor.java:642)
at java.base/java.lang.Thread.run(Thread.java:1575)
]]>
            </full-stacktrace>
          </exception> <!-- java.lang.ClassCastException -->
          <reporter-output>
          </reporter-output>
        </test-method> <!-- setup -->
        <test-method is-config="true" signature="setup()[pri:0, instance:tests.WidgetsAutoCompleteTest@fd07cbb]" started-at="2026-02-23T09:50:59 EET" name="setup" finished-at="2026-02-23T09:51:12 EET" duration-ms="12632" status="FAIL">
          <exception class="java.lang.ClassCastException">
            <message>
              <![CDATA[class java.lang.ThreadLocal cannot be cast to class org.openqa.selenium.JavascriptExecutor (java.lang.ThreadLocal is in module java.base of loader 'bootstrap'; org.openqa.selenium.JavascriptExecutor is in unnamed module of loader 'app')]]>
            </message>
            <full-stacktrace>
              <![CDATA[java.lang.ClassCastException: class java.lang.ThreadLocal cannot be cast to class org.openqa.selenium.JavascriptExecutor (java.lang.ThreadLocal is in module java.base of loader 'bootstrap'; org.openqa.selenium.JavascriptExecutor is in unnamed module of loader 'app')
at base.BaseSetup.NavigateWidgets(BaseSetup.java:29)
at pages.WidgetsAutoComplete.openAutoComplete(WidgetsAutoComplete.java:12)
at tests.WidgetsAutoCompleteTest.setup(WidgetsAutoCompleteTest.java:8)
at java.base/jdk.internal.reflect.DirectMethodHandleAccessor.invoke(DirectMethodHandleAccessor.java:103)
at java.base/java.lang.reflect.Method.invoke(Method.java:580)
at org.testng.internal.invokers.MethodInvocationHelper.invokeMethod(MethodInvocationHelper.java:139)
at org.testng.internal.invokers.MethodInvocationHelper.invokeMethodConsideringTimeout(MethodInvocationHelper.java:69)
at org.testng.internal.invokers.ConfigInvoker.invokeConfigurationMethod(ConfigInvoker.java:393)
at org.testng.internal.invokers.ConfigInvoker.invokeConfigurations(ConfigInvoker.java:326)
at org.testng.internal.invokers.TestInvoker.runConfigMethods(TestInvoker.java:810)
at org.testng.internal.invokers.TestInvoker.invokeMethod(TestInvoker.java:578)
at org.testng.internal.invokers.TestInvoker.invokeTestMethod(TestInvoker.java:228)
at org.testng.internal.invokers.MethodRunner.runInSequence(MethodRunner.java:63)
at org.testng.internal.invokers.TestInvoker$MethodInvocationAgent.invoke(TestInvoker.java:961)
at org.testng.internal.invokers.TestInvoker.invokeTestMethods(TestInvoker.java:201)
at org.testng.internal.invokers.TestMethodWorker.invokeTestMethods(TestMethodWorker.java:148)
at org.testng.internal.invokers.TestMethodWorker.run(TestMethodWorker.java:128)
at java.base/java.util.concurrent.Executors$RunnableAdapter.call(Executors.java:572)
at java.base/java.util.concurrent.FutureTask.run(FutureTask.java:317)
at org.testng.internal.thread.graph.TestNGFutureTask.run(TestNGFutureTask.java:22)
at java.base/java.util.concurrent.ThreadPoolExecutor.runWorker(ThreadPoolExecutor.java:1144)
at java.base/java.util.concurrent.ThreadPoolExecutor$Worker.run(ThreadPoolExecutor.java:642)
at java.base/java.lang.Thread.run(Thread.java:1575)
]]>
            </full-stacktrace>
          </exception> <!-- java.lang.ClassCastException -->
          <reporter-output>
          </reporter-output>
        </test-method> <!-- setup -->
        <test-method is-config="true" signature="setup()[pri:0, instance:tests.WidgetsAutoCompleteTest@fd07cbb]" started-at="2026-02-23T09:51:01 EET" name="setup" finished-at="2026-02-23T09:51:19 EET" duration-ms="17654" status="FAIL">
          <exception class="java.lang.ClassCastException">
            <message>
              <![CDATA[class java.lang.ThreadLocal cannot be cast to class org.openqa.selenium.JavascriptExecutor (java.lang.ThreadLocal is in module java.base of loader 'bootstrap'; org.openqa.selenium.JavascriptExecutor is in unnamed module of loader 'app')]]>
            </message>
            <full-stacktrace>
              <![CDATA[java.lang.ClassCastException: class java.lang.ThreadLocal cannot be cast to class org.openqa.selenium.JavascriptExecutor (java.lang.ThreadLocal is in module java.base of loader 'bootstrap'; org.openqa.selenium.JavascriptExecutor is in unnamed module of loader 'app')
at base.BaseSetup.NavigateWidgets(BaseSetup.java:29)
at pages.WidgetsAutoComplete.openAutoComplete(WidgetsAutoComplete.java:12)
at tests.WidgetsAutoCompleteTest.setup(WidgetsAutoCompleteTest.java:8)
at java.base/jdk.internal.reflect.DirectMethodHandleAccessor.invoke(DirectMethodHandleAccessor.java:103)
at java.base/java.lang.reflect.Method.invoke(Method.java:580)
at org.testng.internal.invokers.MethodInvocationHelper.invokeMethod(MethodInvocationHelper.java:139)
at org.testng.internal.invokers.MethodInvocationHelper.invokeMethodConsideringTimeout(MethodInvocationHelper.java:69)
at org.testng.internal.invokers.ConfigInvoker.invokeConfigurationMethod(ConfigInvoker.java:393)
at org.testng.internal.invokers.ConfigInvoker.invokeConfigurations(ConfigInvoker.java:326)
at org.testng.internal.invokers.TestInvoker.runConfigMethods(TestInvoker.java:810)
at org.testng.internal.invokers.TestInvoker.invokeMethod(TestInvoker.java:578)
at org.testng.internal.invokers.TestInvoker.invokeTestMethod(TestInvoker.java:228)
at org.testng.internal.invokers.MethodRunner.runInSequence(MethodRunner.java:63)
at org.testng.internal.invokers.TestInvoker$MethodInvocationAgent.invoke(TestInvoker.java:961)
at org.testng.internal.invokers.TestInvoker.invokeTestMethods(TestInvoker.java:201)
at org.testng.internal.invokers.TestMethodWorker.invokeTestMethods(TestMethodWorker.java:148)
at org.testng.internal.invokers.TestMethodWorker.run(TestMethodWorker.java:128)
at java.base/java.util.concurrent.Executors$RunnableAdapter.call(Executors.java:572)
at java.base/java.util.concurrent.FutureTask.run(FutureTask.java:317)
at org.testng.internal.thread.graph.TestNGFutureTask.run(TestNGFutureTask.java:22)
at java.base/java.util.concurrent.ThreadPoolExecutor.runWorker(ThreadPoolExecutor.java:1144)
at java.base/java.util.concurrent.ThreadPoolExecutor$Worker.run(ThreadPoolExecutor.java:642)
at java.base/java.lang.Thread.run(Thread.java:1575)
]]>
            </full-stacktrace>
          </exception> <!-- java.lang.ClassCastException -->
          <reporter-output>
          </reporter-output>
        </test-method> <!-- setup -->
        <test-method signature="TC_WDG_003_Verify_suggestions_appear_in_multiple_color_field()[pri:0, instance:tests.WidgetsAutoCompleteTest@fd07cbb]" started-at="2026-02-23T09:51:04 EET" name="TC_WDG_003_Verify_suggestions_appear_in_multiple_color_field" finished-at="2026-02-23T09:51:04 EET" duration-ms="0" status="SKIP">
          <exception class="java.lang.ClassCastException">
            <message>
              <![CDATA[class java.lang.ThreadLocal cannot be cast to class org.openqa.selenium.JavascriptExecutor (java.lang.ThreadLocal is in module java.base of loader 'bootstrap'; org.openqa.selenium.JavascriptExecutor is in unnamed module of loader 'app')]]>
            </message>
            <full-stacktrace>
              <![CDATA[java.lang.ClassCastException: class java.lang.ThreadLocal cannot be cast to class org.openqa.selenium.JavascriptExecutor (java.lang.ThreadLocal is in module java.base of loader 'bootstrap'; org.openqa.selenium.JavascriptExecutor is in unnamed module of loader 'app')
at base.BaseSetup.NavigateWidgets(BaseSetup.java:29)
at pages.WidgetsAutoComplete.openAutoComplete(WidgetsAutoComplete.java:12)
at tests.WidgetsAutoCompleteTest.setup(WidgetsAutoCompleteTest.java:8)
at java.base/jdk.internal.reflect.DirectMethodHandleAccessor.invoke(DirectMethodHandleAccessor.java:103)
at java.base/java.lang.reflect.Method.invoke(Method.java:580)
at org.testng.internal.invokers.MethodInvocationHelper.invokeMethod(MethodInvocationHelper.java:139)
at org.testng.internal.invokers.MethodInvocationHelper.invokeMethodConsideringTimeout(MethodInvocationHelper.java:69)
at org.testng.internal.invokers.ConfigInvoker.invokeConfigurationMethod(ConfigInvoker.java:393)
at org.testng.internal.invokers.ConfigInvoker.invokeConfigurations(ConfigInvoker.java:326)
at org.testng.internal.invokers.TestInvoker.runConfigMethods(TestInvoker.java:810)
at org.testng.internal.invokers.TestInvoker.invokeMethod(TestInvoker.java:578)
at org.testng.internal.invokers.TestInvoker.invokeTestMethod(TestInvoker.java:228)
at org.testng.internal.invokers.MethodRunner.runInSequence(MethodRunner.java:63)
at org.testng.internal.invokers.TestInvoker$MethodInvocationAgent.invoke(TestInvoker.java:961)
at org.testng.internal.invokers.TestInvoker.invokeTestMethods(TestInvoker.java:201)
at org.testng.internal.invokers.TestMethodWorker.invokeTestMethods(TestMethodWorker.java:148)
at org.testng.internal.invokers.TestMethodWorker.run(TestMethodWorker.java:128)
at java.base/java.util.concurrent.Executors$RunnableAdapter.call(Executors.java:572)
at java.base/java.util.concurrent.FutureTask.run(FutureTask.java:317)
at org.testng.internal.thread.graph.TestNGFutureTask.run(TestNGFutureTask.java:22)
at java.base/java.util.concurrent.ThreadPoolExecutor.runWorker(ThreadPoolExecutor.java:1144)
at java.base/java.util.concurrent.ThreadPoolExecutor$Worker.run(ThreadPoolExecutor.java:642)
at java.base/java.lang.Thread.run(Thread.java:1575)
]]>
            </full-stacktrace>
          </exception> <!-- java.lang.ClassCastException -->
          <reporter-output>
          </reporter-output>
        </test-method> <!-- TC_WDG_003_Verify_suggestions_appear_in_multiple_color_field -->
        <test-method is-config="true" signature="quitDemoQA()[pri:0, instance:tests.WidgetsAutoCompleteTest@fd07cbb]" started-at="2026-02-23T09:51:04 EET" name="quitDemoQA" finished-at="2026-02-23T09:51:04 EET" duration-ms="0" status="SKIP">
          <reporter-output>
          </reporter-output>
        </test-method> <!-- quitDemoQA -->
        <test-method is-config="true" signature="setup()[pri:0, instance:tests.WidgetsAutoCompleteTest@fd07cbb]" started-at="2026-02-23T09:51:04 EET" name="setup" finished-at="2026-02-23T09:51:04 EET" duration-ms="0" status="SKIP">
          <reporter-output>
          </reporter-output>
        </test-method> <!-- setup -->
        <test-method signature="TC_WDG_006_Verify_user_can_remove_selected_colors()[pri:0, instance:tests.WidgetsAutoCompleteTest@fd07cbb]" started-at="2026-02-23T09:51:04 EET" name="TC_WDG_006_Verify_user_can_remove_selected_colors" finished-at="2026-02-23T09:51:04 EET" duration-ms="0" status="SKIP">
          <exception class="java.lang.ClassCastException">
            <message>
              <![CDATA[class java.lang.ThreadLocal cannot be cast to class org.openqa.selenium.JavascriptExecutor (java.lang.ThreadLocal is in module java.base of loader 'bootstrap'; org.openqa.selenium.JavascriptExecutor is in unnamed module of loader 'app')]]>
            </message>
            <full-stacktrace>
              <![CDATA[java.lang.ClassCastException: class java.lang.ThreadLocal cannot be cast to class org.openqa.selenium.JavascriptExecutor (java.lang.ThreadLocal is in module java.base of loader 'bootstrap'; org.openqa.selenium.JavascriptExecutor is in unnamed module of loader 'app')
at base.BaseSetup.NavigateWidgets(BaseSetup.java:29)
at pages.WidgetsAutoComplete.openAutoComplete(WidgetsAutoComplete.java:12)
at tests.WidgetsAutoCompleteTest.setup(WidgetsAutoCompleteTest.java:8)
at java.base/jdk.internal.reflect.DirectMethodHandleAccessor.invoke(DirectMethodHandleAccessor.java:103)
at java.base/java.lang.reflect.Method.invoke(Method.java:580)
at org.testng.internal.invokers.MethodInvocationHelper.invokeMethod(MethodInvocationHelper.java:139)
at org.testng.internal.invokers.MethodInvocationHelper.invokeMethodConsideringTimeout(MethodInvocationHelper.java:69)
at org.testng.internal.invokers.ConfigInvoker.invokeConfigurationMethod(ConfigInvoker.java:393)
at org.testng.internal.invokers.ConfigInvoker.invokeConfigurations(ConfigInvoker.java:326)
at org.testng.internal.invokers.TestInvoker.runConfigMethods(TestInvoker.java:810)
at org.testng.internal.invokers.TestInvoker.invokeMethod(TestInvoker.java:578)
at org.testng.internal.invokers.TestInvoker.invokeTestMethod(TestInvoker.java:228)
at org.testng.internal.invokers.MethodRunner.runInSequence(MethodRunner.java:63)
at org.testng.internal.invokers.TestInvoker$MethodInvocationAgent.invoke(TestInvoker.java:961)
at org.testng.internal.invokers.TestInvoker.invokeTestMethods(TestInvoker.java:201)
at org.testng.internal.invokers.TestMethodWorker.invokeTestMethods(TestMethodWorker.java:148)
at org.testng.internal.invokers.TestMethodWorker.run(TestMethodWorker.java:128)
at java.base/java.util.concurrent.Executors$RunnableAdapter.call(Executors.java:572)
at java.base/java.util.concurrent.FutureTask.run(FutureTask.java:317)
at org.testng.internal.thread.graph.TestNGFutureTask.run(TestNGFutureTask.java:22)
at java.base/java.util.concurrent.ThreadPoolExecutor.runWorker(ThreadPoolExecutor.java:1144)
at java.base/java.util.concurrent.ThreadPoolExecutor$Worker.run(ThreadPoolExecutor.java:642)
at java.base/java.lang.Thread.run(Thread.java:1575)
]]>
            </full-stacktrace>
          </exception> <!-- java.lang.ClassCastException -->
          <reporter-output>
          </reporter-output>
        </test-method> <!-- TC_WDG_006_Verify_user_can_remove_selected_colors -->
        <test-method is-config="true" signature="quitDemoQA()[pri:0, instance:tests.WidgetsAutoCompleteTest@fd07cbb]" started-at="2026-02-23T09:51:04 EET" name="quitDemoQA" finished-at="2026-02-23T09:51:04 EET" duration-ms="0" status="SKIP">
          <reporter-output>
          </reporter-output>
        </test-method> <!-- quitDemoQA -->
        <test-method is-config="true" signature="setup()[pri:0, instance:tests.WidgetsAutoCompleteTest@fd07cbb]" started-at="2026-02-23T09:51:04 EET" name="setup" finished-at="2026-02-23T09:51:04 EET" duration-ms="0" status="SKIP">
          <reporter-output>
          </reporter-output>
        </test-method> <!-- setup -->
        <test-method signature="TC_WDG_007_Verify_suggestions_appear_in_single_color_field()[pri:0, instance:tests.WidgetsAutoCompleteTest@fd07cbb]" started-at="2026-02-23T09:51:04 EET" name="TC_WDG_007_Verify_suggestions_appear_in_single_color_field" finished-at="2026-02-23T09:51:04 EET" duration-ms="0" status="SKIP">
          <exception class="java.lang.ClassCastException">
            <message>
              <![CDATA[class java.lang.ThreadLocal cannot be cast to class org.openqa.selenium.JavascriptExecutor (java.lang.ThreadLocal is in module java.base of loader 'bootstrap'; org.openqa.selenium.JavascriptExecutor is in unnamed module of loader 'app')]]>
            </message>
            <full-stacktrace>
              <![CDATA[java.lang.ClassCastException: class java.lang.ThreadLocal cannot be cast to class org.openqa.selenium.JavascriptExecutor (java.lang.ThreadLocal is in module java.base of loader 'bootstrap'; org.openqa.selenium.JavascriptExecutor is in unnamed module of loader 'app')
at base.BaseSetup.NavigateWidgets(BaseSetup.java:29)
at pages.WidgetsAutoComplete.openAutoComplete(WidgetsAutoComplete.java:12)
at tests.WidgetsAutoCompleteTest.setup(WidgetsAutoCompleteTest.java:8)
at java.base/jdk.internal.reflect.DirectMethodHandleAccessor.invoke(DirectMethodHandleAccessor.java:103)
at java.base/java.lang.reflect.Method.invoke(Method.java:580)
at org.testng.internal.invokers.MethodInvocationHelper.invokeMethod(MethodInvocationHelper.java:139)
at org.testng.internal.invokers.MethodInvocationHelper.invokeMethodConsideringTimeout(MethodInvocationHelper.java:69)
at org.testng.internal.invokers.ConfigInvoker.invokeConfigurationMethod(ConfigInvoker.java:393)
at org.testng.internal.invokers.ConfigInvoker.invokeConfigurations(ConfigInvoker.java:326)
at org.testng.internal.invokers.TestInvoker.runConfigMethods(TestInvoker.java:810)
at org.testng.internal.invokers.TestInvoker.invokeMethod(TestInvoker.java:578)
at org.testng.internal.invokers.TestInvoker.invokeTestMethod(TestInvoker.java:228)
at org.testng.internal.invokers.MethodRunner.runInSequence(MethodRunner.java:63)
at org.testng.internal.invokers.TestInvoker$MethodInvocationAgent.invoke(TestInvoker.java:961)
at org.testng.internal.invokers.TestInvoker.invokeTestMethods(TestInvoker.java:201)
at org.testng.internal.invokers.TestMethodWorker.invokeTestMethods(TestMethodWorker.java:148)
at org.testng.internal.invokers.TestMethodWorker.run(TestMethodWorker.java:128)
at java.base/java.util.concurrent.Executors$RunnableAdapter.call(Executors.java:572)
at java.base/java.util.concurrent.FutureTask.run(FutureTask.java:317)
at org.testng.internal.thread.graph.TestNGFutureTask.run(TestNGFutureTask.java:22)
at java.base/java.util.concurrent.ThreadPoolExecutor.runWorker(ThreadPoolExecutor.java:1144)
at java.base/java.util.concurrent.ThreadPoolExecutor$Worker.run(ThreadPoolExecutor.java:642)
at java.base/java.lang.Thread.run(Thread.java:1575)
]]>
            </full-stacktrace>
          </exception> <!-- java.lang.ClassCastException -->
          <reporter-output>
          </reporter-output>
        </test-method> <!-- TC_WDG_007_Verify_suggestions_appear_in_single_color_field -->
        <test-method is-config="true" signature="quitDemoQA()[pri:0, instance:tests.WidgetsAutoCompleteTest@fd07cbb]" started-at="2026-02-23T09:51:04 EET" name="quitDemoQA" finished-at="2026-02-23T09:51:04 EET" duration-ms="0" status="SKIP">
          <reporter-output>
          </reporter-output>
        </test-method> <!-- quitDemoQA -->
        <test-method is-config="true" signature="setup()[pri:0, instance:tests.WidgetsAutoCompleteTest@fd07cbb]" started-at="2026-02-23T09:51:04 EET" name="setup" finished-at="2026-02-23T09:51:04 EET" duration-ms="0" status="SKIP">
          <reporter-output>
          </reporter-output>
        </test-method> <!-- setup -->
        <test-method signature="TC_WDG_008_Verify_user_can_select_color_in_single_field()[pri:0, instance:tests.WidgetsAutoCompleteTest@fd07cbb]" started-at="2026-02-23T09:51:04 EET" name="TC_WDG_008_Verify_user_can_select_color_in_single_field" finished-at="2026-02-23T09:51:04 EET" duration-ms="0" status="SKIP">
          <exception class="java.lang.ClassCastException">
            <message>
              <![CDATA[class java.lang.ThreadLocal cannot be cast to class org.openqa.selenium.JavascriptExecutor (java.lang.ThreadLocal is in module java.base of loader 'bootstrap'; org.openqa.selenium.JavascriptExecutor is in unnamed module of loader 'app')]]>
            </message>
            <full-stacktrace>
              <![CDATA[java.lang.ClassCastException: class java.lang.ThreadLocal cannot be cast to class org.openqa.selenium.JavascriptExecutor (java.lang.ThreadLocal is in module java.base of loader 'bootstrap'; org.openqa.selenium.JavascriptExecutor is in unnamed module of loader 'app')
at base.BaseSetup.NavigateWidgets(BaseSetup.java:29)
at pages.WidgetsAutoComplete.openAutoComplete(WidgetsAutoComplete.java:12)
at tests.WidgetsAutoCompleteTest.setup(WidgetsAutoCompleteTest.java:8)
at java.base/jdk.internal.reflect.DirectMethodHandleAccessor.invoke(DirectMethodHandleAccessor.java:103)
at java.base/java.lang.reflect.Method.invoke(Method.java:580)
at org.testng.internal.invokers.MethodInvocationHelper.invokeMethod(MethodInvocationHelper.java:139)
at org.testng.internal.invokers.MethodInvocationHelper.invokeMethodConsideringTimeout(MethodInvocationHelper.java:69)
at org.testng.internal.invokers.ConfigInvoker.invokeConfigurationMethod(ConfigInvoker.java:393)
at org.testng.internal.invokers.ConfigInvoker.invokeConfigurations(ConfigInvoker.java:326)
at org.testng.internal.invokers.TestInvoker.runConfigMethods(TestInvoker.java:810)
at org.testng.internal.invokers.TestInvoker.invokeMethod(TestInvoker.java:578)
at org.testng.internal.invokers.TestInvoker.invokeTestMethod(TestInvoker.java:228)
at org.testng.internal.invokers.MethodRunner.runInSequence(MethodRunner.java:63)
at org.testng.internal.invokers.TestInvoker$MethodInvocationAgent.invoke(TestInvoker.java:961)
at org.testng.internal.invokers.TestInvoker.invokeTestMethods(TestInvoker.java:201)
at org.testng.internal.invokers.TestMethodWorker.invokeTestMethods(TestMethodWorker.java:148)
at org.testng.internal.invokers.TestMethodWorker.run(TestMethodWorker.java:128)
at java.base/java.util.concurrent.Executors$RunnableAdapter.call(Executors.java:572)
at java.base/java.util.concurrent.FutureTask.run(FutureTask.java:317)
at org.testng.internal.thread.graph.TestNGFutureTask.run(TestNGFutureTask.java:22)
at java.base/java.util.concurrent.ThreadPoolExecutor.runWorker(ThreadPoolExecutor.java:1144)
at java.base/java.util.concurrent.ThreadPoolExecutor$Worker.run(ThreadPoolExecutor.java:642)
at java.base/java.lang.Thread.run(Thread.java:1575)
]]>
            </full-stacktrace>
          </exception> <!-- java.lang.ClassCastException -->
          <reporter-output>
          </reporter-output>
        </test-method> <!-- TC_WDG_008_Verify_user_can_select_color_in_single_field -->
        <test-method is-config="true" signature="quitDemoQA()[pri:0, instance:tests.WidgetsAutoCompleteTest@fd07cbb]" started-at="2026-02-23T09:51:04 EET" name="quitDemoQA" finished-at="2026-02-23T09:51:04 EET" duration-ms="0" status="SKIP">
          <reporter-output>
          </reporter-output>
        </test-method> <!-- quitDemoQA -->
        <test-method is-config="true" signature="setup()[pri:0, instance:tests.WidgetsAutoCompleteTest@fd07cbb]" started-at="2026-02-23T09:51:04 EET" name="setup" finished-at="2026-02-23T09:51:04 EET" duration-ms="0" status="SKIP">
          <reporter-output>
          </reporter-output>
        </test-method> <!-- setup -->
        <test-method signature="TC_WDG_009_Verify_no_suggestions_for_invalid_input_in_single_field()[pri:0, instance:tests.WidgetsAutoCompleteTest@fd07cbb]" started-at="2026-02-23T09:51:04 EET" name="TC_WDG_009_Verify_no_suggestions_for_invalid_input_in_single_field" finished-at="2026-02-23T09:51:04 EET" duration-ms="0" status="SKIP">
          <exception class="java.lang.ClassCastException">
            <message>
              <![CDATA[class java.lang.ThreadLocal cannot be cast to class org.openqa.selenium.JavascriptExecutor (java.lang.ThreadLocal is in module java.base of loader 'bootstrap'; org.openqa.selenium.JavascriptExecutor is in unnamed module of loader 'app')]]>
            </message>
            <full-stacktrace>
              <![CDATA[java.lang.ClassCastException: class java.lang.ThreadLocal cannot be cast to class org.openqa.selenium.JavascriptExecutor (java.lang.ThreadLocal is in module java.base of loader 'bootstrap'; org.openqa.selenium.JavascriptExecutor is in unnamed module of loader 'app')
at base.BaseSetup.NavigateWidgets(BaseSetup.java:29)
at pages.WidgetsAutoComplete.openAutoComplete(WidgetsAutoComplete.java:12)
at tests.WidgetsAutoCompleteTest.setup(WidgetsAutoCompleteTest.java:8)
at java.base/jdk.internal.reflect.DirectMethodHandleAccessor.invoke(DirectMethodHandleAccessor.java:103)
at java.base/java.lang.reflect.Method.invoke(Method.java:580)
at org.testng.internal.invokers.MethodInvocationHelper.invokeMethod(MethodInvocationHelper.java:139)
at org.testng.internal.invokers.MethodInvocationHelper.invokeMethodConsideringTimeout(MethodInvocationHelper.java:69)
at org.testng.internal.invokers.ConfigInvoker.invokeConfigurationMethod(ConfigInvoker.java:393)
at org.testng.internal.invokers.ConfigInvoker.invokeConfigurations(ConfigInvoker.java:326)
at org.testng.internal.invokers.TestInvoker.runConfigMethods(TestInvoker.java:810)
at org.testng.internal.invokers.TestInvoker.invokeMethod(TestInvoker.java:578)
at org.testng.internal.invokers.TestInvoker.invokeTestMethod(TestInvoker.java:228)
at org.testng.internal.invokers.MethodRunner.runInSequence(MethodRunner.java:63)
at org.testng.internal.invokers.TestInvoker$MethodInvocationAgent.invoke(TestInvoker.java:961)
at org.testng.internal.invokers.TestInvoker.invokeTestMethods(TestInvoker.java:201)
at org.testng.internal.invokers.TestMethodWorker.invokeTestMethods(TestMethodWorker.java:148)
at org.testng.internal.invokers.TestMethodWorker.run(TestMethodWorker.java:128)
at java.base/java.util.concurrent.Executors$RunnableAdapter.call(Executors.java:572)
at java.base/java.util.concurrent.FutureTask.run(FutureTask.java:317)
at org.testng.internal.thread.graph.TestNGFutureTask.run(TestNGFutureTask.java:22)
at java.base/java.util.concurrent.ThreadPoolExecutor.runWorker(ThreadPoolExecutor.java:1144)
at java.base/java.util.concurrent.ThreadPoolExecutor$Worker.run(ThreadPoolExecutor.java:642)
at java.base/java.lang.Thread.run(Thread.java:1575)
]]>
            </full-stacktrace>
          </exception> <!-- java.lang.ClassCastException -->
          <reporter-output>
          </reporter-output>
        </test-method> <!-- TC_WDG_009_Verify_no_suggestions_for_invalid_input_in_single_field -->
        <test-method is-config="true" signature="quitDemoQA()[pri:0, instance:tests.WidgetsAutoCompleteTest@fd07cbb]" started-at="2026-02-23T09:51:04 EET" name="quitDemoQA" finished-at="2026-02-23T09:51:04 EET" duration-ms="0" status="SKIP">
          <reporter-output>
          </reporter-output>
        </test-method> <!-- quitDemoQA -->
        <test-method is-config="true" signature="setup()[pri:0, instance:tests.WidgetsAutoCompleteTest@fd07cbb]" started-at="2026-02-23T09:51:04 EET" name="setup" finished-at="2026-02-23T09:51:04 EET" duration-ms="0" status="SKIP">
          <reporter-output>
          </reporter-output>
        </test-method> <!-- setup -->
        <test-method signature="TC_WDG_010_Verify_no_suggestions_for_invalid_input_in_multiple_field()[pri:0, instance:tests.WidgetsAutoCompleteTest@fd07cbb]" started-at="2026-02-23T09:51:04 EET" name="TC_WDG_010_Verify_no_suggestions_for_invalid_input_in_multiple_field" finished-at="2026-02-23T09:51:04 EET" duration-ms="0" status="SKIP">
          <exception class="java.lang.ClassCastException">
            <message>
              <![CDATA[class java.lang.ThreadLocal cannot be cast to class org.openqa.selenium.JavascriptExecutor (java.lang.ThreadLocal is in module java.base of loader 'bootstrap'; org.openqa.selenium.JavascriptExecutor is in unnamed module of loader 'app')]]>
            </message>
            <full-stacktrace>
              <![CDATA[java.lang.ClassCastException: class java.lang.ThreadLocal cannot be cast to class org.openqa.selenium.JavascriptExecutor (java.lang.ThreadLocal is in module java.base of loader 'bootstrap'; org.openqa.selenium.JavascriptExecutor is in unnamed module of loader 'app')
at base.BaseSetup.NavigateWidgets(BaseSetup.java:29)
at pages.WidgetsAutoComplete.openAutoComplete(WidgetsAutoComplete.java:12)
at tests.WidgetsAutoCompleteTest.setup(WidgetsAutoCompleteTest.java:8)
at java.base/jdk.internal.reflect.DirectMethodHandleAccessor.invoke(DirectMethodHandleAccessor.java:103)
at java.base/java.lang.reflect.Method.invoke(Method.java:580)
at org.testng.internal.invokers.MethodInvocationHelper.invokeMethod(MethodInvocationHelper.java:139)
at org.testng.internal.invokers.MethodInvocationHelper.invokeMethodConsideringTimeout(MethodInvocationHelper.java:69)
at org.testng.internal.invokers.ConfigInvoker.invokeConfigurationMethod(ConfigInvoker.java:393)
at org.testng.internal.invokers.ConfigInvoker.invokeConfigurations(ConfigInvoker.java:326)
at org.testng.internal.invokers.TestInvoker.runConfigMethods(TestInvoker.java:810)
at org.testng.internal.invokers.TestInvoker.invokeMethod(TestInvoker.java:578)
at org.testng.internal.invokers.TestInvoker.invokeTestMethod(TestInvoker.java:228)
at org.testng.internal.invokers.MethodRunner.runInSequence(MethodRunner.java:63)
at org.testng.internal.invokers.TestInvoker$MethodInvocationAgent.invoke(TestInvoker.java:961)
at org.testng.internal.invokers.TestInvoker.invokeTestMethods(TestInvoker.java:201)
at org.testng.internal.invokers.TestMethodWorker.invokeTestMethods(TestMethodWorker.java:148)
at org.testng.internal.invokers.TestMethodWorker.run(TestMethodWorker.java:128)
at java.base/java.util.concurrent.Executors$RunnableAdapter.call(Executors.java:572)
at java.base/java.util.concurrent.FutureTask.run(FutureTask.java:317)
at org.testng.internal.thread.graph.TestNGFutureTask.run(TestNGFutureTask.java:22)
at java.base/java.util.concurrent.ThreadPoolExecutor.runWorker(ThreadPoolExecutor.java:1144)
at java.base/java.util.concurrent.ThreadPoolExecutor$Worker.run(ThreadPoolExecutor.java:642)
at java.base/java.lang.Thread.run(Thread.java:1575)
]]>
            </full-stacktrace>
          </exception> <!-- java.lang.ClassCastException -->
          <reporter-output>
          </reporter-output>
        </test-method> <!-- TC_WDG_010_Verify_no_suggestions_for_invalid_input_in_multiple_field -->
        <test-method is-config="true" signature="quitDemoQA()[pri:0, instance:tests.WidgetsAutoCompleteTest@fd07cbb]" started-at="2026-02-23T09:51:04 EET" name="quitDemoQA" finished-at="2026-02-23T09:51:04 EET" duration-ms="0" status="SKIP">
          <reporter-output>
          </reporter-output>
        </test-method> <!-- quitDemoQA -->
        <test-method signature="TC_WDG_004_Verify_user_can_select_color_in_multiple_field()[pri:0, instance:tests.WidgetsAutoCompleteTest@fd07cbb]" started-at="2026-02-23T09:51:12 EET" name="TC_WDG_004_Verify_user_can_select_color_in_multiple_field" finished-at="2026-02-23T09:51:12 EET" duration-ms="1" status="SKIP">
          <exception class="java.lang.ClassCastException">
            <message>
              <![CDATA[class java.lang.ThreadLocal cannot be cast to class org.openqa.selenium.JavascriptExecutor (java.lang.ThreadLocal is in module java.base of loader 'bootstrap'; org.openqa.selenium.JavascriptExecutor is in unnamed module of loader 'app')]]>
            </message>
            <full-stacktrace>
              <![CDATA[java.lang.ClassCastException: class java.lang.ThreadLocal cannot be cast to class org.openqa.selenium.JavascriptExecutor (java.lang.ThreadLocal is in module java.base of loader 'bootstrap'; org.openqa.selenium.JavascriptExecutor is in unnamed module of loader 'app')
at base.BaseSetup.NavigateWidgets(BaseSetup.java:29)
at pages.WidgetsAutoComplete.openAutoComplete(WidgetsAutoComplete.java:12)
at tests.WidgetsAutoCompleteTest.setup(WidgetsAutoCompleteTest.java:8)
at java.base/jdk.internal.reflect.DirectMethodHandleAccessor.invoke(DirectMethodHandleAccessor.java:103)
at java.base/java.lang.reflect.Method.invoke(Method.java:580)
at org.testng.internal.invokers.MethodInvocationHelper.invokeMethod(MethodInvocationHelper.java:139)
at org.testng.internal.invokers.MethodInvocationHelper.invokeMethodConsideringTimeout(MethodInvocationHelper.java:69)
at org.testng.internal.invokers.ConfigInvoker.invokeConfigurationMethod(ConfigInvoker.java:393)
at org.testng.internal.invokers.ConfigInvoker.invokeConfigurations(ConfigInvoker.java:326)
at org.testng.internal.invokers.TestInvoker.runConfigMethods(TestInvoker.java:810)
at org.testng.internal.invokers.TestInvoker.invokeMethod(TestInvoker.java:578)
at org.testng.internal.invokers.TestInvoker.invokeTestMethod(TestInvoker.java:228)
at org.testng.internal.invokers.MethodRunner.runInSequence(MethodRunner.java:63)
at org.testng.internal.invokers.TestInvoker$MethodInvocationAgent.invoke(TestInvoker.java:961)
at org.testng.internal.invokers.TestInvoker.invokeTestMethods(TestInvoker.java:201)
at org.testng.internal.invokers.TestMethodWorker.invokeTestMethods(TestMethodWorker.java:148)
at org.testng.internal.invokers.TestMethodWorker.run(TestMethodWorker.java:128)
at java.base/java.util.concurrent.Executors$RunnableAdapter.call(Executors.java:572)
at java.base/java.util.concurrent.FutureTask.run(FutureTask.java:317)
at org.testng.internal.thread.graph.TestNGFutureTask.run(TestNGFutureTask.java:22)
at java.base/java.util.concurrent.ThreadPoolExecutor.runWorker(ThreadPoolExecutor.java:1144)
at java.base/java.util.concurrent.ThreadPoolExecutor$Worker.run(ThreadPoolExecutor.java:642)
at java.base/java.lang.Thread.run(Thread.java:1575)
]]>
            </full-stacktrace>
          </exception> <!-- java.lang.ClassCastException -->
          <reporter-output>
          </reporter-output>
        </test-method> <!-- TC_WDG_004_Verify_user_can_select_color_in_multiple_field -->
        <test-method is-config="true" signature="quitDemoQA()[pri:0, instance:tests.WidgetsAutoCompleteTest@fd07cbb]" started-at="2026-02-23T09:51:12 EET" name="quitDemoQA" finished-at="2026-02-23T09:51:12 EET" duration-ms="0" status="SKIP">
          <reporter-output>
          </reporter-output>
        </test-method> <!-- quitDemoQA -->
        <test-method signature="TC_WDG_005_Verify_user_can_select_multiple_colors()[pri:0, instance:tests.WidgetsAutoCompleteTest@fd07cbb]" started-at="2026-02-23T09:51:19 EET" name="TC_WDG_005_Verify_user_can_select_multiple_colors" finished-at="2026-02-23T09:51:19 EET" duration-ms="0" status="SKIP">
          <exception class="java.lang.ClassCastException">
            <message>
              <![CDATA[class java.lang.ThreadLocal cannot be cast to class org.openqa.selenium.JavascriptExecutor (java.lang.ThreadLocal is in module java.base of loader 'bootstrap'; org.openqa.selenium.JavascriptExecutor is in unnamed module of loader 'app')]]>
            </message>
            <full-stacktrace>
              <![CDATA[java.lang.ClassCastException: class java.lang.ThreadLocal cannot be cast to class org.openqa.selenium.JavascriptExecutor (java.lang.ThreadLocal is in module java.base of loader 'bootstrap'; org.openqa.selenium.JavascriptExecutor is in unnamed module of loader 'app')
at base.BaseSetup.NavigateWidgets(BaseSetup.java:29)
at pages.WidgetsAutoComplete.openAutoComplete(WidgetsAutoComplete.java:12)
at tests.WidgetsAutoCompleteTest.setup(WidgetsAutoCompleteTest.java:8)
at java.base/jdk.internal.reflect.DirectMethodHandleAccessor.invoke(DirectMethodHandleAccessor.java:103)
at java.base/java.lang.reflect.Method.invoke(Method.java:580)
at org.testng.internal.invokers.MethodInvocationHelper.invokeMethod(MethodInvocationHelper.java:139)
at org.testng.internal.invokers.MethodInvocationHelper.invokeMethodConsideringTimeout(MethodInvocationHelper.java:69)
at org.testng.internal.invokers.ConfigInvoker.invokeConfigurationMethod(ConfigInvoker.java:393)
at org.testng.internal.invokers.ConfigInvoker.invokeConfigurations(ConfigInvoker.java:326)
at org.testng.internal.invokers.TestInvoker.runConfigMethods(TestInvoker.java:810)
at org.testng.internal.invokers.TestInvoker.invokeMethod(TestInvoker.java:578)
at org.testng.internal.invokers.TestInvoker.invokeTestMethod(TestInvoker.java:228)
at org.testng.internal.invokers.MethodRunner.runInSequence(MethodRunner.java:63)
at org.testng.internal.invokers.TestInvoker$MethodInvocationAgent.invoke(TestInvoker.java:961)
at org.testng.internal.invokers.TestInvoker.invokeTestMethods(TestInvoker.java:201)
at org.testng.internal.invokers.TestMethodWorker.invokeTestMethods(TestMethodWorker.java:148)
at org.testng.internal.invokers.TestMethodWorker.run(TestMethodWorker.java:128)
at java.base/java.util.concurrent.Executors$RunnableAdapter.call(Executors.java:572)
at java.base/java.util.concurrent.FutureTask.run(FutureTask.java:317)
at org.testng.internal.thread.graph.TestNGFutureTask.run(TestNGFutureTask.java:22)
at java.base/java.util.concurrent.ThreadPoolExecutor.runWorker(ThreadPoolExecutor.java:1144)
at java.base/java.util.concurrent.ThreadPoolExecutor$Worker.run(ThreadPoolExecutor.java:642)
at java.base/java.lang.Thread.run(Thread.java:1575)
]]>
            </full-stacktrace>
          </exception> <!-- java.lang.ClassCastException -->
          <reporter-output>
          </reporter-output>
        </test-method> <!-- TC_WDG_005_Verify_user_can_select_multiple_colors -->
        <test-method is-config="true" signature="quitDemoQA()[pri:0, instance:tests.WidgetsAutoCompleteTest@fd07cbb]" started-at="2026-02-23T09:51:19 EET" name="quitDemoQA" finished-at="2026-02-23T09:51:19 EET" duration-ms="0" status="SKIP">
          <reporter-output>
          </reporter-output>
        </test-method> <!-- quitDemoQA -->
      </class> <!-- tests.WidgetsAutoCompleteTest -->
      <class name="tests.BrowserWindowsTest">
        <test-method is-config="true" signature="setup()[pri:0, instance:tests.BrowserWindowsTest@2118cddf]" started-at="2026-02-23T09:49:19 EET" name="setup" finished-at="2026-02-23T09:49:24 EET" duration-ms="5377" status="PASS">
          <reporter-output>
          </reporter-output>
        </test-method> <!-- setup -->
        <test-method signature="testBrowserWindows()[pri:0, instance:tests.BrowserWindowsTest@2118cddf]" started-at="2026-02-23T09:49:24 EET" name="testBrowserWindows" finished-at="2026-02-23T09:49:56 EET" duration-ms="32255" status="PASS">
          <reporter-output>
          </reporter-output>
        </test-method> <!-- testBrowserWindows -->
        <test-method is-config="true" signature="tearDown()[pri:0, instance:tests.BrowserWindowsTest@2118cddf]" started-at="2026-02-23T09:49:56 EET" name="tearDown" finished-at="2026-02-23T09:49:58 EET" duration-ms="1757" status="PASS">
          <reporter-output>
          </reporter-output>
        </test-method> <!-- tearDown -->
      </class> <!-- tests.BrowserWindowsTest -->
      <class name="tests.WidgetsAccordianTest">
        <test-method is-config="true" signature="setup()[pri:0, instance:tests.WidgetsAccordianTest@2b4bac49]" started-at="2026-02-23T09:50:53 EET" name="setup" finished-at="2026-02-23T09:51:01 EET" duration-ms="8183" status="FAIL">
          <exception class="java.lang.ClassCastException">
            <message>
              <![CDATA[class java.lang.ThreadLocal cannot be cast to class org.openqa.selenium.JavascriptExecutor (java.lang.ThreadLocal is in module java.base of loader 'bootstrap'; org.openqa.selenium.JavascriptExecutor is in unnamed module of loader 'app')]]>
            </message>
            <full-stacktrace>
              <![CDATA[java.lang.ClassCastException: class java.lang.ThreadLocal cannot be cast to class org.openqa.selenium.JavascriptExecutor (java.lang.ThreadLocal is in module java.base of loader 'bootstrap'; org.openqa.selenium.JavascriptExecutor is in unnamed module of loader 'app')
at base.BaseSetup.NavigateWidgets(BaseSetup.java:29)
at pages.WidgetsAccordian.openAccordian(WidgetsAccordian.java:13)
at tests.WidgetsAccordianTest.setup(WidgetsAccordianTest.java:8)
at java.base/jdk.internal.reflect.DirectMethodHandleAccessor.invoke(DirectMethodHandleAccessor.java:103)
at java.base/java.lang.reflect.Method.invoke(Method.java:580)
at org.testng.internal.invokers.MethodInvocationHelper.invokeMethod(MethodInvocationHelper.java:139)
at org.testng.internal.invokers.MethodInvocationHelper.invokeMethodConsideringTimeout(MethodInvocationHelper.java:69)
at org.testng.internal.invokers.ConfigInvoker.invokeConfigurationMethod(ConfigInvoker.java:393)
at org.testng.internal.invokers.ConfigInvoker.invokeConfigurations(ConfigInvoker.java:326)
at org.testng.internal.invokers.TestInvoker.runConfigMethods(TestInvoker.java:810)
at org.testng.internal.invokers.TestInvoker.invokeMethod(TestInvoker.java:578)
at org.testng.internal.invokers.TestInvoker.invokeTestMethod(TestInvoker.java:228)
at org.testng.internal.invokers.MethodRunner.runInSequence(MethodRunner.java:63)
at org.testng.internal.invokers.TestInvoker$MethodInvocationAgent.invoke(TestInvoker.java:961)
at org.testng.internal.invokers.TestInvoker.invokeTestMethods(TestInvoker.java:201)
at org.testng.internal.invokers.TestMethodWorker.invokeTestMethods(TestMethodWorker.java:148)
at org.testng.internal.invokers.TestMethodWorker.run(TestMethodWorker.java:128)
at java.base/java.util.concurrent.Executors$RunnableAdapter.call(Executors.java:572)
at java.base/java.util.concurrent.FutureTask.run(FutureTask.java:317)
at org.testng.internal.thread.graph.TestNGFutureTask.run(TestNGFutureTask.java:22)
at java.base/java.util.concurrent.ThreadPoolExecutor.runWorker(ThreadPoolExecutor.java:1144)
at java.base/java.util.concurrent.ThreadPoolExecutor$Worker.run(ThreadPoolExecutor.java:642)
at java.base/java.lang.Thread.run(Thread.java:1575)
]]>
            </full-stacktrace>
          </exception> <!-- java.lang.ClassCastException -->
          <reporter-output>
          </reporter-output>
        </test-method> <!-- setup -->
        <test-method is-config="true" signature="setup()[pri:0, instance:tests.WidgetsAccordianTest@2b4bac49]" started-at="2026-02-23T09:50:55 EET" name="setup" finished-at="2026-02-23T09:50:59 EET" duration-ms="4574" status="FAIL">
          <exception class="java.lang.ClassCastException">
            <message>
              <![CDATA[class java.lang.ThreadLocal cannot be cast to class org.openqa.selenium.JavascriptExecutor (java.lang.ThreadLocal is in module java.base of loader 'bootstrap'; org.openqa.selenium.JavascriptExecutor is in unnamed module of loader 'app')]]>
            </message>
            <full-stacktrace>
              <![CDATA[java.lang.ClassCastException: class java.lang.ThreadLocal cannot be cast to class org.openqa.selenium.JavascriptExecutor (java.lang.ThreadLocal is in module java.base of loader 'bootstrap'; org.openqa.selenium.JavascriptExecutor is in unnamed module of loader 'app')
at base.BaseSetup.NavigateWidgets(BaseSetup.java:29)
at pages.WidgetsAccordian.openAccordian(WidgetsAccordian.java:13)
at tests.WidgetsAccordianTest.setup(WidgetsAccordianTest.java:8)
at java.base/jdk.internal.reflect.DirectMethodHandleAccessor.invoke(DirectMethodHandleAccessor.java:103)
at java.base/java.lang.reflect.Method.invoke(Method.java:580)
at org.testng.internal.invokers.MethodInvocationHelper.invokeMethod(MethodInvocationHelper.java:139)
at org.testng.internal.invokers.MethodInvocationHelper.invokeMethodConsideringTimeout(MethodInvocationHelper.java:69)
at org.testng.internal.invokers.ConfigInvoker.invokeConfigurationMethod(ConfigInvoker.java:393)
at org.testng.internal.invokers.ConfigInvoker.invokeConfigurations(ConfigInvoker.java:326)
at org.testng.internal.invokers.TestInvoker.runConfigMethods(TestInvoker.java:810)
at org.testng.internal.invokers.TestInvoker.invokeMethod(TestInvoker.java:578)
at org.testng.internal.invokers.TestInvoker.invokeTestMethod(TestInvoker.java:228)
at org.testng.internal.invokers.MethodRunner.runInSequence(MethodRunner.java:63)
at org.testng.internal.invokers.TestInvoker$MethodInvocationAgent.invoke(TestInvoker.java:961)
at org.testng.internal.invokers.TestInvoker.invokeTestMethods(TestInvoker.java:201)
at org.testng.internal.invokers.TestMethodWorker.invokeTestMethods(TestMethodWorker.java:148)
at org.testng.internal.invokers.TestMethodWorker.run(TestMethodWorker.java:128)
at java.base/java.util.concurrent.Executors$RunnableAdapter.call(Executors.java:572)
at java.base/java.util.concurrent.FutureTask.run(FutureTask.java:317)
at org.testng.internal.thread.graph.TestNGFutureTask.run(TestNGFutureTask.java:22)
at java.base/java.util.concurrent.ThreadPoolExecutor.runWorker(ThreadPoolExecutor.java:1144)
at java.base/java.util.concurrent.ThreadPoolExecutor$Worker.run(ThreadPoolExecutor.java:642)
at java.base/java.lang.Thread.run(Thread.java:1575)
]]>
            </full-stacktrace>
          </exception> <!-- java.lang.ClassCastException -->
          <reporter-output>
          </reporter-output>
        </test-method> <!-- setup -->
        <test-method signature="TC_WDG_002_Verify_accordion_section_collapses_when_clicked_again()[pri:0, instance:tests.WidgetsAccordianTest@2b4bac49]" started-at="2026-02-23T09:50:59 EET" name="TC_WDG_002_Verify_accordion_section_collapses_when_clicked_again" finished-at="2026-02-23T09:50:59 EET" duration-ms="0" status="SKIP">
          <exception class="java.lang.ClassCastException">
            <message>
              <![CDATA[class java.lang.ThreadLocal cannot be cast to class org.openqa.selenium.JavascriptExecutor (java.lang.ThreadLocal is in module java.base of loader 'bootstrap'; org.openqa.selenium.JavascriptExecutor is in unnamed module of loader 'app')]]>
            </message>
            <full-stacktrace>
              <![CDATA[java.lang.ClassCastException: class java.lang.ThreadLocal cannot be cast to class org.openqa.selenium.JavascriptExecutor (java.lang.ThreadLocal is in module java.base of loader 'bootstrap'; org.openqa.selenium.JavascriptExecutor is in unnamed module of loader 'app')
at base.BaseSetup.NavigateWidgets(BaseSetup.java:29)
at pages.WidgetsAccordian.openAccordian(WidgetsAccordian.java:13)
at tests.WidgetsAccordianTest.setup(WidgetsAccordianTest.java:8)
at java.base/jdk.internal.reflect.DirectMethodHandleAccessor.invoke(DirectMethodHandleAccessor.java:103)
at java.base/java.lang.reflect.Method.invoke(Method.java:580)
at org.testng.internal.invokers.MethodInvocationHelper.invokeMethod(MethodInvocationHelper.java:139)
at org.testng.internal.invokers.MethodInvocationHelper.invokeMethodConsideringTimeout(MethodInvocationHelper.java:69)
at org.testng.internal.invokers.ConfigInvoker.invokeConfigurationMethod(ConfigInvoker.java:393)
at org.testng.internal.invokers.ConfigInvoker.invokeConfigurations(ConfigInvoker.java:326)
at org.testng.internal.invokers.TestInvoker.runConfigMethods(TestInvoker.java:810)
at org.testng.internal.invokers.TestInvoker.invokeMethod(TestInvoker.java:578)
at org.testng.internal.invokers.TestInvoker.invokeTestMethod(TestInvoker.java:228)
at org.testng.internal.invokers.MethodRunner.runInSequence(MethodRunner.java:63)
at org.testng.internal.invokers.TestInvoker$MethodInvocationAgent.invoke(TestInvoker.java:961)
at org.testng.internal.invokers.TestInvoker.invokeTestMethods(TestInvoker.java:201)
at org.testng.internal.invokers.TestMethodWorker.invokeTestMethods(TestMethodWorker.java:148)
at org.testng.internal.invokers.TestMethodWorker.run(TestMethodWorker.java:128)
at java.base/java.util.concurrent.Executors$RunnableAdapter.call(Executors.java:572)
at java.base/java.util.concurrent.FutureTask.run(FutureTask.java:317)
at org.testng.internal.thread.graph.TestNGFutureTask.run(TestNGFutureTask.java:22)
at java.base/java.util.concurrent.ThreadPoolExecutor.runWorker(ThreadPoolExecutor.java:1144)
at java.base/java.util.concurrent.ThreadPoolExecutor$Worker.run(ThreadPoolExecutor.java:642)
at java.base/java.lang.Thread.run(Thread.java:1575)
]]>
            </full-stacktrace>
          </exception> <!-- java.lang.ClassCastException -->
          <reporter-output>
          </reporter-output>
        </test-method> <!-- TC_WDG_002_Verify_accordion_section_collapses_when_clicked_again -->
        <test-method is-config="true" signature="quitDemoQA()[pri:0, instance:tests.WidgetsAccordianTest@2b4bac49]" started-at="2026-02-23T09:50:59 EET" name="quitDemoQA" finished-at="2026-02-23T09:50:59 EET" duration-ms="0" status="SKIP">
          <reporter-output>
          </reporter-output>
        </test-method> <!-- quitDemoQA -->
        <test-method signature="TC_WDG_001_Verify_accordion_section_expands_when_clicked()[pri:0, instance:tests.WidgetsAccordianTest@2b4bac49]" started-at="2026-02-23T09:51:01 EET" name="TC_WDG_001_Verify_accordion_section_expands_when_clicked" finished-at="2026-02-23T09:51:01 EET" duration-ms="1" status="SKIP">
          <exception class="java.lang.ClassCastException">
            <message>
              <![CDATA[class java.lang.ThreadLocal cannot be cast to class org.openqa.selenium.JavascriptExecutor (java.lang.ThreadLocal is in module java.base of loader 'bootstrap'; org.openqa.selenium.JavascriptExecutor is in unnamed module of loader 'app')]]>
            </message>
            <full-stacktrace>
              <![CDATA[java.lang.ClassCastException: class java.lang.ThreadLocal cannot be cast to class org.openqa.selenium.JavascriptExecutor (java.lang.ThreadLocal is in module java.base of loader 'bootstrap'; org.openqa.selenium.JavascriptExecutor is in unnamed module of loader 'app')
at base.BaseSetup.NavigateWidgets(BaseSetup.java:29)
at pages.WidgetsAccordian.openAccordian(WidgetsAccordian.java:13)
at tests.WidgetsAccordianTest.setup(WidgetsAccordianTest.java:8)
at java.base/jdk.internal.reflect.DirectMethodHandleAccessor.invoke(DirectMethodHandleAccessor.java:103)
at java.base/java.lang.reflect.Method.invoke(Method.java:580)
at org.testng.internal.invokers.MethodInvocationHelper.invokeMethod(MethodInvocationHelper.java:139)
at org.testng.internal.invokers.MethodInvocationHelper.invokeMethodConsideringTimeout(MethodInvocationHelper.java:69)
at org.testng.internal.invokers.ConfigInvoker.invokeConfigurationMethod(ConfigInvoker.java:393)
at org.testng.internal.invokers.ConfigInvoker.invokeConfigurations(ConfigInvoker.java:326)
at org.testng.internal.invokers.TestInvoker.runConfigMethods(TestInvoker.java:810)
at org.testng.internal.invokers.TestInvoker.invokeMethod(TestInvoker.java:578)
at org.testng.internal.invokers.TestInvoker.invokeTestMethod(TestInvoker.java:228)
at org.testng.internal.invokers.MethodRunner.runInSequence(MethodRunner.java:63)
at org.testng.internal.invokers.TestInvoker$MethodInvocationAgent.invoke(TestInvoker.java:961)
at org.testng.internal.invokers.TestInvoker.invokeTestMethods(TestInvoker.java:201)
at org.testng.internal.invokers.TestMethodWorker.invokeTestMethods(TestMethodWorker.java:148)
at org.testng.internal.invokers.TestMethodWorker.run(TestMethodWorker.java:128)
at java.base/java.util.concurrent.Executors$RunnableAdapter.call(Executors.java:572)
at java.base/java.util.concurrent.FutureTask.run(FutureTask.java:317)
at org.testng.internal.thread.graph.TestNGFutureTask.run(TestNGFutureTask.java:22)
at java.base/java.util.concurrent.ThreadPoolExecutor.runWorker(ThreadPoolExecutor.java:1144)
at java.base/java.util.concurrent.ThreadPoolExecutor$Worker.run(ThreadPoolExecutor.java:642)
at java.base/java.lang.Thread.run(Thread.java:1575)
]]>
            </full-stacktrace>
          </exception> <!-- java.lang.ClassCastException -->
          <reporter-output>
          </reporter-output>
        </test-method> <!-- TC_WDG_001_Verify_accordion_section_expands_when_clicked -->
        <test-method is-config="true" signature="quitDemoQA()[pri:0, instance:tests.WidgetsAccordianTest@2b4bac49]" started-at="2026-02-23T09:51:01 EET" name="quitDemoQA" finished-at="2026-02-23T09:51:01 EET" duration-ms="0" status="SKIP">
          <reporter-output>
          </reporter-output>
        </test-method> <!-- quitDemoQA -->
      </class> <!-- tests.WidgetsAccordianTest -->
      <class name="tests.WidgetsSlidersTest">
        <test-method is-config="true" signature="setup()[pri:0, instance:tests.WidgetsSlidersTest@4470f8a6]" started-at="2026-02-23T09:51:22 EET" name="setup" finished-at="2026-02-23T09:51:30 EET" duration-ms="7768" status="FAIL">
          <exception class="java.lang.ClassCastException">
            <message>
              <![CDATA[class java.lang.ThreadLocal cannot be cast to class org.openqa.selenium.JavascriptExecutor (java.lang.ThreadLocal is in module java.base of loader 'bootstrap'; org.openqa.selenium.JavascriptExecutor is in unnamed module of loader 'app')]]>
            </message>
            <full-stacktrace>
              <![CDATA[java.lang.ClassCastException: class java.lang.ThreadLocal cannot be cast to class org.openqa.selenium.JavascriptExecutor (java.lang.ThreadLocal is in module java.base of loader 'bootstrap'; org.openqa.selenium.JavascriptExecutor is in unnamed module of loader 'app')
at base.BaseSetup.NavigateWidgets(BaseSetup.java:29)
at pages.WidgetsSliders.openSliders(WidgetsSliders.java:15)
at tests.WidgetsSlidersTest.setup(WidgetsSlidersTest.java:9)
at java.base/jdk.internal.reflect.DirectMethodHandleAccessor.invoke(DirectMethodHandleAccessor.java:103)
at java.base/java.lang.reflect.Method.invoke(Method.java:580)
at org.testng.internal.invokers.MethodInvocationHelper.invokeMethod(MethodInvocationHelper.java:139)
at org.testng.internal.invokers.MethodInvocationHelper.invokeMethodConsideringTimeout(MethodInvocationHelper.java:69)
at org.testng.internal.invokers.ConfigInvoker.invokeConfigurationMethod(ConfigInvoker.java:393)
at org.testng.internal.invokers.ConfigInvoker.invokeConfigurations(ConfigInvoker.java:326)
at org.testng.internal.invokers.TestInvoker.runConfigMethods(TestInvoker.java:810)
at org.testng.internal.invokers.TestInvoker.invokeMethod(TestInvoker.java:578)
at org.testng.internal.invokers.TestInvoker.invokeTestMethod(TestInvoker.java:228)
at org.testng.internal.invokers.MethodRunner.runInSequence(MethodRunner.java:63)
at org.testng.internal.invokers.TestInvoker$MethodInvocationAgent.invoke(TestInvoker.java:961)
at org.testng.internal.invokers.TestInvoker.invokeTestMethods(TestInvoker.java:201)
at org.testng.internal.invokers.TestMethodWorker.invokeTestMethods(TestMethodWorker.java:148)
at org.testng.internal.invokers.TestMethodWorker.run(TestMethodWorker.java:128)
at java.base/java.util.concurrent.Executors$RunnableAdapter.call(Executors.java:572)
at java.base/java.util.concurrent.FutureTask.run(FutureTask.java:317)
at org.testng.internal.thread.graph.TestNGFutureTask.run(TestNGFutureTask.java:22)
at java.base/java.util.concurrent.ThreadPoolExecutor.runWorker(ThreadPoolExecutor.java:1144)
at java.base/java.util.concurrent.ThreadPoolExecutor$Worker.run(ThreadPoolExecutor.java:642)
at java.base/java.lang.Thread.run(Thread.java:1575)
]]>
            </full-stacktrace>
          </exception> <!-- java.lang.ClassCastException -->
          <reporter-output>
          </reporter-output>
        </test-method> <!-- setup -->
        <test-method is-config="true" signature="setup()[pri:0, instance:tests.WidgetsSlidersTest@4470f8a6]" started-at="2026-02-23T09:51:22 EET" name="setup" finished-at="2026-02-23T09:51:39 EET" duration-ms="16670" status="FAIL">
          <exception class="java.lang.ClassCastException">
            <message>
              <![CDATA[class java.lang.ThreadLocal cannot be cast to class org.openqa.selenium.JavascriptExecutor (java.lang.ThreadLocal is in module java.base of loader 'bootstrap'; org.openqa.selenium.JavascriptExecutor is in unnamed module of loader 'app')]]>
            </message>
            <full-stacktrace>
              <![CDATA[java.lang.ClassCastException: class java.lang.ThreadLocal cannot be cast to class org.openqa.selenium.JavascriptExecutor (java.lang.ThreadLocal is in module java.base of loader 'bootstrap'; org.openqa.selenium.JavascriptExecutor is in unnamed module of loader 'app')
at base.BaseSetup.NavigateWidgets(BaseSetup.java:29)
at pages.WidgetsSliders.openSliders(WidgetsSliders.java:15)
at tests.WidgetsSlidersTest.setup(WidgetsSlidersTest.java:9)
at java.base/jdk.internal.reflect.DirectMethodHandleAccessor.invoke(DirectMethodHandleAccessor.java:103)
at java.base/java.lang.reflect.Method.invoke(Method.java:580)
at org.testng.internal.invokers.MethodInvocationHelper.invokeMethod(MethodInvocationHelper.java:139)
at org.testng.internal.invokers.MethodInvocationHelper.invokeMethodConsideringTimeout(MethodInvocationHelper.java:69)
at org.testng.internal.invokers.ConfigInvoker.invokeConfigurationMethod(ConfigInvoker.java:393)
at org.testng.internal.invokers.ConfigInvoker.invokeConfigurations(ConfigInvoker.java:326)
at org.testng.internal.invokers.TestInvoker.runConfigMethods(TestInvoker.java:810)
at org.testng.internal.invokers.TestInvoker.invokeMethod(TestInvoker.java:578)
at org.testng.internal.invokers.TestInvoker.invokeTestMethod(TestInvoker.java:228)
at org.testng.internal.invokers.MethodRunner.runInSequence(MethodRunner.java:63)
at org.testng.internal.invokers.TestInvoker$MethodInvocationAgent.invoke(TestInvoker.java:961)
at org.testng.internal.invokers.TestInvoker.invokeTestMethods(TestInvoker.java:201)
at org.testng.internal.invokers.TestMethodWorker.invokeTestMethods(TestMethodWorker.java:148)
at org.testng.internal.invokers.TestMethodWorker.run(TestMethodWorker.java:128)
at java.base/java.util.concurrent.Executors$RunnableAdapter.call(Executors.java:572)
at java.base/java.util.concurrent.FutureTask.run(FutureTask.java:317)
at org.testng.internal.thread.graph.TestNGFutureTask.run(TestNGFutureTask.java:22)
at java.base/java.util.concurrent.ThreadPoolExecutor.runWorker(ThreadPoolExecutor.java:1144)
at java.base/java.util.concurrent.ThreadPoolExecutor$Worker.run(ThreadPoolExecutor.java:642)
at java.base/java.lang.Thread.run(Thread.java:1575)
]]>
            </full-stacktrace>
          </exception> <!-- java.lang.ClassCastException -->
          <reporter-output>
          </reporter-output>
        </test-method> <!-- setup -->
        <test-method is-config="true" signature="setup()[pri:0, instance:tests.WidgetsSlidersTest@4470f8a6]" started-at="2026-02-23T09:51:27 EET" name="setup" finished-at="2026-02-23T09:51:35 EET" duration-ms="8186" status="FAIL">
          <exception class="java.lang.ClassCastException">
            <message>
              <![CDATA[class java.lang.ThreadLocal cannot be cast to class org.openqa.selenium.JavascriptExecutor (java.lang.ThreadLocal is in module java.base of loader 'bootstrap'; org.openqa.selenium.JavascriptExecutor is in unnamed module of loader 'app')]]>
            </message>
            <full-stacktrace>
              <![CDATA[java.lang.ClassCastException: class java.lang.ThreadLocal cannot be cast to class org.openqa.selenium.JavascriptExecutor (java.lang.ThreadLocal is in module java.base of loader 'bootstrap'; org.openqa.selenium.JavascriptExecutor is in unnamed module of loader 'app')
at base.BaseSetup.NavigateWidgets(BaseSetup.java:29)
at pages.WidgetsSliders.openSliders(WidgetsSliders.java:15)
at tests.WidgetsSlidersTest.setup(WidgetsSlidersTest.java:9)
at java.base/jdk.internal.reflect.DirectMethodHandleAccessor.invoke(DirectMethodHandleAccessor.java:103)
at java.base/java.lang.reflect.Method.invoke(Method.java:580)
at org.testng.internal.invokers.MethodInvocationHelper.invokeMethod(MethodInvocationHelper.java:139)
at org.testng.internal.invokers.MethodInvocationHelper.invokeMethodConsideringTimeout(MethodInvocationHelper.java:69)
at org.testng.internal.invokers.ConfigInvoker.invokeConfigurationMethod(ConfigInvoker.java:393)
at org.testng.internal.invokers.ConfigInvoker.invokeConfigurations(ConfigInvoker.java:326)
at org.testng.internal.invokers.TestInvoker.runConfigMethods(TestInvoker.java:810)
at org.testng.internal.invokers.TestInvoker.invokeMethod(TestInvoker.java:578)
at org.testng.internal.invokers.TestInvoker.invokeTestMethod(TestInvoker.java:228)
at org.testng.internal.invokers.MethodRunner.runInSequence(MethodRunner.java:63)
at org.testng.internal.invokers.TestInvoker$MethodInvocationAgent.invoke(TestInvoker.java:961)
at org.testng.internal.invokers.TestInvoker.invokeTestMethods(TestInvoker.java:201)
at org.testng.internal.invokers.TestMethodWorker.invokeTestMethods(TestMethodWorker.java:148)
at org.testng.internal.invokers.TestMethodWorker.run(TestMethodWorker.java:128)
at java.base/java.util.concurrent.Executors$RunnableAdapter.call(Executors.java:572)
at java.base/java.util.concurrent.FutureTask.run(FutureTask.java:317)
at org.testng.internal.thread.graph.TestNGFutureTask.run(TestNGFutureTask.java:22)
at java.base/java.util.concurrent.ThreadPoolExecutor.runWorker(ThreadPoolExecutor.java:1144)
at java.base/java.util.concurrent.ThreadPoolExecutor$Worker.run(ThreadPoolExecutor.java:642)
at java.base/java.lang.Thread.run(Thread.java:1575)
]]>
            </full-stacktrace>
          </exception> <!-- java.lang.ClassCastException -->
          <reporter-output>
          </reporter-output>
        </test-method> <!-- setup -->
        <test-method is-config="true" signature="setup()[pri:0, instance:tests.WidgetsSlidersTest@4470f8a6]" started-at="2026-02-23T09:51:29 EET" name="setup" finished-at="2026-02-23T09:51:37 EET" duration-ms="8235" status="FAIL">
          <exception class="java.lang.ClassCastException">
            <message>
              <![CDATA[class java.lang.ThreadLocal cannot be cast to class org.openqa.selenium.JavascriptExecutor (java.lang.ThreadLocal is in module java.base of loader 'bootstrap'; org.openqa.selenium.JavascriptExecutor is in unnamed module of loader 'app')]]>
            </message>
            <full-stacktrace>
              <![CDATA[java.lang.ClassCastException: class java.lang.ThreadLocal cannot be cast to class org.openqa.selenium.JavascriptExecutor (java.lang.ThreadLocal is in module java.base of loader 'bootstrap'; org.openqa.selenium.JavascriptExecutor is in unnamed module of loader 'app')
at base.BaseSetup.NavigateWidgets(BaseSetup.java:29)
at pages.WidgetsSliders.openSliders(WidgetsSliders.java:15)
at tests.WidgetsSlidersTest.setup(WidgetsSlidersTest.java:9)
at java.base/jdk.internal.reflect.DirectMethodHandleAccessor.invoke(DirectMethodHandleAccessor.java:103)
at java.base/java.lang.reflect.Method.invoke(Method.java:580)
at org.testng.internal.invokers.MethodInvocationHelper.invokeMethod(MethodInvocationHelper.java:139)
at org.testng.internal.invokers.MethodInvocationHelper.invokeMethodConsideringTimeout(MethodInvocationHelper.java:69)
at org.testng.internal.invokers.ConfigInvoker.invokeConfigurationMethod(ConfigInvoker.java:393)
at org.testng.internal.invokers.ConfigInvoker.invokeConfigurations(ConfigInvoker.java:326)
at org.testng.internal.invokers.TestInvoker.runConfigMethods(TestInvoker.java:810)
at org.testng.internal.invokers.TestInvoker.invokeMethod(TestInvoker.java:578)
at org.testng.internal.invokers.TestInvoker.invokeTestMethod(TestInvoker.java:228)
at org.testng.internal.invokers.MethodRunner.runInSequence(MethodRunner.java:63)
at org.testng.internal.invokers.TestInvoker$MethodInvocationAgent.invoke(TestInvoker.java:961)
at org.testng.internal.invokers.TestInvoker.invokeTestMethods(TestInvoker.java:201)
at org.testng.internal.invokers.TestMethodWorker.invokeTestMethods(TestMethodWorker.java:148)
at org.testng.internal.invokers.TestMethodWorker.run(TestMethodWorker.java:128)
at java.base/java.util.concurrent.Executors$RunnableAdapter.call(Executors.java:572)
at java.base/java.util.concurrent.FutureTask.run(FutureTask.java:317)
at org.testng.internal.thread.graph.TestNGFutureTask.run(TestNGFutureTask.java:22)
at java.base/java.util.concurrent.ThreadPoolExecutor.runWorker(ThreadPoolExecutor.java:1144)
at java.base/java.util.concurrent.ThreadPoolExecutor$Worker.run(ThreadPoolExecutor.java:642)
at java.base/java.lang.Thread.run(Thread.java:1575)
]]>
            </full-stacktrace>
          </exception> <!-- java.lang.ClassCastException -->
          <reporter-output>
          </reporter-output>
        </test-method> <!-- setup -->
        <test-method signature="TC_WDG_015_Verify_slider_moves_when_user_enters_valid_value()[pri:0, instance:tests.WidgetsSlidersTest@4470f8a6]" started-at="2026-02-23T09:51:30 EET" name="TC_WDG_015_Verify_slider_moves_when_user_enters_valid_value" finished-at="2026-02-23T09:51:30 EET" duration-ms="0" status="SKIP">
          <exception class="java.lang.ClassCastException">
            <message>
              <![CDATA[class java.lang.ThreadLocal cannot be cast to class org.openqa.selenium.JavascriptExecutor (java.lang.ThreadLocal is in module java.base of loader 'bootstrap'; org.openqa.selenium.JavascriptExecutor is in unnamed module of loader 'app')]]>
            </message>
            <full-stacktrace>
              <![CDATA[java.lang.ClassCastException: class java.lang.ThreadLocal cannot be cast to class org.openqa.selenium.JavascriptExecutor (java.lang.ThreadLocal is in module java.base of loader 'bootstrap'; org.openqa.selenium.JavascriptExecutor is in unnamed module of loader 'app')
at base.BaseSetup.NavigateWidgets(BaseSetup.java:29)
at pages.WidgetsSliders.openSliders(WidgetsSliders.java:15)
at tests.WidgetsSlidersTest.setup(WidgetsSlidersTest.java:9)
at java.base/jdk.internal.reflect.DirectMethodHandleAccessor.invoke(DirectMethodHandleAccessor.java:103)
at java.base/java.lang.reflect.Method.invoke(Method.java:580)
at org.testng.internal.invokers.MethodInvocationHelper.invokeMethod(MethodInvocationHelper.java:139)
at org.testng.internal.invokers.MethodInvocationHelper.invokeMethodConsideringTimeout(MethodInvocationHelper.java:69)
at org.testng.internal.invokers.ConfigInvoker.invokeConfigurationMethod(ConfigInvoker.java:393)
at org.testng.internal.invokers.ConfigInvoker.invokeConfigurations(ConfigInvoker.java:326)
at org.testng.internal.invokers.TestInvoker.runConfigMethods(TestInvoker.java:810)
at org.testng.internal.invokers.TestInvoker.invokeMethod(TestInvoker.java:578)
at org.testng.internal.invokers.TestInvoker.invokeTestMethod(TestInvoker.java:228)
at org.testng.internal.invokers.MethodRunner.runInSequence(MethodRunner.java:63)
at org.testng.internal.invokers.TestInvoker$MethodInvocationAgent.invoke(TestInvoker.java:961)
at org.testng.internal.invokers.TestInvoker.invokeTestMethods(TestInvoker.java:201)
at org.testng.internal.invokers.TestMethodWorker.invokeTestMethods(TestMethodWorker.java:148)
at org.testng.internal.invokers.TestMethodWorker.run(TestMethodWorker.java:128)
at java.base/java.util.concurrent.Executors$RunnableAdapter.call(Executors.java:572)
at java.base/java.util.concurrent.FutureTask.run(FutureTask.java:317)
at org.testng.internal.thread.graph.TestNGFutureTask.run(TestNGFutureTask.java:22)
at java.base/java.util.concurrent.ThreadPoolExecutor.runWorker(ThreadPoolExecutor.java:1144)
at java.base/java.util.concurrent.ThreadPoolExecutor$Worker.run(ThreadPoolExecutor.java:642)
at java.base/java.lang.Thread.run(Thread.java:1575)
]]>
            </full-stacktrace>
          </exception> <!-- java.lang.ClassCastException -->
          <reporter-output>
          </reporter-output>
        </test-method> <!-- TC_WDG_015_Verify_slider_moves_when_user_enters_valid_value -->
        <test-method is-config="true" signature="quitDemoQA()[pri:0, instance:tests.WidgetsSlidersTest@4470f8a6]" started-at="2026-02-23T09:51:30 EET" name="quitDemoQA" finished-at="2026-02-23T09:51:30 EET" duration-ms="0" status="SKIP">
          <reporter-output>
          </reporter-output>
        </test-method> <!-- quitDemoQA -->
        <test-method signature="TC_WDG_017_Verify_slider_does_not_move_when_user_enters_negative_number()[pri:0, instance:tests.WidgetsSlidersTest@4470f8a6]" started-at="2026-02-23T09:51:35 EET" name="TC_WDG_017_Verify_slider_does_not_move_when_user_enters_negative_number" finished-at="2026-02-23T09:51:35 EET" duration-ms="1" status="SKIP">
          <exception class="java.lang.ClassCastException">
            <message>
[...]
at java.base/java.util.concurrent.ThreadPoolExecutor.runWorker(ThreadPoolExecutor.java:1144)
at java.base/java.util.concurrent.ThreadPoolExecutor$Worker.run(ThreadPoolExecutor.java:642)
at java.base/java.lang.Thread.run(Thread.java:1575)
]]>
            </full-stacktrace>
          </exception> <!-- org.openqa.selenium.NoSuchSessionException -->
          <reporter-output>
          </reporter-output>
        </test-method> <!-- verifyRightClickButton -->
        <test-method signature="verifyDoubleClickButton()[pri:0, instance:tests.ButtonsTest@17a7f733]" started-at="2026-02-23T09:49:27 EET" name="verifyDoubleClickButton" finished-at="2026-02-23T09:49:33 EET" duration-ms="6411" status="FAIL">
          <exception class="org.openqa.selenium.NoSuchSessionException">
            <message>
              <![CDATA[Session ID is null. Using WebDriver after calling quit()?
Build info: version: '4.18.1', revision: 'b1d3319b48'
System info: os.name: 'Windows 10', os.arch: 'amd64', os.version: '10.0', java.version: '23.0.1'
Driver info: org.openqa.selenium.chrome.ChromeDriver
Command: [null, findElement {value=doubleClickBtn, using=id}]
Capabilities {acceptInsecureCerts: false, browserName: chrome, browserVersion: 145.0.7632.77, chrome: {chromedriverVersion: 145.0.7632.77 (da516187054a..., userDataDir: C:\Users\Asus\AppData\Local...}, fedcm:accounts: true, goog:chromeOptions: {debuggerAddress: localhost:56349}, goog:processID: 36232, networkConnectionEnabled: false, pageLoadStrategy: normal, platformName: windows, proxy: Proxy(), se:cdp: ws://localhost:56349/devtoo..., se:cdpVersion: 145.0.7632.77, setWindowRect: true, strictFileInteractability: false, timeouts: {implicit: 0, pageLoad: 300000, script: 30000}, unhandledPromptBehavior: dismiss and notify, webauthn:extension:credBlob: true, webauthn:extension:largeBlob: true, webauthn:extension:minPinLength: true, webauthn:extension:prf: true, webauthn:virtualAuthenticators: true}]]>
            </message>
            <full-stacktrace>
              <![CDATA[org.openqa.selenium.NoSuchSessionException: Session ID is null. Using WebDriver after calling quit()?
Build info: version: '4.18.1', revision: 'b1d3319b48'
System info: os.name: 'Windows 10', os.arch: 'amd64', os.version: '10.0', java.version: '23.0.1'
Driver info: org.openqa.selenium.chrome.ChromeDriver
Command: [null, findElement {value=doubleClickBtn, using=id}]
Capabilities {acceptInsecureCerts: false, browserName: chrome, browserVersion: 145.0.7632.77, chrome: {chromedriverVersion: 145.0.7632.77 (da516187054a..., userDataDir: C:\Users\Asus\AppData\Local...}, fedcm:accounts: true, goog:chromeOptions: {debuggerAddress: localhost:56349}, goog:processID: 36232, networkConnectionEnabled: false, pageLoadStrategy: normal, platformName: windows, proxy: Proxy(), se:cdp: ws://localhost:56349/devtoo..., se:cdpVersion: 145.0.7632.77, setWindowRect: true, strictFileInteractability: false, timeouts: {implicit: 0, pageLoad: 300000, script: 30000}, unhandledPromptBehavior: dismiss and notify, webauthn:extension:credBlob: true, webauthn:extension:largeBlob: true, webauthn:extension:minPinLength: true, webauthn:extension:prf: true, webauthn:virtualAuthenticators: true}
at org.openqa.selenium.remote.HttpCommandExecutor.execute(HttpCommandExecutor.java:151)
at org.openqa.selenium.remote.service.DriverCommandExecutor.invokeExecute(DriverCommandExecutor.java:216)
at org.openqa.selenium.remote.service.DriverCommandExecutor.execute(DriverCommandExecutor.java:174)
at org.openqa.selenium.remote.RemoteWebDriver.execute(RemoteWebDriver.java:519)
at org.openqa.selenium.remote.ElementLocation$ElementFinder$2.findElement(ElementLocation.java:165)
at org.openqa.selenium.remote.ElementLocation.findElement(ElementLocation.java:59)
at org.openqa.selenium.remote.RemoteWebDriver.findElement(RemoteWebDriver.java:356)
at org.openqa.selenium.remote.RemoteWebDriver.findElement(RemoteWebDriver.java:350)
at org.openqa.selenium.support.ui.ExpectedConditions$7.apply(ExpectedConditions.java:194)
at org.openqa.selenium.support.ui.ExpectedConditions$7.apply(ExpectedConditions.java:190)
at org.openqa.selenium.support.ui.ExpectedConditions$22.apply(ExpectedConditions.java:627)
at org.openqa.selenium.support.ui.ExpectedConditions$22.apply(ExpectedConditions.java:624)
at org.openqa.selenium.support.ui.FluentWait.until(FluentWait.java:203)
at pages.ButtonsPage.doubleClickButton(ButtonsPage.java:60)
at tests.ButtonsTest.verifyDoubleClickButton(ButtonsTest.java:16)
at java.base/jdk.internal.reflect.DirectMethodHandleAccessor.invoke(DirectMethodHandleAccessor.java:103)
at java.base/java.lang.reflect.Method.invoke(Method.java:580)
at org.testng.internal.invokers.MethodInvocationHelper.invokeMethod(MethodInvocationHelper.java:139)
at org.testng.internal.invokers.TestInvoker.invokeMethod(TestInvoker.java:664)
at org.testng.internal.invokers.TestInvoker.invokeTestMethod(TestInvoker.java:228)
at org.testng.internal.invokers.MethodRunner.runInSequence(MethodRunner.java:63)
at org.testng.internal.invokers.TestInvoker$MethodInvocationAgent.invoke(TestInvoker.java:961)
at org.testng.internal.invokers.TestInvoker.invokeTestMethods(TestInvoker.java:201)
at org.testng.internal.invokers.TestMethodWorker.invokeTestMethods(TestMethodWorker.java:148)
at org.testng.internal.invokers.TestMethodWorker.run(TestMethodWorker.java:128)
at java.base/java.util.concurrent.Executors$RunnableAdapter.call(Executors.java:572)
at java.base/java.util.concurrent.FutureTask.run(FutureTask.java:317)
at org.testng.internal.thread.graph.TestNGFutureTask.run(TestNGFutureTask.java:22)
at java.base/java.util.concurrent.ThreadPoolExecutor.runWorker(ThreadPoolExecutor.java:1144)
at java.base/java.util.concurrent.ThreadPoolExecutor$Worker.run(ThreadPoolExecutor.java:642)
at java.base/java.lang.Thread.run(Thread.java:1575)
]]>
            </full-stacktrace>
          </exception> <!-- org.openqa.selenium.NoSuchSessionException -->
          <reporter-output>
          </reporter-output>
        </test-method> <!-- verifyDoubleClickButton -->
        <test-method signature="verifyDynamicClickButton()[pri:0, instance:tests.ButtonsTest@17a7f733]" started-at="2026-02-23T09:49:28 EET" name="verifyDynamicClickButton" finished-at="2026-02-23T09:49:30 EET" duration-ms="2364" status="PASS">
          <reporter-output>
          </reporter-output>
        </test-method> <!-- verifyDynamicClickButton -->
        <test-method is-config="true" signature="tearDown()[pri:0, instance:tests.ButtonsTest@17a7f733]" started-at="2026-02-23T09:49:30 EET" name="tearDown" finished-at="2026-02-23T09:49:30 EET" duration-ms="202" status="PASS">
          <reporter-output>
          </reporter-output>
        </test-method> <!-- tearDown -->
        <test-method is-config="true" signature="tearDown()[pri:0, instance:tests.ButtonsTest@17a7f733]" started-at="2026-02-23T09:49:33 EET" name="tearDown" finished-at="2026-02-23T09:49:33 EET" duration-ms="301" status="PASS">
          <reporter-output>
          </reporter-output>
        </test-method> <!-- tearDown -->
        <test-method is-config="true" signature="tearDown()[pri:0, instance:tests.ButtonsTest@17a7f733]" started-at="2026-02-23T09:49:33 EET" name="tearDown" finished-at="2026-02-23T09:49:33 EET" duration-ms="230" status="PASS">
          <reporter-output>
          </reporter-output>
        </test-method> <!-- tearDown -->
      </class> <!-- tests.ButtonsTest -->
      <class name="tests.SortableTest">
        <test-method is-config="true" signature="setup()[pri:0, instance:tests.SortableTest@32910148]" started-at="2026-02-23T09:50:20 EET" name="setup" finished-at="2026-02-23T09:50:22 EET" duration-ms="1650" status="PASS">
          <reporter-output>
          </reporter-output>
        </test-method> <!-- setup -->
        <test-method signature="testSortable()[pri:0, instance:tests.SortableTest@32910148]" started-at="2026-02-23T09:50:22 EET" name="testSortable" finished-at="2026-02-23T09:50:55 EET" duration-ms="32474" status="PASS">
          <reporter-output>
          </reporter-output>
        </test-method> <!-- testSortable -->
        <test-method is-config="true" signature="tearDown()[pri:0, instance:tests.SortableTest@32910148]" started-at="2026-02-23T09:50:55 EET" name="tearDown" finished-at="2026-02-23T09:50:55 EET" duration-ms="126" status="PASS">
          <reporter-output>
          </reporter-output>
        </test-method> <!-- tearDown -->
      </class> <!-- tests.SortableTest -->
      <class name="tests.CheckBoxTest">
        <test-method is-config="true" signature="setup()[pri:0, instance:tests.CheckBoxTest@68567e20]" started-at="2026-02-23T09:49:30 EET" name="setup" finished-at="2026-02-23T09:49:34 EET" duration-ms="3173" status="PASS">
          <reporter-output>
          </reporter-output>
        </test-method> <!-- setup -->
        <test-method signature="verifySelectHomeCheckbox()[pri:0, instance:tests.CheckBoxTest@68567e20]" started-at="2026-02-23T09:49:34 EET" name="verifySelectHomeCheckbox" finished-at="2026-02-23T09:49:52 EET" duration-ms="18641" status="PASS">
          <reporter-output>
          </reporter-output>
        </test-method> <!-- verifySelectHomeCheckbox -->
        <test-method is-config="true" signature="tearDown()[pri:0, instance:tests.CheckBoxTest@68567e20]" started-at="2026-02-23T09:49:52 EET" name="tearDown" finished-at="2026-02-23T09:49:52 EET" duration-ms="109" status="PASS">
          <reporter-output>
          </reporter-output>
        </test-method> <!-- tearDown -->
      </class> <!-- tests.CheckBoxTest -->
      <class name="tests.RadioButtonTest">
        <test-method is-config="true" signature="setup()[pri:0, instance:tests.RadioButtonTest@fa36558]" started-at="2026-02-23T09:50:14 EET" name="setup" finished-at="2026-02-23T09:50:16 EET" duration-ms="1810" status="PASS">
          <reporter-output>
          </reporter-output>
        </test-method> <!-- setup -->
        <test-method signature="verifyNoRadioButtonIsDisabled()[pri:0, instance:tests.RadioButtonTest@fa36558]" started-at="2026-02-23T09:50:16 EET" name="verifyNoRadioButtonIsDisabled" finished-at="2026-02-23T09:50:32 EET" duration-ms="16306" status="FAIL">
          <exception class="org.openqa.selenium.NoSuchElementException">
            <message>
              <![CDATA[no such element: Unable to locate element: {"method":"css selector","selector":"#noRadio"}
  (Session info: chrome=145.0.7632.77)
For documentation on this error, please visit: https://www.selenium.dev/documentation/webdriver/troubleshooting/errors#no-such-element-exception
Build info: version: '4.18.1', revision: 'b1d3319b48'
System info: os.name: 'Windows 10', os.arch: 'amd64', os.version: '10.0', java.version: '23.0.1'
Driver info: org.openqa.selenium.chrome.ChromeDriver
Command: [36a58f67eda71cc772a5ba135679f2b6, findElement {value=noRadio, using=id}]
Capabilities {acceptInsecureCerts: false, browserName: chrome, browserVersion: 145.0.7632.77, chrome: {chromedriverVersion: 145.0.7632.77 (da516187054a..., userDataDir: C:\Users\Asus\AppData\Local...}, fedcm:accounts: true, goog:chromeOptions: {debuggerAddress: localhost:57260}, goog:processID: 27244, networkConnectionEnabled: false, pageLoadStrategy: normal, platformName: windows, proxy: Proxy(), se:cdp: ws://localhost:57260/devtoo..., se:cdpVersion: 145.0.7632.77, setWindowRect: true, strictFileInteractability: false, timeouts: {implicit: 0, pageLoad: 300000, script: 30000}, unhandledPromptBehavior: dismiss and notify, webauthn:extension:credBlob: true, webauthn:extension:largeBlob: true, webauthn:extension:minPinLength: true, webauthn:extension:prf: true, webauthn:virtualAuthenticators: true}
Session ID: 36a58f67eda71cc772a5ba135679f2b6]]>
            </message>
            <full-stacktrace>
              <![CDATA[org.openqa.selenium.NoSuchElementException: no such element: Unable to locate element: {"method":"css selector","selector":"#noRadio"}
  (Session info: chrome=145.0.7632.77)
For documentation on this error, please visit: https://www.selenium.dev/documentation/webdriver/troubleshooting/errors#no-such-element-exception
Build info: version: '4.18.1', revision: 'b1d3319b48'
System info: os.name: 'Windows 10', os.arch: 'amd64', os.version: '10.0', java.version: '23.0.1'
Driver info: org.openqa.selenium.chrome.ChromeDriver
Command: [36a58f67eda71cc772a5ba135679f2b6, findElement {value=noRadio, using=id}]
Capabilities {acceptInsecureCerts: false, browserName: chrome, browserVersion: 145.0.7632.77, chrome: {chromedriverVersion: 145.0.7632.77 (da516187054a..., userDataDir: C:\Users\Asus\AppData\Local...}, fedcm:accounts: true, goog:chromeOptions: {debuggerAddress: localhost:57260}, goog:processID: 27244, networkConnectionEnabled: false, pageLoadStrategy: normal, platformName: windows, proxy: Proxy(), se:cdp: ws://localhost:57260/devtoo..., se:cdpVersion: 145.0.7632.77, setWindowRect: true, strictFileInteractability: false, timeouts: {implicit: 0, pageLoad: 300000, script: 30000}, unhandledPromptBehavior: dismiss and notify, webauthn:extension:credBlob: true, webauthn:extension:largeBlob: true, webauthn:extension:minPinLength: true, webauthn:extension:prf: true, webauthn:virtualAuthenticators: true}
Session ID: 36a58f67eda71cc772a5ba135679f2b6
at java.base/jdk.internal.reflect.DirectConstructorHandleAccessor.newInstance(DirectConstructorHandleAccessor.java:62)
at java.base/java.lang.reflect.Constructor.newInstanceWithCaller(Constructor.java:501)
at java.base/java.lang.reflect.Constructor.newInstance(Constructor.java:485)
at org.openqa.selenium.remote.ErrorCodec.decode(ErrorCodec.java:167)
at org.openqa.selenium.remote.codec.w3c.W3CHttpResponseCodec.decode(W3CHttpResponseCodec.java:138)
at org.openqa.selenium.remote.codec.w3c.W3CHttpResponseCodec.decode(W3CHttpResponseCodec.java:50)
at org.openqa.selenium.remote.HttpCommandExecutor.execute(HttpCommandExecutor.java:190)
at org.openqa.selenium.remote.service.DriverCommandExecutor.invokeExecute(DriverCommandExecutor.java:216)
at org.openqa.selenium.remote.service.DriverCommandExecutor.execute(DriverCommandExecutor.java:174)
at org.openqa.selenium.remote.RemoteWebDriver.execute(RemoteWebDriver.java:519)
at org.openqa.selenium.remote.ElementLocation$ElementFinder$2.findElement(ElementLocation.java:165)
at org.openqa.selenium.remote.ElementLocation.findElement(ElementLocation.java:66)
at org.openqa.selenium.remote.RemoteWebDriver.findElement(RemoteWebDriver.java:356)
at org.openqa.selenium.remote.RemoteWebDriver.findElement(RemoteWebDriver.java:350)
at pages.RadioButtonPage.isNoRadioDisabled(RadioButtonPage.java:75)
at tests.RadioButtonTest.verifyNoRadioButtonIsDisabled(RadioButtonTest.java:34)
at java.base/jdk.internal.reflect.DirectMethodHandleAccessor.invoke(DirectMethodHandleAccessor.java:103)
at java.base/java.lang.reflect.Method.invoke(Method.java:580)
at org.testng.internal.invokers.MethodInvocationHelper.invokeMethod(MethodInvocationHelper.java:139)
at org.testng.internal.invokers.TestInvoker.invokeMethod(TestInvoker.java:664)
at org.testng.internal.invokers.TestInvoker.invokeTestMethod(TestInvoker.java:228)
at org.testng.internal.invokers.MethodRunner.runInSequence(MethodRunner.java:63)
at org.testng.internal.invokers.TestInvoker$MethodInvocationAgent.invoke(TestInvoker.java:961)
at org.testng.internal.invokers.TestInvoker.invokeTestMethods(TestInvoker.java:201)
at org.testng.internal.invokers.TestMethodWorker.invokeTestMethods(TestMethodWorker.java:148)
at org.testng.internal.invokers.TestMethodWorker.run(TestMethodWorker.java:128)
at java.base/java.util.concurrent.Executors$RunnableAdapter.call(Executors.java:572)
at java.base/java.util.concurrent.FutureTask.run(FutureTask.java:317)
at org.testng.internal.thread.graph.TestNGFutureTask.run(TestNGFutureTask.java:22)
at java.base/java.util.concurrent.ThreadPoolExecutor.runWorker(ThreadPoolExecutor.java:1144)
at java.base/java.util.concurrent.ThreadPoolExecutor$Worker.run(ThreadPoolExecutor.java:642)
at java.base/java.lang.Thread.run(Thread.java:1575)
]]>
            </full-stacktrace>
          </exception> <!-- org.openqa.selenium.NoSuchElementException -->
          <reporter-output>
          </reporter-output>
        </test-method> <!-- verifyNoRadioButtonIsDisabled -->
        <test-method is-config="true" signature="setup()[pri:0, instance:tests.RadioButtonTest@fa36558]" started-at="2026-02-23T09:50:17 EET" name="setup" finished-at="2026-02-23T09:50:19 EET" duration-ms="2181" status="PASS">
          <reporter-output>
          </reporter-output>
        </test-method> <!-- setup -->
        <test-method signature="verifySelectingYesRadioButton()[pri:0, instance:tests.RadioButtonTest@fa36558]" started-at="2026-02-23T09:50:19 EET" name="verifySelectingYesRadioButton" finished-at="2026-02-23T09:50:33 EET" duration-ms="14521" status="PASS">
          <reporter-output>
          </reporter-output>
        </test-method> <!-- verifySelectingYesRadioButton -->
        <test-method is-config="true" signature="tearDown()[pri:0, instance:tests.RadioButtonTest@fa36558]" started-at="2026-02-23T09:50:32 EET" name="tearDown" finished-at="2026-02-23T09:50:33 EET" duration-ms="819" status="PASS">
          <reporter-output>
          </reporter-output>
        </test-method> <!-- tearDown -->
        <test-method is-config="true" signature="tearDown()[pri:0, instance:tests.RadioButtonTest@fa36558]" started-at="2026-02-23T09:50:33 EET" name="tearDown" finished-at="2026-02-23T09:50:36 EET" duration-ms="2329" status="PASS">
          <reporter-output>
          </reporter-output>
        </test-method> <!-- tearDown -->
      </class> <!-- tests.RadioButtonTest -->
      <class name="tests.SelectableTest">
        <test-method is-config="true" signature="setup()[pri:0, instance:tests.SelectableTest@672872e1]" started-at="2026-02-23T09:50:17 EET" name="setup" finished-at="2026-02-23T09:50:22 EET" duration-ms="4993" status="PASS">
          <reporter-output>
          </reporter-output>
        </test-method> <!-- setup -->
        <test-method signature="testSelectable()[pri:0, instance:tests.SelectableTest@672872e1]" started-at="2026-02-23T09:50:22 EET" name="testSelectable" finished-at="2026-02-23T09:50:53 EET" duration-ms="31472" status="PASS">
          <reporter-output>
          </reporter-output>
        </test-method> <!-- testSelectable -->
        <test-method is-config="true" signature="tearDown()[pri:0, instance:tests.SelectableTest@672872e1]" started-at="2026-02-23T09:50:53 EET" name="tearDown" finished-at="2026-02-23T09:50:53 EET" duration-ms="127" status="PASS">
          <reporter-output>
          </reporter-output>
        </test-method> <!-- tearDown -->
      </class> <!-- tests.SelectableTest -->
      <class name="tests.ModalDialogsTest">
        <test-method is-config="true" signature="setup()[pri:0, instance:tests.ModalDialogsTest@394a2528]" started-at="2026-02-23T09:49:56 EET" name="setup" finished-at="2026-02-23T09:50:05 EET" duration-ms="9367" status="PASS">
          <reporter-output>
          </reporter-output>
        </test-method> <!-- setup -->
        <test-method signature="testModalDialogs()[pri:0, instance:tests.ModalDialogsTest@394a2528]" started-at="2026-02-23T09:50:05 EET" name="testModalDialogs" finished-at="2026-02-23T09:50:22 EET" duration-ms="16706" status="PASS">
          <reporter-output>
          </reporter-output>
        </test-method> <!-- testModalDialogs -->
        <test-method is-config="true" signature="tearDown()[pri:0, instance:tests.ModalDialogsTest@394a2528]" started-at="2026-02-23T09:50:22 EET" name="tearDown" finished-at="2026-02-23T09:50:22 EET" duration-ms="293" status="PASS">
          <reporter-output>
          </reporter-output>
        </test-method> <!-- tearDown -->
      </class> <!-- tests.ModalDialogsTest -->
    </test> <!-- All DemoQA Tests -->
  </suite> <!-- DemoQA Suite -->
</testng-results>
