<?xml version="1.0" encoding="UTF-8"?>
<!-- Generated by org.testng.reporters.JUnitReportReporter -->
<testsuite hostname="DESKTOP-H18LJUU" failures="0" tests="2" name="tests.RadioButtonTest" time="9.295" errors="0" timestamp="2026-02-20T00:38:21 EET" skipped="0">
  <testcase classname="tests.RadioButtonTest" name="verifyNoRadioButtonIsDisabled" time="4.413"/>
  <testcase classname="tests.RadioButtonTest" name="verifySelectingYesRadioButton" time="4.882"/>
</testsuite> <!-- tests.RadioButtonTest -->
