<?xml version="1.0" encoding="UTF-8"?>
<!-- Generated by org.testng.reporters.JUnitReportReporter -->
<testsuite hostname="DESKTOP-H18LJUU" failures="0" tests="4" name="tests.WidgetsMenuTest" time="12.928" errors="2" timestamp="2026-02-23T09:51:53 EET" skipped="2">
  <testcase classname="tests.WidgetsMenuTest" name="setup" time="7.084">
    <error message="class java.lang.ThreadLocal cannot be cast to class org.openqa.selenium.JavascriptExecutor (java.lang.ThreadLocal is in module java.base of loader &#039;bootstrap&#039;; org.openqa.selenium.JavascriptExecutor is in unnamed module of loader &#039;app&#039;)" type="java.lang.ClassCastException">
      <![CDATA[java.lang.ClassCastException: class java.lang.ThreadLocal cannot be cast to class org.openqa.selenium.JavascriptExecutor (java.lang.ThreadLocal is in module java.base of loader 'bootstrap'; org.openqa.selenium.JavascriptExecutor is in unnamed module of loader 'app')
at base.BaseSetup.NavigateWidgets(BaseSetup.java:29)
at pages.WidgetsMenu.openMenuPage(WidgetsMenu.java:15)
at tests.WidgetsMenuTest.setup(WidgetsMenuTest.java:12)
at java.base/jdk.internal.reflect.DirectMethodHandleAccessor.invoke(DirectMethodHandleAccessor.java:103)
at java.base/java.lang.reflect.Method.invoke(Method.java:580)
at org.testng.internal.invokers.MethodInvocationHelper.invokeMethod(MethodInvocationHelper.java:139)
at org.testng.internal.invokers.MethodInvocationHelper.invokeMethodConsideringTimeout(MethodInvocationHelper.java:69)
at org.testng.internal.invokers.ConfigInvoker.invokeConfigurationMethod(ConfigInvoker.java:393)
at org.testng.internal.invokers.ConfigInvoker.invokeConfigurations(ConfigInvoker.java:326)
at org.testng.internal.invokers.TestInvoker.runConfigMethods(TestInvoker.java:810)
at org.testng.internal.invokers.TestInvoker.invokeMethod(TestInvoker.java:578)
at org.testng.internal.invokers.TestInvoker.invokeTestMethod(TestInvoker.java:228)
at org.testng.internal.invokers.MethodRunner.runInSequence(MethodRunner.java:63)
at org.testng.internal.invokers.TestInvoker$MethodInvocationAgent.invoke(TestInvoker.java:961)
at org.testng.internal.invokers.TestInvoker.invokeTestMethods(TestInvoker.java:201)
at org.testng.internal.invokers.TestMethodWorker.invokeTestMethods(TestMethodWorker.java:148)
at org.testng.internal.invokers.TestMethodWorker.run(TestMethodWorker.java:128)
at java.base/java.util.concurrent.Executors$RunnableAdapter.call(Executors.java:572)
at java.base/java.util.concurrent.FutureTask.run(FutureTask.java:317)
at org.testng.internal.thread.graph.TestNGFutureTask.run(TestNGFutureTask.java:22)
at java.base/java.util.concurrent.ThreadPoolExecutor.runWorker(ThreadPoolExecutor.java:1144)
at java.base/java.util.concurrent.ThreadPoolExecutor$Worker.run(ThreadPoolExecutor.java:642)
at java.base/java.lang.Thread.run(Thread.java:1575)
]]>
    </error>
  </testcase> <!-- setup -->
  <testcase classname="tests.WidgetsMenuTest" name="setup" time="5.844">
    <error message="class java.lang.ThreadLocal cannot be cast to class org.openqa.selenium.JavascriptExecutor (java.lang.ThreadLocal is in module java.base of loader &#039;bootstrap&#039;; org.openqa.selenium.JavascriptExecutor is in unnamed module of loader &#039;app&#039;)" type="java.lang.ClassCastException">
      <![CDATA[java.lang.ClassCastException: class java.lang.ThreadLocal cannot be cast to class org.openqa.selenium.JavascriptExecutor (java.lang.ThreadLocal is in module java.base of loader 'bootstrap'; org.openqa.selenium.JavascriptExecutor is in unnamed module of loader 'app')
at base.BaseSetup.NavigateWidgets(BaseSetup.java:29)
at pages.WidgetsMenu.openMenuPage(WidgetsMenu.java:15)
at tests.WidgetsMenuTest.setup(WidgetsMenuTest.java:12)
at java.base/jdk.internal.reflect.DirectMethodHandleAccessor.invoke(DirectMethodHandleAccessor.java:103)
at java.base/java.lang.reflect.Method.invoke(Method.java:580)
at org.testng.internal.invokers.MethodInvocationHelper.invokeMethod(MethodInvocationHelper.java:139)
at org.testng.internal.invokers.MethodInvocationHelper.invokeMethodConsideringTimeout(MethodInvocationHelper.java:69)
at org.testng.internal.invokers.ConfigInvoker.invokeConfigurationMethod(ConfigInvoker.java:393)
at org.testng.internal.invokers.ConfigInvoker.invokeConfigurations(ConfigInvoker.java:326)
at org.testng.internal.invokers.TestInvoker.runConfigMethods(TestInvoker.java:810)
at org.testng.internal.invokers.TestInvoker.invokeMethod(TestInvoker.java:578)
at org.testng.internal.invokers.TestInvoker.invokeTestMethod(TestInvoker.java:228)
at org.testng.internal.invokers.MethodRunner.runInSequence(MethodRunner.java:63)
at org.testng.internal.invokers.TestInvoker$MethodInvocationAgent.invoke(TestInvoker.java:961)
at org.testng.internal.invokers.TestInvoker.invokeTestMethods(TestInvoker.java:201)
at org.testng.internal.invokers.TestMethodWorker.invokeTestMethods(TestMethodWorker.java:148)
at org.testng.internal.invokers.TestMethodWorker.run(TestMethodWorker.java:128)
at java.base/java.util.concurrent.Executors$RunnableAdapter.call(Executors.java:572)
at java.base/java.util.concurrent.FutureTask.run(FutureTask.java:317)
at org.testng.internal.thread.graph.TestNGFutureTask.run(TestNGFutureTask.java:22)
at java.base/java.util.concurrent.ThreadPoolExecutor.runWorker(ThreadPoolExecutor.java:1144)
at java.base/java.util.concurrent.ThreadPoolExecutor$Worker.run(ThreadPoolExecutor.java:642)
at java.base/java.lang.Thread.run(Thread.java:1575)
]]>
    </error>
  </testcase> <!-- setup -->
  <testcase classname="tests.WidgetsMenuTest" name="TC_WDG_027_Verify_user_can_open_sub_submenu" time="0.000">
    <skipped/>
  </testcase> <!-- TC_WDG_027_Verify_user_can_open_sub_submenu -->
  <testcase classname="tests.WidgetsMenuTest" name="TC_WDG_026_Verify_submenu_appears_when_hovering_over_main_menu_item_2" time="0.000">
    <skipped/>
  </testcase> <!-- TC_WDG_026_Verify_submenu_appears_when_hovering_over_main_menu_item_2 -->
</testsuite> <!-- tests.WidgetsMenuTest -->
