<?xml version="1.0" encoding="UTF-8"?>
<!-- Generated by org.testng.reporters.JUnitReportReporter -->
<testsuite hostname="DESKTOP-H18LJUU" failures="0" tests="21" name="tests.PracticeFormTest" time="10.037" errors="3" timestamp="2026-02-23T09:51:53 EET" skipped="18">
  <testcase classname="tests.PracticeFormTest" name="setup" time="3.496">
    <error message="class java.lang.ThreadLocal cannot be cast to class org.openqa.selenium.JavascriptExecutor (java.lang.ThreadLocal is in module java.base of loader &#039;bootstrap&#039;; org.openqa.selenium.JavascriptExecutor is in unnamed module of loader &#039;app&#039;)" type="java.lang.ClassCastException">
      <![CDATA[java.lang.ClassCastException: class java.lang.ThreadLocal cannot be cast to class org.openqa.selenium.JavascriptExecutor (java.lang.ThreadLocal is in module java.base of loader 'bootstrap'; org.openqa.selenium.JavascriptExecutor is in unnamed module of loader 'app')
at base.BaseSetup.NavigateForms(BaseSetup.java:25)
at pages.PracticeForm.openPracticeForm(PracticeForm.java:13)
at tests.PracticeFormTest.setup(PracticeFormTest.java:12)
at java.base/jdk.internal.reflect.DirectMethodHandleAccessor.invoke(DirectMethodHandleAccessor.java:103)
at java.base/java.lang.reflect.Method.invoke(Method.java:580)
at org.testng.internal.invokers.MethodInvocationHelper.invokeMethod(MethodInvocationHelper.java:139)
at org.testng.internal.invokers.MethodInvocationHelper.invokeMethodConsideringTimeout(MethodInvocationHelper.java:69)
at org.testng.internal.invokers.ConfigInvoker.invokeConfigurationMethod(ConfigInvoker.java:393)
at org.testng.internal.invokers.ConfigInvoker.invokeConfigurations(ConfigInvoker.java:326)
at org.testng.internal.invokers.TestInvoker.runConfigMethods(TestInvoker.java:810)
at org.testng.internal.invokers.TestInvoker.invokeMethod(TestInvoker.java:578)
at org.testng.internal.invokers.TestInvoker.invokeTestMethod(TestInvoker.java:228)
at org.testng.internal.invokers.MethodRunner.runInSequence(MethodRunner.java:63)
at org.testng.internal.invokers.TestInvoker$MethodInvocationAgent.invoke(TestInvoker.java:961)
at org.testng.internal.invokers.TestInvoker.invokeTestMethods(TestInvoker.java:201)
at org.testng.internal.invokers.TestMethodWorker.invokeTestMethods(TestMethodWorker.java:148)
at org.testng.internal.invokers.TestMethodWorker.run(TestMethodWorker.java:128)
at java.base/java.util.concurrent.Executors$RunnableAdapter.call(Executors.java:572)
at java.base/java.util.concurrent.FutureTask.run(FutureTask.java:317)
at org.testng.internal.thread.graph.TestNGFutureTask.run(TestNGFutureTask.java:22)
at java.base/java.util.concurrent.ThreadPoolExecutor.runWorker(ThreadPoolExecutor.java:1144)
at java.base/java.util.concurrent.ThreadPoolExecutor$Worker.run(ThreadPoolExecutor.java:642)
at java.base/java.lang.Thread.run(Thread.java:1575)
]]>
    </error>
  </testcase> <!-- setup -->
  <testcase classname="tests.PracticeFormTest" name="TC_PF_008_Verify_that_user_can_use_Letters_symbols_and_numbers_in_the_First_Name_field" time="0.000">
    <skipped/>
  </testcase> <!-- TC_PF_008_Verify_that_user_can_use_Letters_symbols_and_numbers_in_the_First_Name_field -->
  <testcase classname="tests.PracticeFormTest" name="TC_PF_005_Verify_that_user_Can_not_submit_form_if_user_keep_Last_Name_empty_but_fiiling_other_mandatory_fields" time="0.000">
    <skipped/>
  </testcase> <!-- TC_PF_005_Verify_that_user_Can_not_submit_form_if_user_keep_Last_Name_empty_but_fiiling_other_mandatory_fields -->
  <testcase classname="tests.PracticeFormTest" name="TC_PF_012_Verify_that_user_cannot_use_letters_or_special_characters_in_Mobile_field" time="0.001">
    <skipped/>
  </testcase> <!-- TC_PF_012_Verify_that_user_cannot_use_letters_or_special_characters_in_Mobile_field -->
  <testcase classname="tests.PracticeFormTest" name="TC_PF_003_Verify_that_user_can_not_submit_form_when_keeping_all_fields_empty" time="0.000">
    <skipped/>
  </testcase> <!-- TC_PF_003_Verify_that_user_can_not_submit_form_when_keeping_all_fields_empty -->
  <testcase classname="tests.PracticeFormTest" name="setup" time="3.276">
    <error message="class java.lang.ThreadLocal cannot be cast to class org.openqa.selenium.JavascriptExecutor (java.lang.ThreadLocal is in module java.base of loader &#039;bootstrap&#039;; org.openqa.selenium.JavascriptExecutor is in unnamed module of loader &#039;app&#039;)" type="java.lang.ClassCastException">
      <![CDATA[java.lang.ClassCastException: class java.lang.ThreadLocal cannot be cast to class org.openqa.selenium.JavascriptExecutor (java.lang.ThreadLocal is in module java.base of loader 'bootstrap'; org.openqa.selenium.JavascriptExecutor is in unnamed module of loader 'app')
at base.BaseSetup.NavigateForms(BaseSetup.java:25)
at pages.PracticeForm.openPracticeForm(PracticeForm.java:13)
at tests.PracticeFormTest.setup(PracticeFormTest.java:12)
at java.base/jdk.internal.reflect.DirectMethodHandleAccessor.invoke(DirectMethodHandleAccessor.java:103)
at java.base/java.lang.reflect.Method.invoke(Method.java:580)
at org.testng.internal.invokers.MethodInvocationHelper.invokeMethod(MethodInvocationHelper.java:139)
at org.testng.internal.invokers.MethodInvocationHelper.invokeMethodConsideringTimeout(MethodInvocationHelper.java:69)
at org.testng.internal.invokers.ConfigInvoker.invokeConfigurationMethod(ConfigInvoker.java:393)
at org.testng.internal.invokers.ConfigInvoker.invokeConfigurations(ConfigInvoker.java:326)
at org.testng.internal.invokers.TestInvoker.runConfigMethods(TestInvoker.java:810)
at org.testng.internal.invokers.TestInvoker.invokeMethod(TestInvoker.java:578)
at org.testng.internal.invokers.TestInvoker.invokeTestMethod(TestInvoker.java:228)
at org.testng.internal.invokers.MethodRunner.runInSequence(MethodRunner.java:63)
at org.testng.internal.invokers.TestInvoker$MethodInvocationAgent.invoke(TestInvoker.java:961)
at org.testng.internal.invokers.TestInvoker.invokeTestMethods(TestInvoker.java:201)
at org.testng.internal.invokers.TestMethodWorker.invokeTestMethods(TestMethodWorker.java:148)
at org.testng.internal.invokers.TestMethodWorker.run(TestMethodWorker.java:128)
at java.base/java.util.concurrent.Executors$RunnableAdapter.call(Executors.java:572)
at java.base/java.util.concurrent.FutureTask.run(FutureTask.java:317)
at org.testng.internal.thread.graph.TestNGFutureTask.run(TestNGFutureTask.java:22)
at java.base/java.util.concurrent.ThreadPoolExecutor.runWorker(ThreadPoolExecutor.java:1144)
at java.base/java.util.concurrent.ThreadPoolExecutor$Worker.run(ThreadPoolExecutor.java:642)
at java.base/java.lang.Thread.run(Thread.java:1575)
]]>
    </error>
  </testcase> <!-- setup -->
  <testcase classname="tests.PracticeFormTest" name="TC_PF_002_Verify_that_user_can_submit_form_by_filling_Mandatory_fileds_only" time="0.000">
    <skipped/>
  </testcase> <!-- TC_PF_002_Verify_that_user_can_submit_form_by_filling_Mandatory_fileds_only -->
  <testcase classname="tests.PracticeFormTest" name="TC_PF_010_Verify_that_user_can_not_submit_form_using_invalid_email_format_in_Email_Field" time="0.000">
    <skipped/>
  </testcase> <!-- TC_PF_010_Verify_that_user_can_not_submit_form_using_invalid_email_format_in_Email_Field -->
  <testcase classname="tests.PracticeFormTest" name="TC_PF_011_Verify_that_user_can_only_choose_one_gender" time="0.000">
    <skipped/>
  </testcase> <!-- TC_PF_011_Verify_that_user_can_only_choose_one_gender -->
  <testcase classname="tests.PracticeFormTest" name="TC_PF_004_Verify_that_user_Can_not_submit_form_if_user_keep_First_Name_empty_but_fiiling_other_mandatory_fields" time="0.000">
    <skipped/>
  </testcase> <!-- TC_PF_004_Verify_that_user_Can_not_submit_form_if_user_keep_First_Name_empty_but_fiiling_other_mandatory_fields -->
  <testcase classname="tests.PracticeFormTest" name="TC_PF_013_Verify_that_user_can_not_use_less_than_10_Digits_in_Mobile_Field" time="0.000">
    <skipped/>
  </testcase> <!-- TC_PF_013_Verify_that_user_can_not_use_less_than_10_Digits_in_Mobile_Field -->
  <testcase classname="tests.PracticeFormTest" name="TC_PF_007_Verify_that_user_Can_not_submit_form_if_user_keep_Gender_empty_but_fiiling_other_mandatory_fields" time="0.000">
    <skipped/>
  </testcase> <!-- TC_PF_007_Verify_that_user_Can_not_submit_form_if_user_keep_Gender_empty_but_fiiling_other_mandatory_fields -->
  <testcase classname="tests.PracticeFormTest" name="TC_PF_006_Verify_that_user_Can_not_submit_form_if_user_keep_Mobile_empty_but_fiiling_other_mandatory_fields" time="0.000">
    <skipped/>
  </testcase> <!-- TC_PF_006_Verify_that_user_Can_not_submit_form_if_user_keep_Mobile_empty_but_fiiling_other_mandatory_fields -->
  <testcase classname="tests.PracticeFormTest" name="TC_PF_017_Verify_that_user_can_choose_state_from_the_dropdown_list" time="0.001">
    <skipped/>
  </testcase> <!-- TC_PF_017_Verify_that_user_can_choose_state_from_the_dropdown_list -->
  <testcase classname="tests.PracticeFormTest" name="TC_PF_014_Verify_that_user_can_not_use_more_than_10_Digits_in_Mobile_Field" time="0.000">
    <skipped/>
  </testcase> <!-- TC_PF_014_Verify_that_user_can_not_use_more_than_10_Digits_in_Mobile_Field -->
  <testcase classname="tests.PracticeFormTest" name="TC_PF_001_Verify_user_can_submit_form_by_filling_all_fields" time="0.000">
    <skipped/>
  </testcase> <!-- TC_PF_001_Verify_user_can_submit_form_by_filling_all_fields -->
  <testcase classname="tests.PracticeFormTest" name="TC_PF_018_Verify_that_user_can_choose_city_from_the_dropdown_list" time="0.000">
    <skipped/>
  </testcase> <!-- TC_PF_018_Verify_that_user_can_choose_city_from_the_dropdown_list -->
  <testcase classname="tests.PracticeFormTest" name="TC_PF_015_Verify_that_user_can_not_use_future_date_in_Date_of_Birth_Field" time="0.000">
    <skipped/>
  </testcase> <!-- TC_PF_015_Verify_that_user_can_not_use_future_date_in_Date_of_Birth_Field -->
  <testcase classname="tests.PracticeFormTest" name="setup" time="3.263">
    <error message="class java.lang.ThreadLocal cannot be cast to class org.openqa.selenium.JavascriptExecutor (java.lang.ThreadLocal is in module java.base of loader &#039;bootstrap&#039;; org.openqa.selenium.JavascriptExecutor is in unnamed module of loader &#039;app&#039;)" type="java.lang.ClassCastException">
      <![CDATA[java.lang.ClassCastException: class java.lang.ThreadLocal cannot be cast to class org.openqa.selenium.JavascriptExecutor (java.lang.ThreadLocal is in module java.base of loader 'bootstrap'; org.openqa.selenium.JavascriptExecutor is in unnamed module of loader 'app')
at base.BaseSetup.NavigateForms(BaseSetup.java:25)
at pages.PracticeForm.openPracticeForm(PracticeForm.java:13)
at tests.PracticeFormTest.setup(PracticeFormTest.java:12)
at java.base/jdk.internal.reflect.DirectMethodHandleAccessor.invoke(DirectMethodHandleAccessor.java:103)
at java.base/java.lang.reflect.Method.invoke(Method.java:580)
at org.testng.internal.invokers.MethodInvocationHelper.invokeMethod(MethodInvocationHelper.java:139)
at org.testng.internal.invokers.MethodInvocationHelper.invokeMethodConsideringTimeout(MethodInvocationHelper.java:69)
at org.testng.internal.invokers.ConfigInvoker.invokeConfigurationMethod(ConfigInvoker.java:393)
at org.testng.internal.invokers.ConfigInvoker.invokeConfigurations(ConfigInvoker.java:326)
at org.testng.internal.invokers.TestInvoker.runConfigMethods(TestInvoker.java:810)
at org.testng.internal.invokers.TestInvoker.invokeMethod(TestInvoker.java:578)
at org.testng.internal.invokers.TestInvoker.invokeTestMethod(TestInvoker.java:228)
at org.testng.internal.invokers.MethodRunner.runInSequence(MethodRunner.java:63)
at org.testng.internal.invokers.TestInvoker$MethodInvocationAgent.invoke(TestInvoker.java:961)
at org.testng.internal.invokers.TestInvoker.invokeTestMethods(TestInvoker.java:201)
at org.testng.internal.invokers.TestMethodWorker.invokeTestMethods(TestMethodWorker.java:148)
at org.testng.internal.invokers.TestMethodWorker.run(TestMethodWorker.java:128)
at java.base/java.util.concurrent.Executors$RunnableAdapter.call(Executors.java:572)
at java.base/java.util.concurrent.FutureTask.run(FutureTask.java:317)
at org.testng.internal.thread.graph.TestNGFutureTask.run(TestNGFutureTask.java:22)
at java.base/java.util.concurrent.ThreadPoolExecutor.runWorker(ThreadPoolExecutor.java:1144)
at java.base/java.util.concurrent.ThreadPoolExecutor$Worker.run(ThreadPoolExecutor.java:642)
at java.base/java.lang.Thread.run(Thread.java:1575)
]]>
    </error>
  </testcase> <!-- setup -->
  <testcase classname="tests.PracticeFormTest" name="TC_PF_009_Verify_that_user_can_use_Letters_symbols_and_numbers_in_the_Last_Name_field" time="0.000">
    <skipped/>
  </testcase> <!-- TC_PF_009_Verify_that_user_can_use_Letters_symbols_and_numbers_in_the_Last_Name_field -->
  <testcase classname="tests.PracticeFormTest" name="TC_PF_016_Verify_that_user_can_choose_more_than_one_hobby" time="0.000">
    <skipped/>
  </testcase> <!-- TC_PF_016_Verify_that_user_can_choose_more_than_one_hobby -->
</testsuite> <!-- tests.PracticeFormTest -->
